// originator memento caretaker 
DP ajp_code.builder.MeetingBuilder ajp_code.builder.MeetingBuilder ajp_code.builder.RunPattern
DP ajp_code.builder.MeetingBuilder ajp_code.builder.AppointmentBuilder ajp_code.builder.RunPattern
DP ajp_code.builder.MeetingBuilder ajp_code.builder.Appointment ajp_code.builder.RunPattern
DP ajp_code.builder.MeetingBuilder ajp_code.builder.LocationImpl ajp_code.builder.RunPattern
DP ajp_code.builder.MeetingBuilder ajp_code.builder.ContactImpl ajp_code.builder.RunPattern
DP ajp_code.builder.MeetingBuilder ajp_code.builder.Scheduler ajp_code.builder.RunPattern
DP ajp_code.builder.MeetingBuilder ajp_code.builder.InformationRequiredException ajp_code.builder.RunPattern
DP ajp_code.builder.AppointmentBuilder ajp_code.builder.MeetingBuilder ajp_code.builder.RunPattern
DP ajp_code.builder.AppointmentBuilder ajp_code.builder.AppointmentBuilder ajp_code.builder.MeetingBuilder
DP ajp_code.builder.AppointmentBuilder ajp_code.builder.AppointmentBuilder ajp_code.builder.RunPattern
DP ajp_code.builder.AppointmentBuilder ajp_code.builder.AppointmentBuilder ajp_code.builder.Scheduler
DP ajp_code.builder.AppointmentBuilder ajp_code.builder.Appointment ajp_code.builder.MeetingBuilder
DP ajp_code.builder.AppointmentBuilder ajp_code.builder.Appointment ajp_code.builder.RunPattern
DP ajp_code.builder.AppointmentBuilder ajp_code.builder.Location ajp_code.builder.Scheduler
DP ajp_code.builder.AppointmentBuilder ajp_code.builder.LocationImpl ajp_code.builder.RunPattern
DP ajp_code.builder.AppointmentBuilder ajp_code.builder.ContactImpl ajp_code.builder.RunPattern
DP ajp_code.builder.AppointmentBuilder ajp_code.builder.Scheduler ajp_code.builder.RunPattern
DP ajp_code.builder.AppointmentBuilder ajp_code.builder.InformationRequiredException ajp_code.builder.MeetingBuilder
DP ajp_code.builder.AppointmentBuilder ajp_code.builder.InformationRequiredException ajp_code.builder.RunPattern
DP ajp_code.builder.Appointment ajp_code.builder.MeetingBuilder ajp_code.builder.RunPattern
DP ajp_code.builder.Appointment ajp_code.builder.AppointmentBuilder ajp_code.builder.MeetingBuilder
DP ajp_code.builder.Appointment ajp_code.builder.AppointmentBuilder ajp_code.builder.RunPattern
DP ajp_code.builder.Appointment ajp_code.builder.Appointment ajp_code.builder.MeetingBuilder
DP ajp_code.builder.Appointment ajp_code.builder.Appointment ajp_code.builder.AppointmentBuilder
DP ajp_code.builder.Appointment ajp_code.builder.Appointment ajp_code.builder.RunPattern
DP ajp_code.builder.Appointment ajp_code.builder.Location ajp_code.builder.AppointmentBuilder
DP ajp_code.builder.Appointment ajp_code.builder.LocationImpl ajp_code.builder.RunPattern
DP ajp_code.builder.Appointment ajp_code.builder.ContactImpl ajp_code.builder.RunPattern
DP ajp_code.builder.Appointment ajp_code.builder.Scheduler ajp_code.builder.RunPattern
DP ajp_code.builder.Appointment ajp_code.builder.InformationRequiredException ajp_code.builder.MeetingBuilder
DP ajp_code.builder.Appointment ajp_code.builder.InformationRequiredException ajp_code.builder.AppointmentBuilder
DP ajp_code.builder.Appointment ajp_code.builder.InformationRequiredException ajp_code.builder.RunPattern
DP ajp_code.builder.Location ajp_code.builder.AppointmentBuilder ajp_code.builder.Scheduler
DP ajp_code.builder.Location ajp_code.builder.Appointment ajp_code.builder.AppointmentBuilder
DP ajp_code.builder.Location ajp_code.builder.Location ajp_code.builder.AppointmentBuilder
DP ajp_code.builder.Location ajp_code.builder.Location ajp_code.builder.Appointment
DP ajp_code.builder.Location ajp_code.builder.Location ajp_code.builder.Scheduler
DP ajp_code.builder.Location ajp_code.builder.Contact ajp_code.builder.Appointment
DP ajp_code.builder.Location ajp_code.builder.InformationRequiredException ajp_code.builder.AppointmentBuilder
DP ajp_code.builder.LocationImpl ajp_code.builder.MeetingBuilder ajp_code.builder.RunPattern
DP ajp_code.builder.LocationImpl ajp_code.builder.AppointmentBuilder ajp_code.builder.RunPattern
DP ajp_code.builder.LocationImpl ajp_code.builder.Appointment ajp_code.builder.RunPattern
DP ajp_code.builder.LocationImpl ajp_code.builder.LocationImpl ajp_code.builder.RunPattern
DP ajp_code.builder.LocationImpl ajp_code.builder.ContactImpl ajp_code.builder.RunPattern
DP ajp_code.builder.LocationImpl ajp_code.builder.Scheduler ajp_code.builder.RunPattern
DP ajp_code.builder.LocationImpl ajp_code.builder.InformationRequiredException ajp_code.builder.RunPattern
DP ajp_code.builder.Contact ajp_code.builder.Location ajp_code.builder.Appointment
DP ajp_code.builder.Contact ajp_code.builder.Contact ajp_code.builder.Appointment
DP ajp_code.builder.ContactImpl ajp_code.builder.MeetingBuilder ajp_code.builder.RunPattern
DP ajp_code.builder.ContactImpl ajp_code.builder.AppointmentBuilder ajp_code.builder.RunPattern
DP ajp_code.builder.ContactImpl ajp_code.builder.Appointment ajp_code.builder.RunPattern
DP ajp_code.builder.ContactImpl ajp_code.builder.LocationImpl ajp_code.builder.RunPattern
DP ajp_code.builder.ContactImpl ajp_code.builder.ContactImpl ajp_code.builder.RunPattern
DP ajp_code.builder.ContactImpl ajp_code.builder.Scheduler ajp_code.builder.RunPattern
DP ajp_code.builder.ContactImpl ajp_code.builder.InformationRequiredException ajp_code.builder.RunPattern
DP ajp_code.builder.Scheduler ajp_code.builder.MeetingBuilder ajp_code.builder.RunPattern
DP ajp_code.builder.Scheduler ajp_code.builder.AppointmentBuilder ajp_code.builder.RunPattern
DP ajp_code.builder.Scheduler ajp_code.builder.Appointment ajp_code.builder.RunPattern
DP ajp_code.builder.Scheduler ajp_code.builder.LocationImpl ajp_code.builder.RunPattern
DP ajp_code.builder.Scheduler ajp_code.builder.ContactImpl ajp_code.builder.RunPattern
DP ajp_code.builder.Scheduler ajp_code.builder.Scheduler ajp_code.builder.RunPattern
DP ajp_code.builder.Scheduler ajp_code.builder.InformationRequiredException ajp_code.builder.RunPattern
DP ajp_code.builder.InformationRequiredException ajp_code.builder.MeetingBuilder ajp_code.builder.RunPattern
DP ajp_code.builder.InformationRequiredException ajp_code.builder.AppointmentBuilder ajp_code.builder.MeetingBuilder
DP ajp_code.builder.InformationRequiredException ajp_code.builder.AppointmentBuilder ajp_code.builder.RunPattern
DP ajp_code.builder.InformationRequiredException ajp_code.builder.Appointment ajp_code.builder.MeetingBuilder
DP ajp_code.builder.InformationRequiredException ajp_code.builder.Appointment ajp_code.builder.AppointmentBuilder
DP ajp_code.builder.InformationRequiredException ajp_code.builder.Appointment ajp_code.builder.RunPattern
DP ajp_code.builder.InformationRequiredException ajp_code.builder.Location ajp_code.builder.AppointmentBuilder
DP ajp_code.builder.InformationRequiredException ajp_code.builder.LocationImpl ajp_code.builder.RunPattern
DP ajp_code.builder.InformationRequiredException ajp_code.builder.ContactImpl ajp_code.builder.RunPattern
DP ajp_code.builder.InformationRequiredException ajp_code.builder.Scheduler ajp_code.builder.RunPattern
DP ajp_code.builder.InformationRequiredException ajp_code.builder.InformationRequiredException ajp_code.builder.MeetingBuilder
DP ajp_code.builder.InformationRequiredException ajp_code.builder.InformationRequiredException ajp_code.builder.AppointmentBuilder
DP ajp_code.builder.InformationRequiredException ajp_code.builder.InformationRequiredException ajp_code.builder.RunPattern
