// originator memento caretaker 
DP ajp_code.composite.DataCreator ajp_code.composite.DataCreator ajp_code.composite.RunPattern
DP ajp_code.composite.DataCreator ajp_code.composite.DataRetriever ajp_code.composite.RunPattern
DP ajp_code.composite.DataCreator ajp_code.composite.Project ajp_code.composite.RunPattern
DP ajp_code.composite.ProjectItem ajp_code.composite.ProjectItem ajp_code.composite.Task
DP ajp_code.composite.ProjectItem ajp_code.composite.ProjectItem ajp_code.composite.Project
DP ajp_code.composite.ProjectItem ajp_code.composite.Contact ajp_code.composite.Task
DP ajp_code.composite.Contact ajp_code.composite.ProjectItem ajp_code.composite.Task
DP ajp_code.composite.Contact ajp_code.composite.Contact ajp_code.composite.DataCreator
DP ajp_code.composite.Contact ajp_code.composite.Contact ajp_code.composite.Task
DP ajp_code.composite.Contact ajp_code.composite.Contact ajp_code.composite.Deliverable
DP ajp_code.composite.Contact ajp_code.composite.Task ajp_code.composite.DataCreator
DP ajp_code.composite.Contact ajp_code.composite.ContactImpl ajp_code.composite.DataCreator
DP ajp_code.composite.Contact ajp_code.composite.Deliverable ajp_code.composite.DataCreator
DP ajp_code.composite.Contact ajp_code.composite.Project ajp_code.composite.DataCreator
DP ajp_code.composite.DataRetriever ajp_code.composite.DataCreator ajp_code.composite.RunPattern
DP ajp_code.composite.DataRetriever ajp_code.composite.DataRetriever ajp_code.composite.RunPattern
DP ajp_code.composite.DataRetriever ajp_code.composite.Project ajp_code.composite.RunPattern
DP ajp_code.composite.Task ajp_code.composite.Contact ajp_code.composite.DataCreator
DP ajp_code.composite.Task ajp_code.composite.Task ajp_code.composite.DataCreator
DP ajp_code.composite.Task ajp_code.composite.ContactImpl ajp_code.composite.DataCreator
DP ajp_code.composite.Task ajp_code.composite.Deliverable ajp_code.composite.DataCreator
DP ajp_code.composite.Task ajp_code.composite.Project ajp_code.composite.DataCreator
DP ajp_code.composite.ContactImpl ajp_code.composite.Contact ajp_code.composite.DataCreator
DP ajp_code.composite.ContactImpl ajp_code.composite.Task ajp_code.composite.DataCreator
DP ajp_code.composite.ContactImpl ajp_code.composite.ContactImpl ajp_code.composite.DataCreator
DP ajp_code.composite.ContactImpl ajp_code.composite.Deliverable ajp_code.composite.DataCreator
DP ajp_code.composite.ContactImpl ajp_code.composite.Project ajp_code.composite.DataCreator
DP ajp_code.composite.Deliverable ajp_code.composite.Contact ajp_code.composite.DataCreator
DP ajp_code.composite.Deliverable ajp_code.composite.Task ajp_code.composite.DataCreator
DP ajp_code.composite.Deliverable ajp_code.composite.ContactImpl ajp_code.composite.DataCreator
DP ajp_code.composite.Deliverable ajp_code.composite.Deliverable ajp_code.composite.DataCreator
DP ajp_code.composite.Deliverable ajp_code.composite.Project ajp_code.composite.DataCreator
DP ajp_code.composite.Project ajp_code.composite.DataCreator ajp_code.composite.RunPattern
DP ajp_code.composite.Project ajp_code.composite.Contact ajp_code.composite.DataCreator
DP ajp_code.composite.Project ajp_code.composite.DataRetriever ajp_code.composite.RunPattern
DP ajp_code.composite.Project ajp_code.composite.Task ajp_code.composite.DataCreator
DP ajp_code.composite.Project ajp_code.composite.ContactImpl ajp_code.composite.DataCreator
DP ajp_code.composite.Project ajp_code.composite.Deliverable ajp_code.composite.DataCreator
DP ajp_code.composite.Project ajp_code.composite.Project ajp_code.composite.DataCreator
DP ajp_code.composite.Project ajp_code.composite.Project ajp_code.composite.RunPattern
