// invoker command concreteCommand receiver 
DP ajp_code.interpreter.OrExpression ajp_code.interpreter.CompoundExpression ajp_code.interpreter.OrExpression ajp_code.interpreter.CompoundExpression
DP ajp_code.interpreter.OrExpression ajp_code.interpreter.CompoundExpression ajp_code.interpreter.OrExpression ajp_code.interpreter.ComparisonExpression
DP ajp_code.interpreter.OrExpression ajp_code.interpreter.CompoundExpression ajp_code.interpreter.OrExpression ajp_code.interpreter.Context
DP ajp_code.interpreter.OrExpression ajp_code.interpreter.CompoundExpression ajp_code.interpreter.AndExpression ajp_code.interpreter.CompoundExpression
DP ajp_code.interpreter.OrExpression ajp_code.interpreter.CompoundExpression ajp_code.interpreter.AndExpression ajp_code.interpreter.ComparisonExpression
DP ajp_code.interpreter.OrExpression ajp_code.interpreter.CompoundExpression ajp_code.interpreter.AndExpression ajp_code.interpreter.Context
DP ajp_code.interpreter.OrExpression ajp_code.interpreter.ComparisonExpression ajp_code.interpreter.ContainsExpression ajp_code.interpreter.ComparisonExpression
DP ajp_code.interpreter.OrExpression ajp_code.interpreter.ComparisonExpression ajp_code.interpreter.ContainsExpression ajp_code.interpreter.Expression
DP ajp_code.interpreter.OrExpression ajp_code.interpreter.ComparisonExpression ajp_code.interpreter.ContainsExpression ajp_code.interpreter.Context
DP ajp_code.interpreter.OrExpression ajp_code.interpreter.ComparisonExpression ajp_code.interpreter.EqualsExpression ajp_code.interpreter.ComparisonExpression
DP ajp_code.interpreter.OrExpression ajp_code.interpreter.ComparisonExpression ajp_code.interpreter.EqualsExpression ajp_code.interpreter.Expression
DP ajp_code.interpreter.OrExpression ajp_code.interpreter.ComparisonExpression ajp_code.interpreter.EqualsExpression ajp_code.interpreter.Context
DP ajp_code.interpreter.CompoundExpression ajp_code.interpreter.ComparisonExpression ajp_code.interpreter.ContainsExpression ajp_code.interpreter.ComparisonExpression
DP ajp_code.interpreter.CompoundExpression ajp_code.interpreter.ComparisonExpression ajp_code.interpreter.ContainsExpression ajp_code.interpreter.Expression
DP ajp_code.interpreter.CompoundExpression ajp_code.interpreter.ComparisonExpression ajp_code.interpreter.ContainsExpression ajp_code.interpreter.Context
DP ajp_code.interpreter.CompoundExpression ajp_code.interpreter.ComparisonExpression ajp_code.interpreter.EqualsExpression ajp_code.interpreter.ComparisonExpression
DP ajp_code.interpreter.CompoundExpression ajp_code.interpreter.ComparisonExpression ajp_code.interpreter.EqualsExpression ajp_code.interpreter.Expression
DP ajp_code.interpreter.CompoundExpression ajp_code.interpreter.ComparisonExpression ajp_code.interpreter.EqualsExpression ajp_code.interpreter.Context
DP ajp_code.interpreter.AndExpression ajp_code.interpreter.CompoundExpression ajp_code.interpreter.OrExpression ajp_code.interpreter.CompoundExpression
DP ajp_code.interpreter.AndExpression ajp_code.interpreter.CompoundExpression ajp_code.interpreter.OrExpression ajp_code.interpreter.ComparisonExpression
DP ajp_code.interpreter.AndExpression ajp_code.interpreter.CompoundExpression ajp_code.interpreter.OrExpression ajp_code.interpreter.Context
DP ajp_code.interpreter.AndExpression ajp_code.interpreter.CompoundExpression ajp_code.interpreter.AndExpression ajp_code.interpreter.CompoundExpression
DP ajp_code.interpreter.AndExpression ajp_code.interpreter.CompoundExpression ajp_code.interpreter.AndExpression ajp_code.interpreter.ComparisonExpression
DP ajp_code.interpreter.AndExpression ajp_code.interpreter.CompoundExpression ajp_code.interpreter.AndExpression ajp_code.interpreter.Context
DP ajp_code.interpreter.AndExpression ajp_code.interpreter.ComparisonExpression ajp_code.interpreter.ContainsExpression ajp_code.interpreter.ComparisonExpression
DP ajp_code.interpreter.AndExpression ajp_code.interpreter.ComparisonExpression ajp_code.interpreter.ContainsExpression ajp_code.interpreter.Expression
DP ajp_code.interpreter.AndExpression ajp_code.interpreter.ComparisonExpression ajp_code.interpreter.ContainsExpression ajp_code.interpreter.Context
DP ajp_code.interpreter.AndExpression ajp_code.interpreter.ComparisonExpression ajp_code.interpreter.EqualsExpression ajp_code.interpreter.ComparisonExpression
DP ajp_code.interpreter.AndExpression ajp_code.interpreter.ComparisonExpression ajp_code.interpreter.EqualsExpression ajp_code.interpreter.Expression
DP ajp_code.interpreter.AndExpression ajp_code.interpreter.ComparisonExpression ajp_code.interpreter.EqualsExpression ajp_code.interpreter.Context
DP ajp_code.interpreter.ContainsExpression ajp_code.interpreter.ComparisonExpression ajp_code.interpreter.ContainsExpression ajp_code.interpreter.ComparisonExpression
DP ajp_code.interpreter.ContainsExpression ajp_code.interpreter.ComparisonExpression ajp_code.interpreter.ContainsExpression ajp_code.interpreter.Expression
DP ajp_code.interpreter.ContainsExpression ajp_code.interpreter.ComparisonExpression ajp_code.interpreter.ContainsExpression ajp_code.interpreter.Context
DP ajp_code.interpreter.ContainsExpression ajp_code.interpreter.ComparisonExpression ajp_code.interpreter.EqualsExpression ajp_code.interpreter.ComparisonExpression
DP ajp_code.interpreter.ContainsExpression ajp_code.interpreter.ComparisonExpression ajp_code.interpreter.EqualsExpression ajp_code.interpreter.Expression
DP ajp_code.interpreter.ContainsExpression ajp_code.interpreter.ComparisonExpression ajp_code.interpreter.EqualsExpression ajp_code.interpreter.Context
DP ajp_code.interpreter.ContainsExpression ajp_code.interpreter.Expression ajp_code.interpreter.CompoundExpression ajp_code.interpreter.ComparisonExpression
DP ajp_code.interpreter.ContainsExpression ajp_code.interpreter.Expression ajp_code.interpreter.ComparisonExpression ajp_code.interpreter.Expression
DP ajp_code.interpreter.ContainsExpression ajp_code.interpreter.Expression ajp_code.interpreter.ConstantExpression ajp_code.interpreter.Context
DP ajp_code.interpreter.ContainsExpression ajp_code.interpreter.Expression ajp_code.interpreter.VariableExpression ajp_code.interpreter.Context
DP ajp_code.interpreter.ComparisonExpression ajp_code.interpreter.Expression ajp_code.interpreter.CompoundExpression ajp_code.interpreter.ComparisonExpression
DP ajp_code.interpreter.ComparisonExpression ajp_code.interpreter.Expression ajp_code.interpreter.ComparisonExpression ajp_code.interpreter.Expression
DP ajp_code.interpreter.ComparisonExpression ajp_code.interpreter.Expression ajp_code.interpreter.ConstantExpression ajp_code.interpreter.Context
DP ajp_code.interpreter.ComparisonExpression ajp_code.interpreter.Expression ajp_code.interpreter.VariableExpression ajp_code.interpreter.Context
DP ajp_code.interpreter.EqualsExpression ajp_code.interpreter.ComparisonExpression ajp_code.interpreter.ContainsExpression ajp_code.interpreter.ComparisonExpression
DP ajp_code.interpreter.EqualsExpression ajp_code.interpreter.ComparisonExpression ajp_code.interpreter.ContainsExpression ajp_code.interpreter.Expression
DP ajp_code.interpreter.EqualsExpression ajp_code.interpreter.ComparisonExpression ajp_code.interpreter.ContainsExpression ajp_code.interpreter.Context
DP ajp_code.interpreter.EqualsExpression ajp_code.interpreter.ComparisonExpression ajp_code.interpreter.EqualsExpression ajp_code.interpreter.ComparisonExpression
DP ajp_code.interpreter.EqualsExpression ajp_code.interpreter.ComparisonExpression ajp_code.interpreter.EqualsExpression ajp_code.interpreter.Expression
DP ajp_code.interpreter.EqualsExpression ajp_code.interpreter.ComparisonExpression ajp_code.interpreter.EqualsExpression ajp_code.interpreter.Context
DP ajp_code.interpreter.EqualsExpression ajp_code.interpreter.Expression ajp_code.interpreter.CompoundExpression ajp_code.interpreter.ComparisonExpression
DP ajp_code.interpreter.EqualsExpression ajp_code.interpreter.Expression ajp_code.interpreter.ComparisonExpression ajp_code.interpreter.Expression
DP ajp_code.interpreter.EqualsExpression ajp_code.interpreter.Expression ajp_code.interpreter.ConstantExpression ajp_code.interpreter.Context
DP ajp_code.interpreter.EqualsExpression ajp_code.interpreter.Expression ajp_code.interpreter.VariableExpression ajp_code.interpreter.Context
DP ajp_code.interpreter.ContactList ajp_code.interpreter.Expression ajp_code.interpreter.CompoundExpression ajp_code.interpreter.ComparisonExpression
DP ajp_code.interpreter.ContactList ajp_code.interpreter.Expression ajp_code.interpreter.ComparisonExpression ajp_code.interpreter.Expression
DP ajp_code.interpreter.ContactList ajp_code.interpreter.Expression ajp_code.interpreter.ConstantExpression ajp_code.interpreter.Context
DP ajp_code.interpreter.ContactList ajp_code.interpreter.Expression ajp_code.interpreter.VariableExpression ajp_code.interpreter.Context
