// flyweightFactory flyweight concreteFlyweight
DP jdomain.jdraw.gui.TextFontDialog jdomain.jdraw.action.DrawAction jdomain.jdraw.action.SetTextToolAction
DP jdomain.jdraw.gui.PreviewPanel jdomain.jdraw.data.Clip jdomain.jdraw.data.Frame
DP jdomain.jdraw.action.SaveAction jdomain.jdraw.action.BlockingDrawAction jdomain.jdraw.action.ViewAnimationAction
DP jdomain.jdraw.action.SaveAction jdomain.jdraw.action.BlockingDrawAction jdomain.jdraw.action.LoadAction
DP jdomain.jdraw.action.SaveAction jdomain.jdraw.action.DrawAction jdomain.jdraw.action.BlockingDrawAction
DP jdomain.jdraw.action.SaveAction jdomain.jdraw.action.DrawAction jdomain.jdraw.action.ViewAnimationAction
DP jdomain.jdraw.action.SaveAction jdomain.jdraw.action.DrawAction jdomain.jdraw.action.LoadAction
DP jdomain.jdraw.action.SaveAction jdomain.jdraw.action.DrawAction jdomain.jdraw.action.SaveAsAction
DP jdomain.jdraw.action.CompressAction jdomain.jdraw.action.DrawAction jdomain.jdraw.action.BlockingDrawAction
DP jdomain.jdraw.action.GrayScaleAction jdomain.jdraw.gui.undo.Undoable jdomain.jdraw.gui.undo.DrawPixel
DP jdomain.jdraw.action.RotateAction jdomain.jdraw.gui.undo.Undoable jdomain.jdraw.gui.undo.DrawPixel
DP jdomain.jdraw.action.ReducePaletteColoursAction jdomain.jdraw.action.BlockingDrawAction jdomain.jdraw.action.CompressAction
DP jdomain.jdraw.action.ReducePaletteColoursAction jdomain.jdraw.action.DrawAction jdomain.jdraw.action.BlockingDrawAction
DP jdomain.jdraw.action.ReducePaletteColoursAction jdomain.jdraw.action.DrawAction jdomain.jdraw.action.CompressAction
DP jdomain.jdraw.action.SaveCompressedAction jdomain.jdraw.action.DrawAction jdomain.jdraw.action.BlockingDrawAction
DP jdomain.jdraw.action.SetTextToolAction jdomain.jdraw.gui.Tool jdomain.jdraw.gui.TextTool
DP jdomain.jdraw.action.SetTextToolAction jdomain.jdraw.action.DrawAction jdomain.jdraw.action.BlockingDrawAction
DP jdomain.jdraw.action.SetTextToolAction jdomain.jdraw.action.DrawAction jdomain.jdraw.action.ToggleAntialiasAction
DP jdomain.jdraw.action.LoadAction jdomain.jdraw.action.DrawAction jdomain.jdraw.action.BlockingDrawAction
DP jdomain.jdraw.action.InsertAction jdomain.jdraw.action.DrawAction jdomain.jdraw.action.BlockingDrawAction
DP jdomain.jdraw.action.RemoveColourAction jdomain.jdraw.action.DrawAction jdomain.jdraw.action.BlockingDrawAction
DP jdomain.jdraw.action.ReduceColoursAction jdomain.jdraw.action.BlockingDrawAction jdomain.jdraw.action.CompressAction
DP jdomain.jdraw.action.ReduceColoursAction jdomain.jdraw.action.DrawAction jdomain.jdraw.action.BlockingDrawAction
DP jdomain.jdraw.action.ReduceColoursAction jdomain.jdraw.action.DrawAction jdomain.jdraw.action.CompressAction
DP jdomain.jdraw.action.CompressPaletteAction jdomain.jdraw.action.BlockingDrawAction jdomain.jdraw.action.CompressAction
DP jdomain.jdraw.action.CompressPaletteAction jdomain.jdraw.action.DrawAction jdomain.jdraw.action.BlockingDrawAction
DP jdomain.jdraw.action.CompressPaletteAction jdomain.jdraw.action.DrawAction jdomain.jdraw.action.CompressAction
DP jdomain.jdraw.gui.SearchFrame$IconListener jdomain.util.gui.StandardDialog jdomain.jdraw.gui.SearchFrame
DP jdomain.jdraw.gui.Dispatcher jdomain.jdraw.gui.DrawPanel jdomain.jdraw.gui.PreviewPanel
DP jdomain.jdraw.gui.undo.UndoManager jdomain.jdraw.action.DrawAction jdomain.jdraw.action.SaveAction
DP jdomain.jdraw.gui.undo.UndoManager jdomain.jdraw.action.DrawAction jdomain.jdraw.action.GrayScaleAction
DP jdomain.jdraw.gui.undo.UndoManager jdomain.jdraw.action.DrawAction jdomain.jdraw.action.RotateAction
DP jdomain.jdraw.gui.undo.UndoManager jdomain.jdraw.action.DrawAction jdomain.jdraw.action.ScaleAction
DP jdomain.jdraw.gui.undo.UndoManager jdomain.jdraw.action.DrawAction jdomain.jdraw.action.LoadAction
DP jdomain.jdraw.gui.undo.UndoManager jdomain.jdraw.action.DrawAction jdomain.jdraw.action.InsertAction
DP jdomain.jdraw.gui.undo.UndoManager jdomain.jdraw.action.DrawAction jdomain.jdraw.action.ResizeAction
DP jdomain.jdraw.gui.undo.UndoManager jdomain.jdraw.action.DrawAction jdomain.jdraw.action.NewAction
DP jdomain.jdraw.gui.undo.UndoManager jdomain.jdraw.action.DrawAction jdomain.jdraw.action.CropAction
DP jdomain.jdraw.gui.undo.UndoManager jdomain.jdraw.action.DrawAction jdomain.jdraw.action.UndoAction
DP jdomain.jdraw.gui.undo.UndoManager jdomain.jdraw.action.DrawAction jdomain.jdraw.action.RedoAction
DP jdomain.util.Log jdomain.jdraw.data.DataObject jdomain.jdraw.data.Frame
DP jdomain.util.Log jdomain.jdraw.data.DataObject jdomain.jdraw.data.ColourEntry
DP jdomain.util.Log jdomain.jdraw.data.DataObject jdomain.jdraw.data.Palette
DP jdomain.util.Log jdomain.jdraw.data.DataObject jdomain.jdraw.data.Picture
DP jdomain.jdraw.gui.ToolPanel jdomain.jdraw.action.DrawAction jdomain.jdraw.action.CompressAction
DP jdomain.jdraw.gui.ToolPanel jdomain.jdraw.action.DrawAction jdomain.jdraw.action.ReducePaletteColoursAction
DP jdomain.jdraw.gui.ToolPanel jdomain.jdraw.action.DrawAction jdomain.jdraw.action.SetTextToolAction
DP jdomain.jdraw.gui.ToolPanel jdomain.jdraw.action.DrawAction jdomain.jdraw.action.LoadAction
DP jdomain.jdraw.gui.ToolPanel jdomain.jdraw.action.DrawAction jdomain.jdraw.action.InsertAction
DP jdomain.jdraw.gui.ToolPanel jdomain.jdraw.action.DrawAction jdomain.jdraw.action.RemoveColourAction
DP jdomain.jdraw.gui.ToolPanel jdomain.jdraw.action.DrawAction jdomain.jdraw.action.ReduceColoursAction
DP jdomain.jdraw.gui.ToolPanel jdomain.jdraw.action.DrawAction jdomain.jdraw.action.CompressPaletteAction
DP jdomain.jdraw.gui.ToolPanel jdomain.jdraw.action.DrawAction jdomain.jdraw.action.NewAction
DP jdomain.jdraw.gui.ToolPanel jdomain.jdraw.action.DrawAction jdomain.jdraw.action.SetFillToolAction
DP jdomain.jdraw.gui.ToolPanel jdomain.jdraw.action.DrawAction jdomain.jdraw.action.SetFilledOvalToolAction
DP jdomain.jdraw.gui.ToolPanel jdomain.jdraw.action.DrawAction jdomain.jdraw.action.SetLineToolAction
DP jdomain.jdraw.gui.ToolPanel jdomain.jdraw.action.DrawAction jdomain.jdraw.action.SetRectangleToolAction
DP jdomain.jdraw.gui.ToolPanel jdomain.jdraw.action.DrawAction jdomain.jdraw.action.CropAction
DP jdomain.jdraw.gui.ToolPanel jdomain.jdraw.action.DrawAction jdomain.jdraw.action.SetOvalToolAction
DP jdomain.jdraw.gui.ToolPanel jdomain.jdraw.action.DrawAction jdomain.jdraw.action.SetPixelToolAction
DP jdomain.jdraw.gui.ToolPanel jdomain.jdraw.action.DrawAction jdomain.jdraw.action.ToggleGradientFillAction
DP jdomain.jdraw.gui.ToolPanel jdomain.jdraw.action.DrawAction jdomain.jdraw.action.SetFilledRectangleToolAction
DP jdomain.jdraw.gui.ToolPanel jdomain.jdraw.action.DrawAction jdomain.jdraw.action.ToggleAntialiasAction
DP jdomain.jdraw.gui.ToolPanel jdomain.jdraw.action.DrawAction jdomain.jdraw.action.SetColourPickerToolAction
DP jdomain.jdraw.gui.ToolPanel jdomain.jdraw.action.DrawAction jdomain.jdraw.action.SetClipToolAction
DP jdomain.util.gui.GUIUtil jdomain.util.gui.StandardDialog jdomain.util.gui.FontDialog
DP jdomain.util.gui.GUIUtil jdomain.util.gui.StandardMainFrame jdomain.jdraw.gui.MainFrame
DP jdomain.jdraw.action.LoseChanges jdomain.jdraw.action.BlockingDrawAction jdomain.jdraw.action.SaveAction
DP jdomain.jdraw.action.LoseChanges jdomain.jdraw.action.BlockingDrawAction jdomain.jdraw.action.ExitAction
DP jdomain.jdraw.action.LoseChanges jdomain.jdraw.action.ContinuedAction jdomain.jdraw.action.ExitAction
DP jdomain.jdraw.action.LoseChanges jdomain.jdraw.action.ContinuedAction jdomain.jdraw.action.ReopenAction
DP jdomain.jdraw.action.LoseChanges jdomain.jdraw.action.ContinuedAction jdomain.jdraw.action.NewAction
DP jdomain.jdraw.action.LoseChanges jdomain.jdraw.action.ContinuedAction jdomain.jdraw.action.SearchDialogAction
DP jdomain.jdraw.action.LoseChanges jdomain.jdraw.action.DrawAction jdomain.jdraw.action.BlockingDrawAction
DP jdomain.jdraw.action.LoseChanges jdomain.jdraw.action.DrawAction jdomain.jdraw.action.SaveAction
DP jdomain.jdraw.action.LoseChanges jdomain.jdraw.action.DrawAction jdomain.jdraw.action.ExitAction
DP jdomain.jdraw.action.LoseChanges jdomain.jdraw.action.DrawAction jdomain.jdraw.action.NewAction
DP jdomain.jdraw.action.LoseChanges jdomain.jdraw.action.DrawAction jdomain.jdraw.action.SearchDialogAction
DP jdomain.jdraw.gui.MouseHandler jdomain.jdraw.gui.Tool jdomain.jdraw.gui.TextTool
DP jdomain.jdraw.gui.MouseHandler jdomain.jdraw.gui.FloatingClip jdomain.jdraw.gui.InfoClip
DP jdomain.jdraw.gui.Tool jdomain.jdraw.action.DrawAction jdomain.jdraw.action.ToggleGradientFillAction
DP jdomain.jdraw.gui.Tool jdomain.jdraw.action.DrawAction jdomain.jdraw.action.ToggleAntialiasAction
DP jdomain.jdraw.action.SaveAsAction jdomain.jdraw.action.DrawAction jdomain.jdraw.action.SaveAction
DP jdomain.jdraw.action.SearchDialogAction jdomain.jdraw.action.DrawAction jdomain.jdraw.action.LoadAction
DP jdomain.jdraw.gui.MainFrame jdomain.jdraw.action.BlockingDrawAction jdomain.jdraw.action.SaveAction
DP jdomain.jdraw.gui.MainFrame jdomain.jdraw.action.BlockingDrawAction jdomain.jdraw.action.ExitAction
DP jdomain.jdraw.gui.MainFrame jdomain.jdraw.action.BlockingDrawAction jdomain.jdraw.action.SaveCompressedAction
DP jdomain.jdraw.gui.MainFrame jdomain.jdraw.action.BlockingDrawAction jdomain.jdraw.action.SetTextToolAction
DP jdomain.jdraw.gui.MainFrame jdomain.jdraw.action.BlockingDrawAction jdomain.jdraw.action.ViewAnimationAction
DP jdomain.jdraw.gui.MainFrame jdomain.jdraw.action.BlockingDrawAction jdomain.jdraw.action.LoadAction
DP jdomain.jdraw.gui.MainFrame jdomain.jdraw.action.BlockingDrawAction jdomain.jdraw.action.InsertAction
DP jdomain.jdraw.gui.MainFrame jdomain.jdraw.action.BlockingDrawAction jdomain.jdraw.action.ResizeAction
DP jdomain.jdraw.gui.MainFrame jdomain.jdraw.gui.Tool jdomain.jdraw.gui.TextTool
DP jdomain.jdraw.gui.MainFrame jdomain.jdraw.action.DrawAction jdomain.jdraw.action.BlockingDrawAction
DP jdomain.jdraw.gui.MainFrame jdomain.jdraw.action.DrawAction jdomain.jdraw.action.SaveAction
DP jdomain.jdraw.gui.MainFrame jdomain.jdraw.action.DrawAction jdomain.jdraw.action.ExitAction
DP jdomain.jdraw.gui.MainFrame jdomain.jdraw.action.DrawAction jdomain.jdraw.action.SaveCompressedAction
DP jdomain.jdraw.gui.MainFrame jdomain.jdraw.action.DrawAction jdomain.jdraw.action.SetTextToolAction
DP jdomain.jdraw.gui.MainFrame jdomain.jdraw.action.DrawAction jdomain.jdraw.action.ViewAnimationAction
DP jdomain.jdraw.gui.MainFrame jdomain.jdraw.action.DrawAction jdomain.jdraw.action.LoadAction
DP jdomain.jdraw.gui.MainFrame jdomain.jdraw.action.DrawAction jdomain.jdraw.action.InsertAction
DP jdomain.jdraw.gui.MainFrame jdomain.jdraw.action.DrawAction jdomain.jdraw.action.ResizeAction
DP jdomain.jdraw.gui.MainFrame jdomain.jdraw.action.DrawAction jdomain.jdraw.action.AnimTutorialAction
DP jdomain.jdraw.gui.MainFrame jdomain.jdraw.action.DrawAction jdomain.jdraw.action.HelpAction
DP jdomain.jdraw.gui.MainFrame jdomain.jdraw.action.DrawAction jdomain.jdraw.action.NewAction
DP jdomain.jdraw.gui.MainFrame jdomain.jdraw.action.DrawAction jdomain.jdraw.action.SaveAsAction
DP jdomain.jdraw.gui.MainFrame jdomain.jdraw.action.DrawAction jdomain.jdraw.action.ToggleViewsAction
DP jdomain.jdraw.gui.MainFrame jdomain.jdraw.gui.DrawDialog jdomain.jdraw.gui.AboutDialog
DP jdomain.jdraw.gui.MainFrame jdomain.jdraw.gui.DrawDialog jdomain.jdraw.gui.SettingsDialog
DP jdomain.jdraw.gui.undo.DrawRectangle jdomain.jdraw.gui.undo.Undoable jdomain.jdraw.gui.undo.DrawPixel
DP jdomain.jdraw.gui.undo.DrawClip jdomain.jdraw.gui.undo.Undoable jdomain.jdraw.gui.undo.DrawPixel
DP jdomain.jdraw.gui.undo.DrawFill jdomain.jdraw.gui.undo.Undoable jdomain.jdraw.gui.undo.DrawPixel
DP jdomain.jdraw.gui.undo.DrawFill jdomain.jdraw.gui.Tool jdomain.jdraw.gui.FillTool
DP jdomain.jdraw.gui.undo.DrawLine jdomain.jdraw.gui.undo.Undoable jdomain.jdraw.gui.undo.DrawPixel
DP jdomain.jdraw.gui.undo.DrawOval jdomain.jdraw.gui.undo.Undoable jdomain.jdraw.gui.undo.DrawPixel
DP jdomain.jdraw.gui.FramePanel jdomain.jdraw.gui.DrawPanel jdomain.jdraw.gui.PreviewPanel
DP jdomain.util.gui.FileBrowser jdomain.util.gui.BrowserFilter jdomain.util.gui.FileBrowser$1
DP jdomain.jdraw.data.Palette jdomain.jdraw.data.DataObject jdomain.jdraw.data.Frame
DP jdomain.jdraw.data.Palette jdomain.jdraw.data.DataObject jdomain.jdraw.data.ColourEntry
DP jdomain.jdraw.data.Palette jdomain.jdraw.data.DataObject jdomain.jdraw.data.Picture
DP jdomain.jdraw.data.Picture jdomain.jdraw.data.DataObject jdomain.jdraw.data.Frame
DP jdomain.jdraw.data.Picture jdomain.jdraw.data.DataObject jdomain.jdraw.data.Palette
DP jdomain.jdraw.gui.FolderPanel jdomain.jdraw.gui.DrawPanel jdomain.jdraw.gui.PreviewPanel
DP jdomain.jdraw.gui.FolderPanel jdomain.jdraw.gui.Tool jdomain.jdraw.gui.TextTool
DP jdomain.jdraw.gui.FolderPanel jdomain.jdraw.action.DrawAction jdomain.jdraw.action.GrayScaleAction
DP jdomain.jdraw.gui.FolderPanel jdomain.jdraw.action.DrawAction jdomain.jdraw.action.RotateAction
DP jdomain.jdraw.gui.FolderPanel jdomain.jdraw.action.DrawAction jdomain.jdraw.action.ToggleGridAction
DP jdomain.jdraw.gui.FolderPanel jdomain.jdraw.action.DrawAction jdomain.jdraw.action.ToggleLocalPaletteAction
DP jdomain.jdraw.gui.ClipPanel jdomain.jdraw.data.Clip jdomain.jdraw.data.Frame
DP jdomain.jdraw.gui.ClipPanel jdomain.jdraw.gui.Tool jdomain.jdraw.gui.RectangularSelectionTool
DP jdomain.jdraw.gui.LineTool jdomain.jdraw.gui.Tool jdomain.jdraw.gui.RectangularSelectionTool
DP jdomain.jdraw.gui.ClipTool jdomain.jdraw.data.Clip jdomain.jdraw.data.Frame
DP jdomain.jdraw.gui.ClipTool jdomain.jdraw.gui.Tool jdomain.jdraw.gui.RectangularSelectionTool
DP jdomain.jdraw.gui.TextTool jdomain.jdraw.gui.undo.Undoable jdomain.jdraw.gui.undo.DrawClip
DP jdomain.jdraw.gui.TextTool jdomain.jdraw.gui.undo.Undoable jdomain.jdraw.gui.undo.DrawPixel
DP jdomain.jdraw.gui.TextTool jdomain.jdraw.gui.Tool jdomain.jdraw.gui.RectangularSelectionTool
