// client singleton
DP jdomain.util.gui.StandardScrollPane jdomain.util.gui.GUIUtil
DP jdomain.jdraw.gui.ToolPanel$ActionButton jdomain.util.ResourceLoader
DP jdomain.jdraw.gui.ToolPanel$ActionButton jdomain.jdraw.gui.ToolPanel
DP jdomain.util.gui.FontDialog jdomain.util.Log
DP jdomain.util.gui.FontDialog jdomain.util.Util
DP jdomain.jdraw.gui.ToolPanel$ToolButton jdomain.util.ResourceLoader
DP jdomain.jdraw.gui.ToolPanel$ToolButton jdomain.jdraw.gui.ToolPanel
DP jdomain.jdraw.gui.GradientPanel$GradientTile jdomain.jdraw.gui.GradientPanel
DP jdomain.jdraw.gui.GradientPanel$GradientTile jdomain.util.Log
DP jdomain.jdraw.gui.DrawMenu jdomain.jdraw.Settings
DP jdomain.jdraw.gui.DrawMenu jdomain.util.gui.GUIUtil
DP jdomain.jdraw.action.BlockingDrawAction jdomain.util.Log
DP jdomain.jdraw.action.BlockingDrawAction jdomain.util.ResourceLoader
DP jdomain.jdraw.action.BlockingDrawAction jdomain.util.gui.GUIUtil
DP jdomain.jdraw.action.BlockingDrawAction jdomain.jdraw.action.LoseChanges
DP jdomain.jdraw.action.BlockingDrawAction jdomain.util.Util
DP jdomain.jdraw.action.BlockingDrawAction jdomain.jdraw.gui.MainFrame
DP jdomain.jdraw.gui.SearchFrame jdomain.jdraw.gui.SearchFrame$IconListener
DP jdomain.jdraw.gui.SearchFrame jdomain.util.Log
DP jdomain.jdraw.gui.SearchFrame jdomain.jdraw.gui.DrawBrowser
DP jdomain.jdraw.gui.PreviewPanel jdomain.jdraw.gui.Dispatcher
DP jdomain.jdraw.gui.PreviewPanel jdomain.jdraw.gui.FolderPanel
DP jdomain.jdraw.gui.DrawPanel jdomain.jdraw.gui.FolderPanel
DP jdomain.jdraw.action.SaveAction jdomain.jdraw.Settings
DP jdomain.jdraw.action.SaveAction jdomain.jdraw.gui.undo.UndoManager
DP jdomain.jdraw.action.SaveAction jdomain.util.Log
DP jdomain.jdraw.action.SaveAction jdomain.jdraw.gio.IconWriter
DP jdomain.jdraw.action.SaveAction jdomain.jdraw.gio.JPEGWriter
DP jdomain.jdraw.action.SaveAction jdomain.util.gui.GUIUtil
DP jdomain.jdraw.action.SaveAction jdomain.jdraw.gio.PNGWriter
DP jdomain.jdraw.action.SaveAction jdomain.jdraw.gio.GIFWriter
DP jdomain.jdraw.action.SaveAction jdomain.util.Util
DP jdomain.jdraw.action.SaveAction jdomain.jdraw.gui.MainFrame
DP jdomain.jdraw.action.SortPaletteAction jdomain.util.Log
DP jdomain.jdraw.action.EditColourAction jdomain.jdraw.gui.ColourEditor
DP jdomain.jdraw.action.CompressAction jdomain.util.Log
DP jdomain.jdraw.action.CompressAction jdomain.jdraw.gui.ToolPanel
DP jdomain.jdraw.action.GrayScaleAction jdomain.jdraw.gui.undo.UndoManager
DP jdomain.jdraw.action.GrayScaleAction jdomain.util.Log
DP jdomain.jdraw.action.GrayScaleAction jdomain.jdraw.gui.FolderPanel
DP jdomain.jdraw.action.RotateAction jdomain.jdraw.gui.undo.UndoManager
DP jdomain.jdraw.action.RotateAction jdomain.util.Log
DP jdomain.jdraw.action.RotateAction jdomain.jdraw.gui.FolderPanel
DP jdomain.jdraw.action.ExitAction jdomain.jdraw.Settings
DP jdomain.jdraw.action.ExitAction jdomain.util.Log
DP jdomain.jdraw.action.ExitAction jdomain.jdraw.action.LoseChanges
DP jdomain.jdraw.action.ExitAction jdomain.jdraw.gui.MainFrame
DP jdomain.jdraw.action.ReducePaletteColoursAction jdomain.jdraw.gui.ToolPanel
DP jdomain.jdraw.action.SaveCompressedAction jdomain.jdraw.gui.MainFrame
DP jdomain.jdraw.action.SetTextToolAction jdomain.jdraw.gui.ToolPanel
DP jdomain.jdraw.action.SetTextToolAction jdomain.jdraw.gui.TextTool
DP jdomain.jdraw.action.ScaleAction jdomain.jdraw.gui.undo.UndoManager
DP jdomain.jdraw.action.ScaleAction jdomain.util.Log
DP jdomain.jdraw.action.ViewAnimationAction jdomain.util.Log
DP jdomain.jdraw.action.ViewAnimationAction jdomain.util.gui.GUIUtil
DP jdomain.jdraw.action.ViewAnimationAction jdomain.jdraw.gio.GIFWriter
DP jdomain.jdraw.action.LoadAction jdomain.jdraw.Settings
DP jdomain.jdraw.action.LoadAction jdomain.jdraw.gui.undo.UndoManager
DP jdomain.jdraw.action.LoadAction jdomain.util.Log
DP jdomain.jdraw.action.LoadAction jdomain.jdraw.gio.ImageReader
DP jdomain.jdraw.action.LoadAction jdomain.jdraw.gio.IconReader
DP jdomain.jdraw.action.LoadAction jdomain.jdraw.gui.ToolPanel
DP jdomain.jdraw.action.LoadAction jdomain.util.gui.GUIUtil
DP jdomain.jdraw.action.LoadAction jdomain.jdraw.Main
DP jdomain.jdraw.action.LoadAction jdomain.jdraw.gio.GIFReader
DP jdomain.jdraw.action.LoadAction jdomain.util.Util
DP jdomain.jdraw.action.LoadAction jdomain.jdraw.gui.MainFrame
DP jdomain.jdraw.action.LoadAction jdomain.jdraw.gui.DrawBrowser
DP jdomain.jdraw.action.SettingsAction jdomain.jdraw.Settings
DP jdomain.jdraw.action.SettingsAction jdomain.util.Log
DP jdomain.jdraw.action.InsertAction jdomain.jdraw.gui.undo.UndoManager
DP jdomain.jdraw.action.InsertAction jdomain.util.Log
DP jdomain.jdraw.action.InsertAction jdomain.jdraw.gio.ImageReader
DP jdomain.jdraw.action.InsertAction jdomain.jdraw.gui.ToolPanel
DP jdomain.jdraw.action.InsertAction jdomain.jdraw.gio.GIFReader
DP jdomain.jdraw.action.InsertAction jdomain.util.Util
DP jdomain.jdraw.action.InsertAction jdomain.jdraw.gui.MainFrame
DP jdomain.jdraw.action.InsertAction jdomain.jdraw.gui.DrawBrowser
DP jdomain.jdraw.action.ResizeAction jdomain.jdraw.gui.undo.UndoManager
DP jdomain.jdraw.action.ResizeAction jdomain.jdraw.gui.MainFrame
DP jdomain.jdraw.action.RemoveColourAction jdomain.util.Log
DP jdomain.jdraw.action.RemoveColourAction jdomain.jdraw.gui.ToolPanel
DP jdomain.jdraw.action.ReduceColoursAction jdomain.jdraw.gui.ToolPanel
DP jdomain.jdraw.action.CompressPaletteAction jdomain.jdraw.gui.ToolPanel
DP jdomain.jdraw.data.Frame jdomain.util.Assert
DP jdomain.jdraw.data.Frame jdomain.util.Log
DP jdomain.util.gui.LogPanel jdomain.util.Log
DP jdomain.util.gui.LogPanel jdomain.util.ResourceLoader
DP jdomain.jdraw.gui.GradientPanel$MListener jdomain.jdraw.gui.GradientPanel
DP jdomain.jdraw.gui.GradientPanel$MListener jdomain.jdraw.gui.ColourEditor
DP jdomain.util.gui.IconViewer$1 jdomain.util.gui.GUIUtil
DP jdomain.jdraw.action.AnimTutorialAction jdomain.jdraw.action.AnimTutorialAction$Hyperactive
DP jdomain.jdraw.action.AnimTutorialAction jdomain.util.Log
DP jdomain.jdraw.action.AnimTutorialAction jdomain.util.ResourceLoader
DP jdomain.jdraw.action.AnimTutorialAction jdomain.jdraw.gui.MainFrame
DP jdomain.jdraw.action.HelpAction jdomain.jdraw.action.HelpAction$Hyperactive
DP jdomain.jdraw.action.HelpAction jdomain.util.Log
DP jdomain.jdraw.action.HelpAction jdomain.util.ResourceLoader
DP jdomain.jdraw.action.HelpAction jdomain.jdraw.gui.MainFrame
DP jdomain.jdraw.gui.StatusPanel jdomain.util.Log
DP jdomain.jdraw.gui.StatusPanel jdomain.util.gui.GUIUtil
DP jdomain.jdraw.gui.StatusPanel jdomain.util.Util
DP jdomain.jdraw.gui.StatusPanel jdomain.jdraw.gui.MainFrame
DP jdomain.jdraw.gui.StatusPanel jdomain.jdraw.gui.PalettePanel
DP jdomain.jdraw.gui.GradientPanel jdomain.jdraw.gui.GradientPanel$MListener
DP jdomain.jdraw.gui.GradientPanel jdomain.util.Assert
DP jdomain.jdraw.gui.GradientPanel jdomain.jdraw.gui.PalettePanel
DP jdomain.jdraw.gui.GradientPanel jdomain.jdraw.gui.TextTool
DP jdomain.util.gui.StandardMainFrame jdomain.util.Log
DP jdomain.util.gui.StandardMainFrame jdomain.util.gui.GUIUtil
DP jdomain.util.gui.StandardMainFrame jdomain.util.Util
DP jdomain.jdraw.gui.ColourEditor$HexChooserPanel jdomain.util.Util
DP jdomain.jdraw.gui.ColourEditor$HexChooserPanel jdomain.jdraw.gui.ColourEditor
DP jdomain.jdraw.gui.ColourEditor$AlphaChooserPanel jdomain.util.Util
DP jdomain.jdraw.gui.ColourEditor$AlphaChooserPanel jdomain.jdraw.gui.ColourEditor
DP jdomain.jdraw.gui.Dispatcher jdomain.jdraw.gui.PreviewPanel
DP jdomain.jdraw.gui.Dispatcher jdomain.util.Assert
DP jdomain.jdraw.gui.Dispatcher jdomain.util.Log
DP jdomain.jdraw.gui.Dispatcher jdomain.jdraw.gui.MainFrame
DP jdomain.jdraw.gui.Dispatcher jdomain.jdraw.gui.PalettePanel
DP jdomain.jdraw.gui.Dispatcher jdomain.jdraw.gui.FolderPanel
DP jdomain.util.gui.LinkLabel$1 jdomain.util.BrowserLauncher
DP jdomain.jdraw.gui.JDHandler jdomain.util.Log
DP jdomain.jdraw.gui.JDHandler jdomain.jdraw.gio.GIFWriter
DP jdomain.jdraw.gui.JDHandler jdomain.util.Util
DP jdomain.jdraw.Settings jdomain.util.Log
DP jdomain.jdraw.Settings jdomain.jdraw.gio.JPEGWriter
DP jdomain.jdraw.Settings jdomain.jdraw.Main
DP jdomain.jdraw.Settings jdomain.util.Util
DP jdomain.jdraw.Settings jdomain.jdraw.gui.MainFrame
DP jdomain.jdraw.Settings jdomain.jdraw.gui.DrawBrowser
DP jdomain.jdraw.Settings jdomain.jdraw.gui.FillTool
DP jdomain.jdraw.gui.undo.UndoManager jdomain.util.Assert
DP jdomain.jdraw.gui.undo.UndoManager jdomain.jdraw.action.LoseChanges
DP jdomain.jdraw.gui.undo.UndoManager jdomain.jdraw.gui.MainFrame
DP jdomain.jdraw.gui.undo.UndoManager jdomain.jdraw.gui.PixelTool
DP jdomain.jdraw.gui.undo.UndoManager jdomain.jdraw.gui.FillTool
DP jdomain.jdraw.action.HelpAction$Hyperactive jdomain.util.Log
DP jdomain.jdraw.action.ReopenAction jdomain.jdraw.action.LoseChanges
DP jdomain.jdraw.gui.ToleranceDialog jdomain.util.Util
DP jdomain.jdraw.gui.ToleranceDialog jdomain.jdraw.gui.FillTool
DP jdomain.jdraw.action.AnimTutorialAction$Hyperactive jdomain.util.ResourceLoader
DP jdomain.jdraw.action.AnimTutorialAction$Hyperactive jdomain.util.Util
DP jdomain.util.gui.TextCalculator jdomain.util.Log
DP jdomain.util.gui.TextCalculator jdomain.util.Util
DP jdomain.jdraw.gui.dnd.FrameDragger jdomain.util.Assert
DP jdomain.jdraw.gui.dnd.FrameDragger jdomain.util.Log
DP jdomain.jdraw.gui.dnd.FrameDragger jdomain.jdraw.gui.FrameSettingsDialog$FrameEntry
DP jdomain.util.Log jdomain.jdraw.gui.Dispatcher
DP jdomain.util.Log jdomain.jdraw.gio.ImageReader
DP jdomain.util.Log jdomain.util.ResourceLoader
DP jdomain.util.Log jdomain.jdraw.gio.IconReader
DP jdomain.util.Log jdomain.util.gui.GUIUtil
DP jdomain.util.Log jdomain.jdraw.gio.GIFReader
DP jdomain.util.Log jdomain.jdraw.gui.MainFrame
DP jdomain.jdraw.gio.IconWriter jdomain.util.Log
DP jdomain.jdraw.gio.IconWriter jdomain.jdraw.gio.IconReader
DP jdomain.jdraw.gio.IconWriter jdomain.util.Util
DP jdomain.jdraw.gio.ImageReader jdomain.util.Assert
DP jdomain.jdraw.gio.ImageReader jdomain.util.Log
DP jdomain.util.ResourceLoader jdomain.util.Log
DP jdomain.util.ResourceLoader jdomain.util.gui.GUIUtil
DP jdomain.jdraw.gio.IconReader jdomain.util.Assert
DP jdomain.jdraw.gio.IconReader jdomain.util.Log
DP jdomain.jdraw.gio.IconReader jdomain.util.Util
DP jdomain.jdraw.data.Palette$UsageComparator jdomain.util.Assert
DP jdomain.jdraw.gio.JPEGWriter jdomain.jdraw.Settings
DP jdomain.jdraw.gio.JPEGWriter jdomain.util.Log
DP jdomain.jdraw.gio.JPEGWriter jdomain.jdraw.gui.FolderPanel
DP jdomain.jdraw.gui.ToolPanel jdomain.util.Assert
DP jdomain.jdraw.gui.ToolPanel jdomain.util.ResourceLoader
DP jdomain.jdraw.gui.ToolPanel jdomain.jdraw.Main
DP jdomain.jdraw.gui.ToolPanel jdomain.jdraw.gui.MainFrame
DP jdomain.util.gui.GUIUtil jdomain.util.Log
DP jdomain.util.gui.GUIUtil jdomain.util.ResourceLoader
DP jdomain.util.gui.GUIUtil jdomain.util.Util
DP jdomain.util.gui.GUIUtil jdomain.jdraw.gui.MainFrame
DP jdomain.jdraw.gio.GIFReader$GraphicControlExtension jdomain.jdraw.gio.GIFReader
DP jdomain.jdraw.gui.FrameSettingsDialog$FrameEntry jdomain.util.Assert
DP jdomain.jdraw.gui.dnd.DnDUtil jdomain.jdraw.gui.FrameSettingsDialog$FrameEntry
DP jdomain.util.PropertyHelper jdomain.util.Log
DP jdomain.jdraw.Main jdomain.jdraw.Settings
DP jdomain.jdraw.Main jdomain.util.Log
DP jdomain.jdraw.Main jdomain.util.ResourceLoader
DP jdomain.jdraw.Main jdomain.jdraw.gui.ToolPanel
DP jdomain.jdraw.Main jdomain.util.gui.GUIUtil
DP jdomain.jdraw.Main jdomain.util.Util
DP jdomain.jdraw.Main jdomain.jdraw.gui.MainFrame
DP jdomain.jdraw.Main jdomain.jdraw.gui.DrawBrowser
DP jdomain.jdraw.gio.PNGWriter jdomain.util.Log
DP jdomain.jdraw.gio.PNGWriter jdomain.jdraw.gio.ImageReader
DP jdomain.jdraw.gio.PNGWriter jdomain.util.Util
DP jdomain.util.BrowserLauncher jdomain.util.Log
DP jdomain.jdraw.gui.undo.Undoable jdomain.util.Log
DP jdomain.jdraw.action.LoseChanges jdomain.jdraw.gui.undo.UndoManager
DP jdomain.jdraw.action.LoseChanges jdomain.util.gui.GUIUtil
DP jdomain.jdraw.action.LoseChanges jdomain.util.Util
DP jdomain.jdraw.gio.GIFWriter jdomain.util.Assert
DP jdomain.jdraw.gio.GIFWriter jdomain.util.Log
DP jdomain.jdraw.gio.GIFWriter jdomain.jdraw.gio.GIFReader
DP jdomain.jdraw.gio.GIFWriter jdomain.util.Util
DP jdomain.jdraw.gio.IconWriter$IconEntry jdomain.util.Assert
DP jdomain.jdraw.gio.IconWriter$IconEntry jdomain.util.Log
DP jdomain.jdraw.gio.IconWriter$IconEntry jdomain.jdraw.gio.IconWriter
DP jdomain.jdraw.gio.GIFReader jdomain.util.Assert
DP jdomain.jdraw.gio.GIFReader jdomain.util.Log
DP jdomain.jdraw.gio.GIFReader jdomain.jdraw.gio.GIFReader$GraphicControlExtension
DP jdomain.jdraw.gio.GIFReader jdomain.util.Util
DP jdomain.util.SimpleLogListener jdomain.util.Assert
DP jdomain.jdraw.data.DataObject$Update jdomain.util.Log
DP jdomain.jdraw.gui.FrameSettingsDialog jdomain.jdraw.gui.FrameSettingsDialog$FrameEntryRenderer
DP jdomain.jdraw.gui.FrameSettingsDialog jdomain.util.gui.WidgetFactory
DP jdomain.jdraw.gui.FrameSettingsDialog jdomain.util.Log
DP jdomain.jdraw.gui.FrameSettingsDialog jdomain.util.ResourceLoader
DP jdomain.jdraw.gui.FrameSettingsDialog jdomain.jdraw.gui.FrameSettingsDialog$FrameEntry
DP jdomain.jdraw.gui.FrameSettingsDialog jdomain.jdraw.Main
DP jdomain.jdraw.gui.FrameSettingsDialog jdomain.util.Util
DP jdomain.jdraw.gui.MouseHandler$LayoutComparator jdomain.jdraw.gui.MouseHandler
DP jdomain.jdraw.data.DataObject jdomain.util.Assert
DP jdomain.jdraw.data.DataObject jdomain.util.Log
DP jdomain.jdraw.data.DataObject jdomain.jdraw.Main
DP jdomain.jdraw.data.DataObject jdomain.util.Util
DP jdomain.jdraw.data.ColourSettings jdomain.util.Log
DP jdomain.jdraw.gio.IconReader$IconEntry jdomain.util.Assert
DP jdomain.jdraw.gio.IconReader$IconEntry jdomain.util.Log
DP jdomain.jdraw.gio.IconReader$IconEntry jdomain.jdraw.gio.IconReader
DP jdomain.jdraw.gui.MouseHandler jdomain.util.Assert
DP jdomain.jdraw.gui.MouseHandler jdomain.jdraw.gui.MouseHandler$LayoutComparator
DP jdomain.jdraw.gui.MouseHandler jdomain.jdraw.gui.FolderPanel
DP jdomain.jdraw.gui.MouseHandler jdomain.jdraw.gui.InfoClip
DP jdomain.jdraw.gui.MouseHandler jdomain.jdraw.gui.TextTool
DP jdomain.jdraw.gui.ICOHandler jdomain.util.Log
DP jdomain.jdraw.gui.ICOHandler jdomain.jdraw.gio.IconReader
DP jdomain.jdraw.gui.ICOHandler jdomain.jdraw.gio.PNGWriter
DP jdomain.jdraw.gui.ICOHandler jdomain.util.Util
DP jdomain.util.BrowserLauncher$ProcessHelper jdomain.util.BrowserLauncher
DP jdomain.util.ResourceFinder jdomain.util.ResourceFinder$Filter
DP jdomain.util.ResourceFinder jdomain.util.Assert
DP jdomain.util.ResourceFinder jdomain.util.Log
DP jdomain.util.ResourceFinder jdomain.util.Util
DP jdomain.util.Util jdomain.util.Log
DP jdomain.jdraw.gui.Tool jdomain.jdraw.gui.StatusPanel
DP jdomain.jdraw.gui.Tool jdomain.util.Log
DP jdomain.jdraw.gui.Tool jdomain.jdraw.gui.ToolPanel
DP jdomain.jdraw.gui.Tool jdomain.util.Util
DP jdomain.jdraw.gui.Tool jdomain.jdraw.gui.MainFrame
DP jdomain.jdraw.gui.Tool jdomain.jdraw.gui.FolderPanel
DP jdomain.jdraw.action.ToggleGridAction jdomain.util.Log
DP jdomain.jdraw.action.ToggleGridAction jdomain.jdraw.gui.FolderPanel
DP jdomain.jdraw.action.DrawAction jdomain.jdraw.gui.undo.UndoManager
DP jdomain.jdraw.action.DrawAction jdomain.util.Assert
DP jdomain.jdraw.action.DrawAction jdomain.util.Log
DP jdomain.jdraw.action.DrawAction jdomain.util.ResourceLoader
DP jdomain.jdraw.action.RemoveFrameAction jdomain.util.Log
DP jdomain.jdraw.action.NewAction jdomain.jdraw.gui.undo.UndoManager
DP jdomain.jdraw.action.NewAction jdomain.util.Log
DP jdomain.jdraw.action.NewAction jdomain.jdraw.gui.ToolPanel
DP jdomain.jdraw.action.NewAction jdomain.jdraw.Main
DP jdomain.jdraw.action.NewAction jdomain.jdraw.action.LoseChanges
DP jdomain.jdraw.action.NewAction jdomain.jdraw.gui.MainFrame
DP jdomain.jdraw.action.SetFillToolAction jdomain.jdraw.gui.ToolPanel
DP jdomain.jdraw.action.SetFilledOvalToolAction jdomain.jdraw.gui.ToolPanel
DP jdomain.jdraw.action.SetLineToolAction jdomain.jdraw.gui.ToolPanel
DP jdomain.jdraw.action.SetRectangleToolAction jdomain.jdraw.gui.ToolPanel
DP jdomain.jdraw.action.CropAction jdomain.jdraw.gui.undo.UndoManager
DP jdomain.jdraw.action.CropAction jdomain.util.Log
DP jdomain.jdraw.action.CropAction jdomain.jdraw.gui.ToolPanel
DP jdomain.jdraw.action.UndoAction jdomain.jdraw.gui.undo.UndoManager
DP jdomain.jdraw.action.ToggleTransparencyAction jdomain.util.Log
DP jdomain.jdraw.action.SetOvalToolAction jdomain.jdraw.gui.ToolPanel
DP jdomain.jdraw.action.SaveAsAction jdomain.util.gui.GUIUtil
DP jdomain.jdraw.action.SaveAsAction jdomain.jdraw.gui.MainFrame
DP jdomain.jdraw.action.SaveAsAction jdomain.jdraw.gui.DrawBrowser
DP jdomain.jdraw.action.DecreaseZoomAction jdomain.util.Log
DP jdomain.jdraw.action.DecreaseZoomAction jdomain.jdraw.gui.FolderPanel
DP jdomain.jdraw.action.SetPixelToolAction jdomain.jdraw.gui.ToolPanel
DP jdomain.jdraw.action.AddFrameAction jdomain.util.Log
DP jdomain.jdraw.action.ToggleGradientFillAction jdomain.jdraw.gui.ToolPanel
DP jdomain.jdraw.action.SwapColoursAction jdomain.util.Log
DP jdomain.jdraw.action.SearchDialogAction jdomain.jdraw.action.LoseChanges
DP jdomain.jdraw.action.AddColourAction jdomain.util.Log
DP jdomain.jdraw.action.SetPreviousZoomAction jdomain.util.Log
DP jdomain.jdraw.action.SetPreviousZoomAction jdomain.jdraw.gui.FolderPanel
DP jdomain.jdraw.action.SetMinZoomAction jdomain.util.Log
DP jdomain.jdraw.action.SetMinZoomAction jdomain.jdraw.gui.FolderPanel
DP jdomain.jdraw.action.SetFilledRectangleToolAction jdomain.jdraw.gui.ToolPanel
DP jdomain.jdraw.action.RedoAction jdomain.jdraw.gui.undo.UndoManager
DP jdomain.jdraw.action.ToggleViewsAction jdomain.util.Log
DP jdomain.jdraw.action.ToggleViewsAction jdomain.jdraw.gui.MainFrame
DP jdomain.jdraw.action.SetMaxZoomAction jdomain.util.Log
DP jdomain.jdraw.action.SetMaxZoomAction jdomain.jdraw.gui.FolderPanel
DP jdomain.jdraw.action.ToggleAntialiasAction jdomain.jdraw.gui.ToolPanel
DP jdomain.jdraw.action.SetColourPickerToolAction jdomain.jdraw.gui.ToolPanel
DP jdomain.jdraw.action.SetClipToolAction jdomain.jdraw.gui.ToolPanel
DP jdomain.jdraw.action.IncreaseZoomAction jdomain.util.Log
DP jdomain.jdraw.action.IncreaseZoomAction jdomain.jdraw.gui.FolderPanel
DP jdomain.jdraw.gui.MainFrame jdomain.jdraw.gui.StatusPanel
DP jdomain.jdraw.gui.MainFrame jdomain.jdraw.gui.GradientPanel
DP jdomain.jdraw.gui.MainFrame jdomain.jdraw.gui.Dispatcher
DP jdomain.jdraw.gui.MainFrame jdomain.jdraw.Settings
DP jdomain.jdraw.gui.MainFrame jdomain.jdraw.gui.undo.UndoManager
DP jdomain.jdraw.gui.MainFrame jdomain.util.Log
DP jdomain.jdraw.gui.MainFrame jdomain.util.ResourceLoader
DP jdomain.jdraw.gui.MainFrame jdomain.jdraw.Main
DP jdomain.jdraw.gui.MainFrame jdomain.jdraw.action.LoseChanges
DP jdomain.jdraw.gui.MainFrame jdomain.jdraw.gui.MouseHandler
DP jdomain.jdraw.gui.MainFrame jdomain.jdraw.gui.DrawBrowser
DP jdomain.jdraw.gui.MainFrame jdomain.jdraw.gui.PalettePanel
DP jdomain.jdraw.gui.MainFrame jdomain.jdraw.gui.FolderPanel
DP jdomain.jdraw.gui.MainFrame jdomain.jdraw.gui.InfoClip
DP jdomain.jdraw.gui.MainFrame jdomain.jdraw.gui.TextTool
DP jdomain.jdraw.gui.undo.DrawRectangle jdomain.jdraw.gui.GradientPanel
DP jdomain.jdraw.gui.undo.DrawRectangle jdomain.jdraw.gui.FolderPanel
DP jdomain.jdraw.gui.undo.DrawClip jdomain.jdraw.gui.ToolPanel
DP jdomain.jdraw.gui.undo.DrawClip jdomain.jdraw.gui.TextTool
DP jdomain.jdraw.gui.undo.DrawFill jdomain.jdraw.gui.FillTool
DP jdomain.jdraw.gui.undo.DrawLine jdomain.jdraw.gui.FolderPanel
DP jdomain.jdraw.gui.undo.DrawOval jdomain.jdraw.gui.GradientPanel
DP jdomain.jdraw.gui.undo.DrawOval jdomain.jdraw.gui.FolderPanel
DP jdomain.jdraw.gui.ColourPanel jdomain.jdraw.gui.GradientPanel
DP jdomain.jdraw.gui.ColourPanel jdomain.util.Assert
DP jdomain.jdraw.gui.ColourPanel jdomain.util.ResourceLoader
DP jdomain.jdraw.gui.ColourPanel jdomain.util.gui.BackgroundPanel
DP jdomain.jdraw.gui.ColourPanel jdomain.jdraw.gui.PalettePanel
DP jdomain.jdraw.gui.FramePanel jdomain.jdraw.gui.PreviewPanel
DP jdomain.jdraw.gui.FramePanel jdomain.util.ResourceLoader
DP jdomain.jdraw.gui.FramePanel jdomain.util.gui.BackgroundPanel
DP jdomain.util.gui.LogPanel$CellRenderer jdomain.util.ResourceLoader
DP jdomain.jdraw.gui.DrawBrowser jdomain.jdraw.Settings
DP jdomain.jdraw.gui.DrawBrowser jdomain.jdraw.Main
DP jdomain.util.gui.IconViewer jdomain.util.Log
DP jdomain.util.gui.IconViewer jdomain.util.ResourceLoader
DP jdomain.jdraw.gui.ScaleDialog jdomain.util.Assert
DP jdomain.jdraw.gui.ScaleDialog jdomain.util.Util
DP jdomain.jdraw.gui.AboutDialog jdomain.util.ResourceLoader
DP jdomain.jdraw.gui.RotateDialog jdomain.util.Util
DP jdomain.jdraw.gui.SizeDialog jdomain.util.gui.WidgetFactory
DP jdomain.jdraw.gui.ColourEditor jdomain.jdraw.gui.GradientPanel$MListener
DP jdomain.jdraw.gui.GrayScaleDialog jdomain.util.gui.WidgetFactory
DP jdomain.jdraw.gui.GrayScaleDialog jdomain.util.Util
DP jdomain.jdraw.gui.QuestionDialog jdomain.util.ResourceLoader
DP jdomain.jdraw.gui.SettingsDialog jdomain.util.gui.WidgetFactory
DP jdomain.jdraw.gui.SettingsDialog jdomain.jdraw.Settings
DP jdomain.jdraw.gui.SettingsDialog jdomain.util.Util
DP jdomain.jdraw.gui.SettingsDialog jdomain.jdraw.gui.FillTool
DP jdomain.jdraw.data.ColourEntry jdomain.util.Log
DP jdomain.jdraw.data.Palette jdomain.util.Assert
DP jdomain.jdraw.data.Palette jdomain.util.Log
DP jdomain.jdraw.data.Palette jdomain.jdraw.data.Palette$UsageComparator
DP jdomain.jdraw.data.Palette jdomain.jdraw.data.Palette$ColourList
DP jdomain.jdraw.data.Picture jdomain.util.Log
DP jdomain.jdraw.data.Picture jdomain.jdraw.gio.ImageReader
DP jdomain.jdraw.data.Picture jdomain.util.ResourceLoader
DP jdomain.jdraw.data.Picture jdomain.util.gui.GUIUtil
DP jdomain.jdraw.data.Picture jdomain.jdraw.Main
DP jdomain.jdraw.data.Picture jdomain.jdraw.gio.PNGWriter
DP jdomain.jdraw.data.Picture jdomain.util.Util
DP jdomain.jdraw.data.Palette$ColourList jdomain.util.Assert
DP jdomain.jdraw.gui.DrawLayers jdomain.util.Assert
DP jdomain.jdraw.gui.DrawLayers jdomain.jdraw.gui.FolderPanel
DP jdomain.jdraw.gui.DrawLayers jdomain.jdraw.gui.InfoClip
DP jdomain.util.gui.JDomainPanel jdomain.util.ResourceLoader
DP jdomain.jdraw.gui.PalettePanel jdomain.jdraw.gui.StatusPanel
DP jdomain.jdraw.gui.PalettePanel jdomain.jdraw.gui.Dispatcher
DP jdomain.jdraw.gui.PalettePanel jdomain.util.Assert
DP jdomain.jdraw.gui.PalettePanel jdomain.util.Log
DP jdomain.jdraw.gui.PalettePanel jdomain.util.Util
DP jdomain.jdraw.gui.PalettePanel jdomain.jdraw.gui.MainFrame
DP jdomain.jdraw.gui.PalettePanel jdomain.jdraw.gui.FolderPanel
DP jdomain.jdraw.gui.FolderPanel jdomain.jdraw.gui.PreviewPanel
DP jdomain.jdraw.gui.FolderPanel jdomain.jdraw.gui.Dispatcher
DP jdomain.jdraw.gui.FolderPanel jdomain.util.Assert
DP jdomain.jdraw.gui.FolderPanel jdomain.util.ResourceLoader
DP jdomain.jdraw.gui.FolderPanel jdomain.jdraw.gio.JPEGWriter
DP jdomain.jdraw.gui.FolderPanel jdomain.jdraw.gui.MouseHandler
DP jdomain.jdraw.gui.FolderPanel jdomain.jdraw.gui.MainFrame
DP jdomain.jdraw.gui.FolderPanel jdomain.jdraw.gui.PalettePanel
DP jdomain.jdraw.gui.FolderPanel jdomain.jdraw.gui.TextTool
DP jdomain.jdraw.gui.ColourEditor$PreviewPanel jdomain.util.Util
DP jdomain.jdraw.gui.ColourEditor$PreviewPanel jdomain.jdraw.gui.ColourEditor
DP jdomain.util.gui.UpperCaseField jdomain.util.gui.UpperCaseField$UpperCaseDocument
DP jdomain.jdraw.gui.PixelTool jdomain.jdraw.gui.undo.UndoManager
DP jdomain.jdraw.gui.PixelTool jdomain.util.Assert
DP jdomain.jdraw.gui.PixelTool jdomain.jdraw.gui.ToolPanel
DP jdomain.jdraw.gui.ColourPickerTool jdomain.util.Assert
DP jdomain.jdraw.gui.FillTool jdomain.jdraw.Settings
DP jdomain.jdraw.gui.FillTool jdomain.jdraw.gui.undo.UndoManager
DP jdomain.jdraw.gui.InfoClip jdomain.jdraw.gui.MouseHandler
DP jdomain.jdraw.gui.InfoClip jdomain.jdraw.gui.MainFrame
DP jdomain.jdraw.gui.ClipPanel jdomain.jdraw.gui.undo.UndoManager
DP jdomain.jdraw.gui.ClipPanel jdomain.util.Assert
DP jdomain.jdraw.gui.ClipPanel jdomain.util.Util
DP jdomain.jdraw.gui.ClipPanel jdomain.jdraw.gui.MainFrame
DP jdomain.jdraw.gui.OvalTool jdomain.jdraw.gui.undo.UndoManager
DP jdomain.jdraw.gui.LineTool jdomain.jdraw.gui.undo.UndoManager
DP jdomain.jdraw.gui.ClipTool jdomain.jdraw.gui.MouseHandler
DP jdomain.jdraw.gui.ClipTool jdomain.jdraw.gui.MainFrame
DP jdomain.jdraw.gui.ClipTool jdomain.jdraw.gui.FolderPanel
DP jdomain.jdraw.gui.TextTool jdomain.jdraw.gui.GradientPanel
DP jdomain.jdraw.gui.TextTool jdomain.jdraw.gui.MouseHandler
DP jdomain.jdraw.gui.TextTool jdomain.jdraw.gui.MainFrame
DP jdomain.jdraw.gui.TextTool jdomain.jdraw.gui.FolderPanel
DP jdomain.jdraw.gui.RectangleTool jdomain.jdraw.gui.undo.UndoManager
