// concreteMediator mediator concreteColleague 
DP jdomain.jdraw.gui.TextFontDialog jdomain.util.gui.StandardDialog jdomain.util.gui.FontDialog
DP jdomain.jdraw.action.BlockingDrawAction jdomain.jdraw.action.DrawAction jdomain.jdraw.action.LoseChanges
DP jdomain.jdraw.action.BlockingDrawAction jdomain.jdraw.action.DrawAction jdomain.jdraw.gui.MainFrame
DP jdomain.jdraw.gui.SearchFrame jdomain.util.gui.StandardDialog jdomain.jdraw.gui.SearchFrame$IconListener
DP jdomain.jdraw.gui.PreviewPanel jdomain.jdraw.gui.DrawPanel jdomain.jdraw.gui.Dispatcher
DP jdomain.jdraw.gui.PreviewPanel jdomain.jdraw.gui.DrawPanel jdomain.jdraw.gui.FramePanel
DP jdomain.jdraw.gui.PreviewPanel jdomain.jdraw.gui.DrawPanel jdomain.jdraw.gui.FolderPanel
DP jdomain.jdraw.action.SaveAction jdomain.jdraw.action.BlockingDrawAction jdomain.jdraw.action.ViewAnimationAction
DP jdomain.jdraw.action.SaveAction jdomain.jdraw.action.BlockingDrawAction jdomain.jdraw.action.LoadAction
DP jdomain.jdraw.action.SaveAction jdomain.jdraw.action.BlockingDrawAction jdomain.jdraw.gui.MainFrame
DP jdomain.jdraw.action.SaveAction jdomain.jdraw.action.DrawAction jdomain.jdraw.action.BlockingDrawAction
DP jdomain.jdraw.action.SaveAction jdomain.jdraw.action.DrawAction jdomain.jdraw.action.LoadAction
DP jdomain.jdraw.action.SaveAction jdomain.jdraw.action.DrawAction jdomain.jdraw.gui.undo.UndoManager
DP jdomain.jdraw.action.SaveAction jdomain.jdraw.action.DrawAction jdomain.jdraw.gui.Tool
DP jdomain.jdraw.action.SaveAction jdomain.jdraw.action.DrawAction jdomain.jdraw.action.SaveAsAction
DP jdomain.jdraw.action.SaveAction jdomain.jdraw.action.DrawAction jdomain.jdraw.gui.MainFrame
DP jdomain.jdraw.action.SortPaletteAction jdomain.jdraw.action.DrawAction jdomain.jdraw.action.BlockingDrawAction
DP jdomain.jdraw.action.SortPaletteAction jdomain.jdraw.action.DrawAction jdomain.jdraw.gui.Tool
DP jdomain.jdraw.action.EditColourAction jdomain.jdraw.action.DrawAction jdomain.jdraw.action.BlockingDrawAction
DP jdomain.jdraw.action.EditColourAction jdomain.jdraw.action.DrawAction jdomain.jdraw.gui.Tool
DP jdomain.jdraw.action.CompressAction jdomain.jdraw.action.DrawAction jdomain.jdraw.action.BlockingDrawAction
DP jdomain.jdraw.action.CompressAction jdomain.jdraw.action.DrawAction jdomain.jdraw.gui.ToolPanel
DP jdomain.jdraw.action.CompressAction jdomain.jdraw.action.DrawAction jdomain.jdraw.gui.Tool
DP jdomain.jdraw.action.GrayScaleAction jdomain.jdraw.action.DrawAction jdomain.jdraw.action.BlockingDrawAction
DP jdomain.jdraw.action.GrayScaleAction jdomain.jdraw.action.DrawAction jdomain.jdraw.gui.undo.UndoManager
DP jdomain.jdraw.action.GrayScaleAction jdomain.jdraw.action.DrawAction jdomain.jdraw.gui.Tool
DP jdomain.jdraw.action.GrayScaleAction jdomain.jdraw.action.DrawAction jdomain.jdraw.gui.FolderPanel
DP jdomain.jdraw.action.RotateAction jdomain.jdraw.action.DrawAction jdomain.jdraw.action.BlockingDrawAction
DP jdomain.jdraw.action.RotateAction jdomain.jdraw.action.DrawAction jdomain.jdraw.gui.undo.UndoManager
DP jdomain.jdraw.action.RotateAction jdomain.jdraw.action.DrawAction jdomain.jdraw.gui.Tool
DP jdomain.jdraw.action.RotateAction jdomain.jdraw.action.DrawAction jdomain.jdraw.gui.FolderPanel
DP jdomain.jdraw.action.ExitAction jdomain.jdraw.action.BlockingDrawAction jdomain.jdraw.action.LoseChanges
DP jdomain.jdraw.action.ExitAction jdomain.jdraw.action.BlockingDrawAction jdomain.jdraw.gui.MainFrame
DP jdomain.jdraw.action.ExitAction jdomain.jdraw.action.ContinuedAction jdomain.jdraw.action.BlockingDrawAction
DP jdomain.jdraw.action.ExitAction jdomain.jdraw.action.ContinuedAction jdomain.jdraw.action.LoseChanges
DP jdomain.jdraw.action.ExitAction jdomain.jdraw.action.DrawAction jdomain.jdraw.action.BlockingDrawAction
DP jdomain.jdraw.action.ExitAction jdomain.jdraw.action.DrawAction jdomain.jdraw.action.LoseChanges
DP jdomain.jdraw.action.ExitAction jdomain.jdraw.action.DrawAction jdomain.jdraw.gui.MainFrame
DP jdomain.jdraw.action.ReducePaletteColoursAction jdomain.jdraw.action.BlockingDrawAction jdomain.jdraw.action.CompressAction
DP jdomain.jdraw.action.ReducePaletteColoursAction jdomain.jdraw.action.DrawAction jdomain.jdraw.action.BlockingDrawAction
DP jdomain.jdraw.action.ReducePaletteColoursAction jdomain.jdraw.action.DrawAction jdomain.jdraw.action.CompressAction
DP jdomain.jdraw.action.ReducePaletteColoursAction jdomain.jdraw.action.DrawAction jdomain.jdraw.gui.ToolPanel
DP jdomain.jdraw.action.ReducePaletteColoursAction jdomain.jdraw.action.DrawAction jdomain.jdraw.gui.Tool
DP jdomain.jdraw.action.ResetAlphaValuesAction jdomain.jdraw.action.DrawAction jdomain.jdraw.action.BlockingDrawAction
DP jdomain.jdraw.action.ResetAlphaValuesAction jdomain.jdraw.action.DrawAction jdomain.jdraw.gui.Tool
DP jdomain.jdraw.action.SaveCompressedAction jdomain.jdraw.action.BlockingDrawAction jdomain.jdraw.gui.MainFrame
DP jdomain.jdraw.action.SaveCompressedAction jdomain.jdraw.action.DrawAction jdomain.jdraw.action.BlockingDrawAction
DP jdomain.jdraw.action.SaveCompressedAction jdomain.jdraw.action.DrawAction jdomain.jdraw.gui.MainFrame
DP jdomain.jdraw.action.SetTextToolAction jdomain.jdraw.action.DrawAction jdomain.jdraw.gui.TextFontDialog
DP jdomain.jdraw.action.SetTextToolAction jdomain.jdraw.action.DrawAction jdomain.jdraw.action.BlockingDrawAction
DP jdomain.jdraw.action.SetTextToolAction jdomain.jdraw.action.DrawAction jdomain.jdraw.gui.ToolPanel
DP jdomain.jdraw.action.SetTextToolAction jdomain.jdraw.action.DrawAction jdomain.jdraw.gui.Tool
DP jdomain.jdraw.action.SetTextToolAction jdomain.jdraw.action.DrawAction jdomain.jdraw.action.ToggleAntialiasAction
DP jdomain.jdraw.action.ScaleAction jdomain.jdraw.action.DrawAction jdomain.jdraw.action.BlockingDrawAction
DP jdomain.jdraw.action.ScaleAction jdomain.jdraw.action.DrawAction jdomain.jdraw.gui.undo.UndoManager
DP jdomain.jdraw.action.ScaleAction jdomain.jdraw.action.DrawAction jdomain.jdraw.gui.Tool
DP jdomain.jdraw.action.ViewAnimationAction jdomain.jdraw.action.DrawAction jdomain.jdraw.action.BlockingDrawAction
DP jdomain.jdraw.action.ViewAnimationAction jdomain.jdraw.action.DrawAction jdomain.jdraw.gui.Tool
DP jdomain.jdraw.action.ResetPaletteAlphaValuesAction jdomain.jdraw.action.DrawAction jdomain.jdraw.action.BlockingDrawAction
DP jdomain.jdraw.action.ResetPaletteAlphaValuesAction jdomain.jdraw.action.DrawAction jdomain.jdraw.gui.Tool
DP jdomain.jdraw.action.LoadAction jdomain.jdraw.action.BlockingDrawAction jdomain.jdraw.gui.MainFrame
DP jdomain.jdraw.action.LoadAction jdomain.jdraw.action.ContinuedAction jdomain.jdraw.action.BlockingDrawAction
DP jdomain.jdraw.action.LoadAction jdomain.jdraw.action.DrawAction jdomain.jdraw.action.BlockingDrawAction
DP jdomain.jdraw.action.LoadAction jdomain.jdraw.action.DrawAction jdomain.jdraw.gui.undo.UndoManager
DP jdomain.jdraw.action.LoadAction jdomain.jdraw.action.DrawAction jdomain.jdraw.gui.ToolPanel
DP jdomain.jdraw.action.LoadAction jdomain.jdraw.action.DrawAction jdomain.jdraw.gui.MainFrame
DP jdomain.jdraw.action.SettingsAction jdomain.jdraw.action.DrawAction jdomain.jdraw.action.BlockingDrawAction
DP jdomain.jdraw.action.InsertAction jdomain.jdraw.action.BlockingDrawAction jdomain.jdraw.gui.MainFrame
DP jdomain.jdraw.action.InsertAction jdomain.jdraw.action.DrawAction jdomain.jdraw.action.BlockingDrawAction
DP jdomain.jdraw.action.InsertAction jdomain.jdraw.action.DrawAction jdomain.jdraw.gui.undo.UndoManager
DP jdomain.jdraw.action.InsertAction jdomain.jdraw.action.DrawAction jdomain.jdraw.gui.ToolPanel
DP jdomain.jdraw.action.InsertAction jdomain.jdraw.action.DrawAction jdomain.jdraw.gui.MainFrame
DP jdomain.jdraw.action.ResizeAction jdomain.jdraw.action.BlockingDrawAction jdomain.jdraw.gui.MainFrame
DP jdomain.jdraw.action.ResizeAction jdomain.jdraw.action.DrawAction jdomain.jdraw.action.BlockingDrawAction
DP jdomain.jdraw.action.ResizeAction jdomain.jdraw.action.DrawAction jdomain.jdraw.gui.undo.UndoManager
DP jdomain.jdraw.action.ResizeAction jdomain.jdraw.action.DrawAction jdomain.jdraw.gui.MainFrame
DP jdomain.jdraw.action.RemoveColourAction jdomain.jdraw.action.DrawAction jdomain.jdraw.action.BlockingDrawAction
DP jdomain.jdraw.action.RemoveColourAction jdomain.jdraw.action.DrawAction jdomain.jdraw.gui.ToolPanel
DP jdomain.jdraw.action.RemoveColourAction jdomain.jdraw.action.DrawAction jdomain.jdraw.gui.Tool
DP jdomain.jdraw.action.ReduceColoursAction jdomain.jdraw.action.BlockingDrawAction jdomain.jdraw.action.CompressAction
DP jdomain.jdraw.action.ReduceColoursAction jdomain.jdraw.action.DrawAction jdomain.jdraw.action.BlockingDrawAction
DP jdomain.jdraw.action.ReduceColoursAction jdomain.jdraw.action.DrawAction jdomain.jdraw.action.CompressAction
DP jdomain.jdraw.action.ReduceColoursAction jdomain.jdraw.action.DrawAction jdomain.jdraw.gui.ToolPanel
DP jdomain.jdraw.action.ReduceColoursAction jdomain.jdraw.action.DrawAction jdomain.jdraw.gui.Tool
DP jdomain.jdraw.action.CompressPaletteAction jdomain.jdraw.action.BlockingDrawAction jdomain.jdraw.action.CompressAction
DP jdomain.jdraw.action.CompressPaletteAction jdomain.jdraw.action.DrawAction jdomain.jdraw.action.BlockingDrawAction
DP jdomain.jdraw.action.CompressPaletteAction jdomain.jdraw.action.DrawAction jdomain.jdraw.action.CompressAction
DP jdomain.jdraw.action.CompressPaletteAction jdomain.jdraw.action.DrawAction jdomain.jdraw.gui.ToolPanel
DP jdomain.jdraw.action.CompressPaletteAction jdomain.jdraw.action.DrawAction jdomain.jdraw.gui.Tool
DP jdomain.jdraw.action.EditFrameSettingsAction jdomain.jdraw.action.DrawAction jdomain.jdraw.action.BlockingDrawAction
DP jdomain.jdraw.data.Frame jdomain.jdraw.data.DataObject jdomain.jdraw.data.Clip
DP jdomain.jdraw.data.Frame jdomain.jdraw.data.DataObject jdomain.util.Log
DP jdomain.jdraw.data.Frame jdomain.jdraw.data.DataObject jdomain.jdraw.data.event.ChangeEvent
DP jdomain.jdraw.data.Frame jdomain.jdraw.data.DataObject jdomain.jdraw.data.Palette
DP jdomain.jdraw.data.Frame jdomain.jdraw.data.DataObject jdomain.jdraw.data.Picture
DP jdomain.jdraw.data.Clip jdomain.jdraw.data.DataObject jdomain.jdraw.data.event.ChangeEvent
DP jdomain.util.gui.LogPanel jdomain.util.LogListener jdomain.util.Log
DP jdomain.jdraw.action.AnimTutorialAction jdomain.jdraw.action.DrawAction jdomain.jdraw.gui.MainFrame
DP jdomain.jdraw.action.HelpAction jdomain.jdraw.action.DrawAction jdomain.jdraw.gui.MainFrame
DP jdomain.jdraw.gui.StatusPanel jdomain.util.gui.AntialiasPanel jdomain.util.gui.GUIUtil
DP jdomain.jdraw.gui.StatusPanel jdomain.util.LogListener jdomain.util.Log
DP jdomain.jdraw.action.ReopenAction jdomain.jdraw.action.ContinuedAction jdomain.jdraw.action.LoseChanges
DP jdomain.jdraw.gui.ToleranceDialog jdomain.util.gui.StandardDialog jdomain.jdraw.gui.DrawDialog
DP jdomain.jdraw.gui.FrameSettingsDialog jdomain.util.gui.StandardDialog jdomain.jdraw.gui.DrawDialog
DP jdomain.jdraw.gui.FrameSettingsDialog jdomain.jdraw.gui.DrawDialog jdomain.jdraw.Main
DP jdomain.jdraw.action.ToggleGridAction jdomain.jdraw.action.DrawAction jdomain.jdraw.gui.FolderPanel
DP jdomain.jdraw.action.RemoveFrameAction jdomain.jdraw.action.DrawAction jdomain.jdraw.gui.Tool
DP jdomain.jdraw.action.NewAction jdomain.jdraw.action.ContinuedAction jdomain.jdraw.action.LoseChanges
DP jdomain.jdraw.action.NewAction jdomain.jdraw.action.DrawAction jdomain.jdraw.gui.undo.UndoManager
DP jdomain.jdraw.action.NewAction jdomain.jdraw.action.DrawAction jdomain.jdraw.gui.ToolPanel
DP jdomain.jdraw.action.NewAction jdomain.jdraw.action.DrawAction jdomain.jdraw.action.LoseChanges
DP jdomain.jdraw.action.NewAction jdomain.jdraw.action.DrawAction jdomain.jdraw.gui.MainFrame
DP jdomain.jdraw.action.SetFillToolAction jdomain.jdraw.action.DrawAction jdomain.jdraw.gui.ToolPanel
DP jdomain.jdraw.action.SetFilledOvalToolAction jdomain.jdraw.action.DrawAction jdomain.jdraw.gui.ToolPanel
DP jdomain.jdraw.action.SetLineToolAction jdomain.jdraw.action.DrawAction jdomain.jdraw.gui.ToolPanel
DP jdomain.jdraw.action.SetRectangleToolAction jdomain.jdraw.action.DrawAction jdomain.jdraw.gui.ToolPanel
DP jdomain.jdraw.action.CropAction jdomain.jdraw.action.DrawAction jdomain.jdraw.gui.undo.UndoManager
DP jdomain.jdraw.action.CropAction jdomain.jdraw.action.DrawAction jdomain.jdraw.gui.ToolPanel
DP jdomain.jdraw.action.CropAction jdomain.jdraw.action.DrawAction jdomain.jdraw.gui.Tool
DP jdomain.jdraw.action.CropAction jdomain.jdraw.action.DrawAction jdomain.jdraw.gui.ClipPanel
DP jdomain.jdraw.action.UndoAction jdomain.jdraw.action.DrawAction jdomain.jdraw.gui.undo.UndoManager
DP jdomain.jdraw.action.FlipClipHorizontallyAction jdomain.jdraw.action.DrawAction jdomain.jdraw.gui.Tool
DP jdomain.jdraw.action.FlipClipHorizontallyAction jdomain.jdraw.action.DrawAction jdomain.jdraw.gui.ClipPanel
DP jdomain.jdraw.action.ToggleTransparencyAction jdomain.jdraw.action.DrawAction jdomain.jdraw.gui.Tool
DP jdomain.jdraw.action.SetOvalToolAction jdomain.jdraw.action.DrawAction jdomain.jdraw.gui.ToolPanel
DP jdomain.jdraw.action.SaveAsAction jdomain.jdraw.action.DrawAction jdomain.jdraw.action.SaveAction
DP jdomain.jdraw.action.SaveAsAction jdomain.jdraw.action.DrawAction jdomain.jdraw.gui.MainFrame
DP jdomain.jdraw.action.DecreaseZoomAction jdomain.jdraw.gui.GridListener jdomain.jdraw.gui.FolderPanel
DP jdomain.jdraw.action.DecreaseZoomAction jdomain.jdraw.action.DrawAction jdomain.jdraw.gui.FolderPanel
DP jdomain.jdraw.action.SetPixelToolAction jdomain.jdraw.action.DrawAction jdomain.jdraw.gui.ToolPanel
DP jdomain.jdraw.action.AddFrameAction jdomain.jdraw.action.DrawAction jdomain.jdraw.gui.Tool
DP jdomain.jdraw.action.ToggleGradientFillAction jdomain.jdraw.action.DrawAction jdomain.jdraw.gui.ToolPanel
DP jdomain.jdraw.action.RotateClipAction jdomain.jdraw.action.DrawAction jdomain.jdraw.gui.Tool
DP jdomain.jdraw.action.RotateClipAction jdomain.jdraw.action.DrawAction jdomain.jdraw.gui.ClipPanel
DP jdomain.jdraw.action.SwapColoursAction jdomain.jdraw.action.DrawAction jdomain.jdraw.gui.Tool
DP jdomain.jdraw.action.SearchDialogAction jdomain.jdraw.action.ContinuedAction jdomain.jdraw.action.LoseChanges
DP jdomain.jdraw.action.SearchDialogAction jdomain.jdraw.action.DrawAction jdomain.jdraw.action.LoadAction
DP jdomain.jdraw.action.SearchDialogAction jdomain.jdraw.action.DrawAction jdomain.jdraw.action.LoseChanges
DP jdomain.jdraw.action.AddColourAction jdomain.jdraw.action.DrawAction jdomain.jdraw.gui.Tool
DP jdomain.jdraw.action.SetPreviousZoomAction jdomain.jdraw.gui.GridListener jdomain.jdraw.gui.FolderPanel
DP jdomain.jdraw.action.SetPreviousZoomAction jdomain.jdraw.action.DrawAction jdomain.jdraw.gui.FolderPanel
DP jdomain.jdraw.action.SetMinZoomAction jdomain.jdraw.gui.GridListener jdomain.jdraw.gui.FolderPanel
DP jdomain.jdraw.action.SetMinZoomAction jdomain.jdraw.action.DrawAction jdomain.jdraw.gui.FolderPanel
DP jdomain.jdraw.action.SetFilledRectangleToolAction jdomain.jdraw.action.DrawAction jdomain.jdraw.gui.ToolPanel
DP jdomain.jdraw.action.RedoAction jdomain.jdraw.action.DrawAction jdomain.jdraw.gui.undo.UndoManager
DP jdomain.jdraw.action.FlipClipVerticallyAction jdomain.jdraw.action.DrawAction jdomain.jdraw.gui.Tool
DP jdomain.jdraw.action.FlipClipVerticallyAction jdomain.jdraw.action.DrawAction jdomain.jdraw.gui.ClipPanel
DP jdomain.jdraw.action.ToggleViewsAction jdomain.jdraw.action.DrawAction jdomain.jdraw.gui.MainFrame
DP jdomain.jdraw.action.SetMaxZoomAction jdomain.jdraw.gui.GridListener jdomain.jdraw.gui.FolderPanel
DP jdomain.jdraw.action.SetMaxZoomAction jdomain.jdraw.action.DrawAction jdomain.jdraw.gui.FolderPanel
DP jdomain.jdraw.action.ToggleAntialiasAction jdomain.jdraw.action.DrawAction jdomain.jdraw.gui.ToolPanel
DP jdomain.jdraw.action.SetColourPickerToolAction jdomain.jdraw.action.DrawAction jdomain.jdraw.gui.ToolPanel
DP jdomain.jdraw.action.SetClipToolAction jdomain.jdraw.action.DrawAction jdomain.jdraw.gui.ToolPanel
DP jdomain.jdraw.action.ToggleLocalPaletteAction jdomain.jdraw.action.DrawAction jdomain.jdraw.gui.Tool
DP jdomain.jdraw.action.IncreaseZoomAction jdomain.jdraw.gui.GridListener jdomain.jdraw.gui.FolderPanel
DP jdomain.jdraw.action.IncreaseZoomAction jdomain.jdraw.action.DrawAction jdomain.jdraw.gui.FolderPanel
DP jdomain.jdraw.gui.undo.DrawRectangle jdomain.jdraw.gui.undo.Undoable jdomain.jdraw.gui.undo.DrawPixel
DP jdomain.jdraw.gui.undo.DrawClip jdomain.jdraw.gui.undo.Undoable jdomain.jdraw.gui.undo.DrawPixel
DP jdomain.jdraw.gui.undo.DrawClip jdomain.jdraw.gui.undo.Undoable jdomain.jdraw.gui.TextTool
DP jdomain.jdraw.gui.undo.DrawFill jdomain.jdraw.gui.undo.Undoable jdomain.jdraw.gui.undo.DrawPixel
DP jdomain.jdraw.gui.undo.DrawLine jdomain.jdraw.gui.undo.Undoable jdomain.jdraw.gui.undo.DrawPixel
DP jdomain.jdraw.gui.undo.DrawOval jdomain.jdraw.gui.undo.Undoable jdomain.jdraw.gui.undo.DrawPixel
DP jdomain.jdraw.gui.ScaleDialog jdomain.util.gui.StandardDialog jdomain.jdraw.gui.DrawDialog
DP jdomain.jdraw.gui.AboutDialog jdomain.util.gui.StandardDialog jdomain.jdraw.gui.DrawDialog
DP jdomain.jdraw.gui.RotateDialog jdomain.util.gui.StandardDialog jdomain.jdraw.gui.DrawDialog
DP jdomain.jdraw.gui.SizeDialog jdomain.util.gui.StandardDialog jdomain.jdraw.gui.DrawDialog
DP jdomain.jdraw.gui.ColourEditor jdomain.util.gui.StandardDialog jdomain.jdraw.gui.DrawDialog
DP jdomain.jdraw.gui.GrayScaleDialog jdomain.util.gui.StandardDialog jdomain.jdraw.gui.DrawDialog
DP jdomain.jdraw.gui.QuestionDialog jdomain.util.gui.StandardDialog jdomain.jdraw.gui.DrawDialog
DP jdomain.jdraw.gui.SettingsDialog jdomain.util.gui.StandardDialog jdomain.jdraw.gui.DrawDialog
DP jdomain.jdraw.data.ColourEntry jdomain.jdraw.data.DataObject jdomain.util.Log
DP jdomain.jdraw.data.ColourEntry jdomain.jdraw.data.DataObject jdomain.jdraw.data.event.ChangeEvent
DP jdomain.jdraw.data.Palette jdomain.jdraw.data.DataChangeListener jdomain.jdraw.data.DataObject
DP jdomain.jdraw.data.Palette jdomain.jdraw.data.DataObject jdomain.util.Log
DP jdomain.jdraw.data.Palette jdomain.jdraw.data.DataObject jdomain.jdraw.data.event.ChangeEvent
DP jdomain.jdraw.data.Palette jdomain.jdraw.data.DataObject jdomain.jdraw.data.ColourEntry
DP jdomain.jdraw.data.Palette jdomain.jdraw.data.DataObject jdomain.jdraw.data.Picture
DP jdomain.jdraw.data.Picture jdomain.jdraw.data.DataObject jdomain.util.Log
DP jdomain.jdraw.data.Picture jdomain.jdraw.data.DataObject jdomain.jdraw.data.event.ChangeEvent
DP jdomain.jdraw.data.Picture jdomain.jdraw.data.DataObject jdomain.jdraw.data.Palette
DP jdomain.jdraw.gui.DrawLayers jdomain.jdraw.gui.GridListener jdomain.jdraw.gui.FolderPanel
DP jdomain.jdraw.gui.PixelTool jdomain.jdraw.gui.Tool jdomain.jdraw.action.CompressAction
DP jdomain.jdraw.gui.PixelTool jdomain.jdraw.gui.Tool jdomain.jdraw.action.ReducePaletteColoursAction
DP jdomain.jdraw.gui.PixelTool jdomain.jdraw.gui.Tool jdomain.jdraw.action.RemoveColourAction
DP jdomain.jdraw.gui.PixelTool jdomain.jdraw.gui.Tool jdomain.jdraw.action.ReduceColoursAction
DP jdomain.jdraw.gui.PixelTool jdomain.jdraw.gui.Tool jdomain.jdraw.action.CompressPaletteAction
DP jdomain.jdraw.gui.PixelTool jdomain.jdraw.gui.Tool jdomain.jdraw.gui.ToolPanel
DP jdomain.jdraw.gui.PixelTool jdomain.jdraw.gui.Tool jdomain.jdraw.action.CropAction
DP jdomain.jdraw.gui.FillTool jdomain.jdraw.gui.Tool jdomain.jdraw.gui.undo.DrawFill
DP jdomain.jdraw.gui.RectangularSelectionTool jdomain.jdraw.gui.Tool jdomain.jdraw.gui.DrawPanel
DP jdomain.jdraw.gui.InfoClip jdomain.jdraw.gui.FloatingClip jdomain.jdraw.gui.MouseHandler
DP jdomain.jdraw.gui.OvalTool jdomain.jdraw.gui.Tool jdomain.jdraw.gui.undo.DrawOval
DP jdomain.jdraw.gui.OvalTool jdomain.jdraw.gui.Tool jdomain.jdraw.gui.RectangularSelectionTool
DP jdomain.jdraw.gui.LineTool jdomain.jdraw.gui.Tool jdomain.jdraw.gui.DrawPanel
DP jdomain.jdraw.gui.LineTool jdomain.jdraw.gui.Tool jdomain.jdraw.gui.undo.DrawLine
DP jdomain.jdraw.gui.LineTool jdomain.jdraw.gui.Tool jdomain.jdraw.gui.RectangularSelectionTool
DP jdomain.jdraw.gui.ClipTool jdomain.jdraw.gui.RectangularSelectionTool jdomain.jdraw.gui.ClipPanel
DP jdomain.jdraw.gui.TextTool jdomain.jdraw.gui.Tool jdomain.jdraw.gui.DrawPanel
DP jdomain.jdraw.gui.TextTool jdomain.jdraw.gui.Tool jdomain.jdraw.action.SetTextToolAction
DP jdomain.jdraw.gui.TextTool jdomain.jdraw.gui.Tool jdomain.jdraw.gui.undo.Undoable
DP jdomain.jdraw.gui.TextTool jdomain.jdraw.gui.Tool jdomain.jdraw.gui.MouseHandler
DP jdomain.jdraw.gui.TextTool jdomain.jdraw.gui.Tool jdomain.jdraw.gui.MainFrame
DP jdomain.jdraw.gui.TextTool jdomain.jdraw.gui.Tool jdomain.jdraw.gui.FolderPanel
DP jdomain.jdraw.gui.TextTool jdomain.jdraw.gui.Tool jdomain.jdraw.gui.RectangularSelectionTool
DP jdomain.jdraw.gui.TextTool jdomain.jdraw.gui.Tool jdomain.jdraw.gui.ClipPanel
DP jdomain.jdraw.gui.TextTool jdomain.jdraw.gui.RectangularSelectionTool jdomain.jdraw.gui.ClipPanel
DP jdomain.jdraw.gui.RectangleTool jdomain.jdraw.gui.Tool jdomain.jdraw.gui.undo.DrawRectangle
DP jdomain.jdraw.gui.RectangleTool jdomain.jdraw.gui.Tool jdomain.jdraw.gui.RectangularSelectionTool
