// subject concreteSubject observer concreteObserver
DP ajp_code.mediator.MediatorGui ajp_code.mediator.ContactImpl ajp_code.mediator.ContactMediator ajp_code.mediator.ContactMediatorImpl
DP ajp_code.mediator.MediatorGui ajp_code.mediator.Contact ajp_code.mediator.ContactMediator ajp_code.mediator.ContactMediatorImpl
DP ajp_code.mediator.MediatorGui ajp_code.mediator.ContactDisplayPanel ajp_code.mediator.ContactMediator ajp_code.mediator.ContactMediatorImpl
DP ajp_code.mediator.MediatorGui ajp_code.mediator.ContactSelectorPanel ajp_code.mediator.ContactMediator ajp_code.mediator.ContactMediatorImpl
DP ajp_code.mediator.MediatorGui ajp_code.mediator.ContactEditorPanel ajp_code.mediator.ContactMediator ajp_code.mediator.ContactMediatorImpl
DP ajp_code.mediator.ContactDisplayPanel ajp_code.mediator.ContactImpl ajp_code.mediator.ContactMediator ajp_code.mediator.ContactMediatorImpl
DP ajp_code.mediator.ContactDisplayPanel ajp_code.mediator.Contact ajp_code.mediator.ContactMediator ajp_code.mediator.ContactMediatorImpl
DP ajp_code.mediator.ContactDisplayPanel ajp_code.mediator.ContactDisplayPanel ajp_code.mediator.ContactMediator ajp_code.mediator.ContactMediatorImpl
DP ajp_code.mediator.ContactDisplayPanel ajp_code.mediator.ContactSelectorPanel ajp_code.mediator.ContactMediator ajp_code.mediator.ContactMediatorImpl
DP ajp_code.mediator.ContactDisplayPanel ajp_code.mediator.ContactEditorPanel ajp_code.mediator.ContactMediator ajp_code.mediator.ContactMediatorImpl
DP ajp_code.mediator.ContactSelectorPanel ajp_code.mediator.ContactImpl ajp_code.mediator.ContactMediator ajp_code.mediator.ContactMediatorImpl
DP ajp_code.mediator.ContactSelectorPanel ajp_code.mediator.Contact ajp_code.mediator.ContactMediator ajp_code.mediator.ContactMediatorImpl
DP ajp_code.mediator.ContactSelectorPanel ajp_code.mediator.ContactDisplayPanel ajp_code.mediator.ContactMediator ajp_code.mediator.ContactMediatorImpl
DP ajp_code.mediator.ContactSelectorPanel ajp_code.mediator.ContactSelectorPanel ajp_code.mediator.ContactMediator ajp_code.mediator.ContactMediatorImpl
DP ajp_code.mediator.ContactSelectorPanel ajp_code.mediator.ContactEditorPanel ajp_code.mediator.ContactMediator ajp_code.mediator.ContactMediatorImpl
DP ajp_code.mediator.ContactEditorPanel ajp_code.mediator.ContactImpl ajp_code.mediator.ContactMediator ajp_code.mediator.ContactMediatorImpl
DP ajp_code.mediator.ContactEditorPanel ajp_code.mediator.Contact ajp_code.mediator.ContactMediator ajp_code.mediator.ContactMediatorImpl
DP ajp_code.mediator.ContactEditorPanel ajp_code.mediator.ContactDisplayPanel ajp_code.mediator.ContactMediator ajp_code.mediator.ContactMediatorImpl
DP ajp_code.mediator.ContactEditorPanel ajp_code.mediator.ContactSelectorPanel ajp_code.mediator.ContactMediator ajp_code.mediator.ContactMediatorImpl
DP ajp_code.mediator.ContactEditorPanel ajp_code.mediator.ContactEditorPanel ajp_code.mediator.ContactMediator ajp_code.mediator.ContactMediatorImpl
