// originator memento caretaker 
DP ajp_code.observer.ObserverGui$WindowCloseManager ajp_code.observer.ObserverGui$WindowCloseManager ajp_code.observer.ObserverGui
DP ajp_code.observer.ObserverGui$WindowCloseManager ajp_code.observer.TaskChangeObservable ajp_code.observer.ObserverGui
DP ajp_code.observer.ObserverGui$WindowCloseManager ajp_code.observer.Task ajp_code.observer.ObserverGui
DP ajp_code.observer.ObserverGui$WindowCloseManager ajp_code.observer.TaskEditorPanel ajp_code.observer.ObserverGui
DP ajp_code.observer.ObserverGui$WindowCloseManager ajp_code.observer.TaskHistoryPanel ajp_code.observer.ObserverGui
DP ajp_code.observer.ObserverGui$WindowCloseManager ajp_code.observer.TaskSelectorPanel ajp_code.observer.ObserverGui
DP ajp_code.observer.TaskChangeObservable ajp_code.observer.ObserverGui$WindowCloseManager ajp_code.observer.ObserverGui
DP ajp_code.observer.TaskChangeObservable ajp_code.observer.TaskChangeObservable ajp_code.observer.ObserverGui
DP ajp_code.observer.TaskChangeObservable ajp_code.observer.TaskChangeObservable ajp_code.observer.TaskEditorPanel
DP ajp_code.observer.TaskChangeObservable ajp_code.observer.TaskChangeObservable ajp_code.observer.TaskSelectorPanel
DP ajp_code.observer.TaskChangeObservable ajp_code.observer.Task ajp_code.observer.ObserverGui
DP ajp_code.observer.TaskChangeObservable ajp_code.observer.Task ajp_code.observer.TaskEditorPanel
DP ajp_code.observer.TaskChangeObservable ajp_code.observer.Task ajp_code.observer.TaskSelectorPanel
DP ajp_code.observer.TaskChangeObservable ajp_code.observer.TaskEditorPanel ajp_code.observer.ObserverGui
DP ajp_code.observer.TaskChangeObservable ajp_code.observer.TaskHistoryPanel ajp_code.observer.ObserverGui
DP ajp_code.observer.TaskChangeObservable ajp_code.observer.TaskSelectorPanel ajp_code.observer.ObserverGui
DP ajp_code.observer.TaskChangeObserver ajp_code.observer.TaskChangeObserver ajp_code.observer.TaskChangeObservable
DP ajp_code.observer.TaskChangeObserver ajp_code.observer.Task ajp_code.observer.TaskChangeObservable
DP ajp_code.observer.Task ajp_code.observer.ObserverGui$WindowCloseManager ajp_code.observer.ObserverGui
DP ajp_code.observer.Task ajp_code.observer.TaskChangeObservable ajp_code.observer.ObserverGui
DP ajp_code.observer.Task ajp_code.observer.TaskChangeObservable ajp_code.observer.TaskEditorPanel
DP ajp_code.observer.Task ajp_code.observer.TaskChangeObservable ajp_code.observer.TaskSelectorPanel
DP ajp_code.observer.Task ajp_code.observer.TaskChangeObserver ajp_code.observer.TaskChangeObservable
DP ajp_code.observer.Task ajp_code.observer.Task ajp_code.observer.TaskChangeObservable
DP ajp_code.observer.Task ajp_code.observer.Task ajp_code.observer.ObserverGui
DP ajp_code.observer.Task ajp_code.observer.Task ajp_code.observer.TaskEditorPanel
DP ajp_code.observer.Task ajp_code.observer.Task ajp_code.observer.TaskHistoryPanel
DP ajp_code.observer.Task ajp_code.observer.Task ajp_code.observer.TaskSelectorPanel
DP ajp_code.observer.Task ajp_code.observer.TaskEditorPanel ajp_code.observer.ObserverGui
DP ajp_code.observer.Task ajp_code.observer.TaskHistoryPanel ajp_code.observer.ObserverGui
DP ajp_code.observer.Task ajp_code.observer.TaskSelectorPanel ajp_code.observer.ObserverGui
DP ajp_code.observer.ObserverGui ajp_code.observer.ObserverGui ajp_code.observer.ObserverGui$WindowCloseManager
DP ajp_code.observer.ObserverGui ajp_code.observer.ObserverGui ajp_code.observer.RunPattern
DP ajp_code.observer.TaskEditorPanel ajp_code.observer.ObserverGui$WindowCloseManager ajp_code.observer.ObserverGui
DP ajp_code.observer.TaskEditorPanel ajp_code.observer.TaskChangeObservable ajp_code.observer.ObserverGui
DP ajp_code.observer.TaskEditorPanel ajp_code.observer.Task ajp_code.observer.ObserverGui
DP ajp_code.observer.TaskEditorPanel ajp_code.observer.TaskEditorPanel ajp_code.observer.ObserverGui
DP ajp_code.observer.TaskEditorPanel ajp_code.observer.TaskHistoryPanel ajp_code.observer.ObserverGui
DP ajp_code.observer.TaskEditorPanel ajp_code.observer.TaskSelectorPanel ajp_code.observer.ObserverGui
DP ajp_code.observer.TaskHistoryPanel ajp_code.observer.ObserverGui$WindowCloseManager ajp_code.observer.ObserverGui
DP ajp_code.observer.TaskHistoryPanel ajp_code.observer.TaskChangeObservable ajp_code.observer.ObserverGui
DP ajp_code.observer.TaskHistoryPanel ajp_code.observer.Task ajp_code.observer.ObserverGui
DP ajp_code.observer.TaskHistoryPanel ajp_code.observer.TaskEditorPanel ajp_code.observer.ObserverGui
DP ajp_code.observer.TaskHistoryPanel ajp_code.observer.TaskHistoryPanel ajp_code.observer.ObserverGui
DP ajp_code.observer.TaskHistoryPanel ajp_code.observer.TaskSelectorPanel ajp_code.observer.ObserverGui
DP ajp_code.observer.TaskSelectorPanel ajp_code.observer.ObserverGui$WindowCloseManager ajp_code.observer.ObserverGui
DP ajp_code.observer.TaskSelectorPanel ajp_code.observer.TaskChangeObservable ajp_code.observer.ObserverGui
DP ajp_code.observer.TaskSelectorPanel ajp_code.observer.Task ajp_code.observer.ObserverGui
DP ajp_code.observer.TaskSelectorPanel ajp_code.observer.TaskEditorPanel ajp_code.observer.ObserverGui
DP ajp_code.observer.TaskSelectorPanel ajp_code.observer.TaskHistoryPanel ajp_code.observer.ObserverGui
DP ajp_code.observer.TaskSelectorPanel ajp_code.observer.TaskSelectorPanel ajp_code.observer.ObserverGui
