// originator memento caretaker 
DP ajp_code.strategy.DataCreator ajp_code.strategy.DataCreator ajp_code.strategy.RunPattern
DP ajp_code.strategy.DataCreator ajp_code.strategy.DataRetriever ajp_code.strategy.RunPattern
DP ajp_code.strategy.DataCreator ajp_code.strategy.OrganizationSummarizer ajp_code.strategy.RunPattern
DP ajp_code.strategy.DataCreator ajp_code.strategy.NameSummarizer ajp_code.strategy.RunPattern
DP ajp_code.strategy.DataCreator ajp_code.strategy.ContactList ajp_code.strategy.RunPattern
DP ajp_code.strategy.SummarizingStrategy ajp_code.strategy.SummarizingStrategy ajp_code.strategy.ContactList
DP ajp_code.strategy.SummarizingStrategy ajp_code.strategy.Contact ajp_code.strategy.ContactList
DP ajp_code.strategy.DataRetriever ajp_code.strategy.DataCreator ajp_code.strategy.RunPattern
DP ajp_code.strategy.DataRetriever ajp_code.strategy.DataRetriever ajp_code.strategy.RunPattern
DP ajp_code.strategy.DataRetriever ajp_code.strategy.OrganizationSummarizer ajp_code.strategy.RunPattern
DP ajp_code.strategy.DataRetriever ajp_code.strategy.NameSummarizer ajp_code.strategy.RunPattern
DP ajp_code.strategy.DataRetriever ajp_code.strategy.ContactList ajp_code.strategy.RunPattern
DP ajp_code.strategy.OrganizationSummarizer ajp_code.strategy.DataCreator ajp_code.strategy.RunPattern
DP ajp_code.strategy.OrganizationSummarizer ajp_code.strategy.DataRetriever ajp_code.strategy.RunPattern
DP ajp_code.strategy.OrganizationSummarizer ajp_code.strategy.OrganizationSummarizer ajp_code.strategy.RunPattern
DP ajp_code.strategy.OrganizationSummarizer ajp_code.strategy.OrganizationSummarizer ajp_code.strategy.OrganizationSummarizer$OrganizationComparator
DP ajp_code.strategy.OrganizationSummarizer ajp_code.strategy.Contact ajp_code.strategy.OrganizationSummarizer$OrganizationComparator
DP ajp_code.strategy.OrganizationSummarizer ajp_code.strategy.NameSummarizer ajp_code.strategy.RunPattern
DP ajp_code.strategy.OrganizationSummarizer ajp_code.strategy.ContactList ajp_code.strategy.RunPattern
DP ajp_code.strategy.Contact ajp_code.strategy.SummarizingStrategy ajp_code.strategy.ContactList
DP ajp_code.strategy.Contact ajp_code.strategy.OrganizationSummarizer ajp_code.strategy.OrganizationSummarizer$OrganizationComparator
DP ajp_code.strategy.Contact ajp_code.strategy.Contact ajp_code.strategy.OrganizationSummarizer
DP ajp_code.strategy.Contact ajp_code.strategy.Contact ajp_code.strategy.NameSummarizer$NameComparator
DP ajp_code.strategy.Contact ajp_code.strategy.Contact ajp_code.strategy.OrganizationSummarizer$OrganizationComparator
DP ajp_code.strategy.Contact ajp_code.strategy.Contact ajp_code.strategy.NameSummarizer
DP ajp_code.strategy.Contact ajp_code.strategy.Contact ajp_code.strategy.ContactList
DP ajp_code.strategy.Contact ajp_code.strategy.NameSummarizer$NameComparator ajp_code.strategy.NameSummarizer
DP ajp_code.strategy.Contact ajp_code.strategy.OrganizationSummarizer$OrganizationComparator ajp_code.strategy.OrganizationSummarizer
DP ajp_code.strategy.Contact ajp_code.strategy.NameSummarizer ajp_code.strategy.NameSummarizer$NameComparator
DP ajp_code.strategy.NameSummarizer$NameComparator ajp_code.strategy.Contact ajp_code.strategy.NameSummarizer
DP ajp_code.strategy.NameSummarizer$NameComparator ajp_code.strategy.NameSummarizer$NameComparator ajp_code.strategy.NameSummarizer
DP ajp_code.strategy.ContactImpl ajp_code.strategy.ContactImpl ajp_code.strategy.DataCreator
DP ajp_code.strategy.ContactImpl ajp_code.strategy.ContactList ajp_code.strategy.DataCreator
DP ajp_code.strategy.OrganizationSummarizer$OrganizationComparator ajp_code.strategy.Contact ajp_code.strategy.OrganizationSummarizer
DP ajp_code.strategy.OrganizationSummarizer$OrganizationComparator ajp_code.strategy.OrganizationSummarizer$OrganizationComparator ajp_code.strategy.OrganizationSummarizer
DP ajp_code.strategy.NameSummarizer ajp_code.strategy.DataCreator ajp_code.strategy.RunPattern
DP ajp_code.strategy.NameSummarizer ajp_code.strategy.DataRetriever ajp_code.strategy.RunPattern
DP ajp_code.strategy.NameSummarizer ajp_code.strategy.OrganizationSummarizer ajp_code.strategy.RunPattern
DP ajp_code.strategy.NameSummarizer ajp_code.strategy.Contact ajp_code.strategy.NameSummarizer$NameComparator
DP ajp_code.strategy.NameSummarizer ajp_code.strategy.NameSummarizer ajp_code.strategy.RunPattern
DP ajp_code.strategy.NameSummarizer ajp_code.strategy.NameSummarizer ajp_code.strategy.NameSummarizer$NameComparator
DP ajp_code.strategy.NameSummarizer ajp_code.strategy.ContactList ajp_code.strategy.RunPattern
DP ajp_code.strategy.ContactList ajp_code.strategy.DataCreator ajp_code.strategy.RunPattern
DP ajp_code.strategy.ContactList ajp_code.strategy.DataRetriever ajp_code.strategy.RunPattern
DP ajp_code.strategy.ContactList ajp_code.strategy.OrganizationSummarizer ajp_code.strategy.RunPattern
DP ajp_code.strategy.ContactList ajp_code.strategy.ContactImpl ajp_code.strategy.DataCreator
DP ajp_code.strategy.ContactList ajp_code.strategy.NameSummarizer ajp_code.strategy.RunPattern
DP ajp_code.strategy.ContactList ajp_code.strategy.ContactList ajp_code.strategy.RunPattern
DP ajp_code.strategy.ContactList ajp_code.strategy.ContactList ajp_code.strategy.DataCreator
