// originator memento caretaker 
DP ajp_code.chain.Contact ajp_code.chain.Contact ajp_code.chain.Task
DP ajp_code.chain.Contact ajp_code.chain.Contact ajp_code.chain.Project
DP ajp_code.chain.Contact ajp_code.chain.Contact ajp_code.chain.DataCreator
DP ajp_code.chain.Contact ajp_code.chain.ContactImpl ajp_code.chain.DataCreator
DP ajp_code.chain.Contact ajp_code.chain.Task ajp_code.chain.DataCreator
DP ajp_code.chain.Contact ajp_code.chain.Project ajp_code.chain.DataCreator
DP ajp_code.chain.Contact ajp_code.chain.ProjectItem ajp_code.chain.Task
DP ajp_code.chain.Contact ajp_code.chain.ProjectItem ajp_code.chain.Project
DP ajp_code.chain.ContactImpl ajp_code.chain.Contact ajp_code.chain.DataCreator
DP ajp_code.chain.ContactImpl ajp_code.chain.ContactImpl ajp_code.chain.DataCreator
DP ajp_code.chain.ContactImpl ajp_code.chain.Task ajp_code.chain.DataCreator
DP ajp_code.chain.ContactImpl ajp_code.chain.Project ajp_code.chain.DataCreator
DP ajp_code.chain.DataRetriever ajp_code.chain.DataRetriever ajp_code.chain.RunPattern
DP ajp_code.chain.DataRetriever ajp_code.chain.Project ajp_code.chain.RunPattern
DP ajp_code.chain.DataRetriever ajp_code.chain.DataCreator ajp_code.chain.RunPattern
DP ajp_code.chain.DataRetriever ajp_code.chain.ProjectItem ajp_code.chain.RunPattern
DP ajp_code.chain.Task ajp_code.chain.Contact ajp_code.chain.DataCreator
DP ajp_code.chain.Task ajp_code.chain.ContactImpl ajp_code.chain.DataCreator
DP ajp_code.chain.Task ajp_code.chain.Task ajp_code.chain.DataCreator
DP ajp_code.chain.Task ajp_code.chain.Project ajp_code.chain.DataCreator
DP ajp_code.chain.Project ajp_code.chain.Contact ajp_code.chain.DataCreator
DP ajp_code.chain.Project ajp_code.chain.ContactImpl ajp_code.chain.DataCreator
DP ajp_code.chain.Project ajp_code.chain.DataRetriever ajp_code.chain.RunPattern
DP ajp_code.chain.Project ajp_code.chain.Task ajp_code.chain.DataCreator
DP ajp_code.chain.Project ajp_code.chain.Project ajp_code.chain.DataCreator
DP ajp_code.chain.Project ajp_code.chain.Project ajp_code.chain.RunPattern
DP ajp_code.chain.Project ajp_code.chain.DataCreator ajp_code.chain.RunPattern
DP ajp_code.chain.Project ajp_code.chain.ProjectItem ajp_code.chain.RunPattern
DP ajp_code.chain.DataCreator ajp_code.chain.DataRetriever ajp_code.chain.RunPattern
DP ajp_code.chain.DataCreator ajp_code.chain.Project ajp_code.chain.RunPattern
DP ajp_code.chain.DataCreator ajp_code.chain.DataCreator ajp_code.chain.RunPattern
DP ajp_code.chain.DataCreator ajp_code.chain.ProjectItem ajp_code.chain.RunPattern
DP ajp_code.chain.ProjectItem ajp_code.chain.Contact ajp_code.chain.Task
DP ajp_code.chain.ProjectItem ajp_code.chain.Contact ajp_code.chain.Project
DP ajp_code.chain.ProjectItem ajp_code.chain.DataRetriever ajp_code.chain.RunPattern
DP ajp_code.chain.ProjectItem ajp_code.chain.Project ajp_code.chain.RunPattern
DP ajp_code.chain.ProjectItem ajp_code.chain.DataCreator ajp_code.chain.RunPattern
DP ajp_code.chain.ProjectItem ajp_code.chain.ProjectItem ajp_code.chain.Task
DP ajp_code.chain.ProjectItem ajp_code.chain.ProjectItem ajp_code.chain.Project
DP ajp_code.chain.ProjectItem ajp_code.chain.ProjectItem ajp_code.chain.RunPattern
