// subject concreteSubject observer concreteObserver
DP ajp_code.decorator.Task ajp_code.decorator.ProjectItem ajp_code.decorator.ProjectItem ajp_code.decorator.Task
DP ajp_code.decorator.Task ajp_code.decorator.ProjectItem ajp_code.decorator.ProjectItem ajp_code.decorator.ProjectDecorator
DP ajp_code.decorator.Task ajp_code.decorator.Contact ajp_code.decorator.ProjectItem ajp_code.decorator.Deliverable
DP ajp_code.decorator.Task ajp_code.decorator.Contact ajp_code.decorator.ProjectItem ajp_code.decorator.Task
DP ajp_code.decorator.RunPattern ajp_code.decorator.ProjectItem ajp_code.decorator.ProjectDecorator ajp_code.decorator.DependentProjectItem
DP ajp_code.decorator.RunPattern ajp_code.decorator.ProjectDecorator ajp_code.decorator.ProjectDecorator ajp_code.decorator.SupportedProjectItem
DP ajp_code.decorator.RunPattern ajp_code.decorator.ProjectDecorator ajp_code.decorator.ProjectDecorator ajp_code.decorator.DependentProjectItem
DP ajp_code.decorator.RunPattern java.io.File ajp_code.decorator.ProjectDecorator ajp_code.decorator.SupportedProjectItem
DP ajp_code.decorator.ProjectDecorator ajp_code.decorator.ProjectItem ajp_code.decorator.ProjectItem ajp_code.decorator.Task
DP ajp_code.decorator.ProjectDecorator ajp_code.decorator.ProjectItem ajp_code.decorator.ProjectItem ajp_code.decorator.ProjectDecorator
DP ajp_code.decorator.ProjectDecorator ajp_code.decorator.Contact ajp_code.decorator.ProjectItem ajp_code.decorator.Deliverable
DP ajp_code.decorator.ProjectDecorator ajp_code.decorator.Contact ajp_code.decorator.ProjectItem ajp_code.decorator.Task
DP ajp_code.decorator.SupportedProjectItem ajp_code.decorator.ProjectItem ajp_code.decorator.ProjectDecorator ajp_code.decorator.DependentProjectItem
DP ajp_code.decorator.SupportedProjectItem ajp_code.decorator.ProjectDecorator ajp_code.decorator.ProjectDecorator ajp_code.decorator.SupportedProjectItem
DP ajp_code.decorator.SupportedProjectItem ajp_code.decorator.ProjectDecorator ajp_code.decorator.ProjectDecorator ajp_code.decorator.DependentProjectItem
DP ajp_code.decorator.SupportedProjectItem java.io.File ajp_code.decorator.ProjectDecorator ajp_code.decorator.SupportedProjectItem
DP ajp_code.decorator.DependentProjectItem ajp_code.decorator.ProjectItem ajp_code.decorator.ProjectItem ajp_code.decorator.Task
DP ajp_code.decorator.DependentProjectItem ajp_code.decorator.ProjectItem ajp_code.decorator.ProjectItem ajp_code.decorator.ProjectDecorator
DP ajp_code.decorator.DependentProjectItem ajp_code.decorator.ProjectItem ajp_code.decorator.ProjectDecorator ajp_code.decorator.DependentProjectItem
DP ajp_code.decorator.DependentProjectItem ajp_code.decorator.Contact ajp_code.decorator.ProjectItem ajp_code.decorator.Deliverable
DP ajp_code.decorator.DependentProjectItem ajp_code.decorator.Contact ajp_code.decorator.ProjectItem ajp_code.decorator.Task
DP ajp_code.decorator.DependentProjectItem ajp_code.decorator.ProjectDecorator ajp_code.decorator.ProjectDecorator ajp_code.decorator.SupportedProjectItem
DP ajp_code.decorator.DependentProjectItem ajp_code.decorator.ProjectDecorator ajp_code.decorator.ProjectDecorator ajp_code.decorator.DependentProjectItem
DP ajp_code.decorator.DependentProjectItem java.io.File ajp_code.decorator.ProjectDecorator ajp_code.decorator.SupportedProjectItem
