// abstractClass concreteClass
DP jdomain.util.gui.StandardScrollPane jdomain.util.gui.IconViewer
DP jdomain.util.gui.FontDialog jdomain.jdraw.gui.TextFontDialog
DP jdomain.util.gui.BrowserFilter jdomain.util.gui.FileBrowser$1
DP jdomain.jdraw.action.BlockingDrawAction jdomain.jdraw.action.SaveAction
DP jdomain.jdraw.action.BlockingDrawAction jdomain.jdraw.action.SortPaletteAction
DP jdomain.jdraw.action.BlockingDrawAction jdomain.jdraw.action.EditColourAction
DP jdomain.jdraw.action.BlockingDrawAction jdomain.jdraw.action.CompressAction
DP jdomain.jdraw.action.BlockingDrawAction jdomain.jdraw.action.GrayScaleAction
DP jdomain.jdraw.action.BlockingDrawAction jdomain.jdraw.action.RotateAction
DP jdomain.jdraw.action.BlockingDrawAction jdomain.jdraw.action.ExitAction
DP jdomain.jdraw.action.BlockingDrawAction jdomain.jdraw.action.ReducePaletteColoursAction
DP jdomain.jdraw.action.BlockingDrawAction jdomain.jdraw.action.ResetAlphaValuesAction
DP jdomain.jdraw.action.BlockingDrawAction jdomain.jdraw.action.SaveCompressedAction
DP jdomain.jdraw.action.BlockingDrawAction jdomain.jdraw.action.SetTextToolAction
DP jdomain.jdraw.action.BlockingDrawAction jdomain.jdraw.action.ScaleAction
DP jdomain.jdraw.action.BlockingDrawAction jdomain.jdraw.action.ViewAnimationAction
DP jdomain.jdraw.action.BlockingDrawAction jdomain.jdraw.action.ResetPaletteAlphaValuesAction
DP jdomain.jdraw.action.BlockingDrawAction jdomain.jdraw.action.LoadAction
DP jdomain.jdraw.action.BlockingDrawAction jdomain.jdraw.action.SettingsAction
DP jdomain.jdraw.action.BlockingDrawAction jdomain.jdraw.action.InsertAction
DP jdomain.jdraw.action.BlockingDrawAction jdomain.jdraw.action.ResizeAction
DP jdomain.jdraw.action.BlockingDrawAction jdomain.jdraw.action.RemoveColourAction
DP jdomain.jdraw.action.BlockingDrawAction jdomain.jdraw.action.ReduceColoursAction
DP jdomain.jdraw.action.BlockingDrawAction jdomain.jdraw.action.CompressPaletteAction
DP jdomain.jdraw.action.BlockingDrawAction jdomain.jdraw.action.EditFrameSettingsAction
DP jdomain.jdraw.gui.DrawPanel jdomain.jdraw.gui.PreviewPanel
DP jdomain.jdraw.data.Clip jdomain.jdraw.data.Frame
DP jdomain.util.gui.AntialiasPanel jdomain.jdraw.gui.StatusPanel
DP jdomain.util.gui.AntialiasPanel jdomain.jdraw.gui.GradientPanel
DP jdomain.util.gui.StandardDialog jdomain.util.gui.FontDialog
DP jdomain.util.gui.StandardDialog jdomain.jdraw.gui.SearchFrame
DP jdomain.util.gui.StandardDialog jdomain.jdraw.gui.DrawDialog
DP jdomain.util.gui.StandardMainFrame jdomain.jdraw.gui.MainFrame
DP jdomain.util.gui.StandardWindow jdomain.jdraw.gui.DrawWindow
DP jdomain.jdraw.gui.undo.Undoable jdomain.jdraw.gui.undo.DrawRectangle
DP jdomain.jdraw.gui.undo.Undoable jdomain.jdraw.gui.undo.DrawClip
DP jdomain.jdraw.gui.undo.Undoable jdomain.jdraw.gui.undo.DrawFill
DP jdomain.jdraw.gui.undo.Undoable jdomain.jdraw.gui.undo.DrawLine
DP jdomain.jdraw.gui.undo.Undoable jdomain.jdraw.gui.undo.DrawPixel
DP jdomain.jdraw.gui.undo.Undoable jdomain.jdraw.gui.undo.DrawOval
DP jdomain.jdraw.data.DataObject jdomain.jdraw.data.Clip
DP jdomain.jdraw.data.DataObject jdomain.jdraw.data.ColourEntry
DP jdomain.jdraw.data.DataObject jdomain.jdraw.data.Palette
DP jdomain.jdraw.data.DataObject jdomain.jdraw.data.Picture
DP jdomain.jdraw.gui.Tool jdomain.jdraw.gui.PixelTool
DP jdomain.jdraw.gui.Tool jdomain.jdraw.gui.ColourPickerTool
DP jdomain.jdraw.gui.Tool jdomain.jdraw.gui.FillTool
DP jdomain.jdraw.gui.Tool jdomain.jdraw.gui.RectangularSelectionTool
DP jdomain.jdraw.gui.Tool jdomain.jdraw.gui.LineTool
DP jdomain.jdraw.gui.Tool jdomain.jdraw.gui.TextTool
DP jdomain.jdraw.action.DrawAction jdomain.jdraw.action.BlockingDrawAction
DP jdomain.jdraw.action.DrawAction jdomain.jdraw.action.SaveAction
DP jdomain.jdraw.action.DrawAction jdomain.jdraw.action.CompressAction
DP jdomain.jdraw.action.DrawAction jdomain.jdraw.action.ReducePaletteColoursAction
DP jdomain.jdraw.action.DrawAction jdomain.jdraw.action.SaveCompressedAction
DP jdomain.jdraw.action.DrawAction jdomain.jdraw.action.SetTextToolAction
DP jdomain.jdraw.action.DrawAction jdomain.jdraw.action.LoadAction
DP jdomain.jdraw.action.DrawAction jdomain.jdraw.action.InsertAction
DP jdomain.jdraw.action.DrawAction jdomain.jdraw.action.RemoveColourAction
DP jdomain.jdraw.action.DrawAction jdomain.jdraw.action.ReduceColoursAction
DP jdomain.jdraw.action.DrawAction jdomain.jdraw.action.CompressPaletteAction
DP jdomain.jdraw.action.DrawAction jdomain.jdraw.action.AnimTutorialAction
DP jdomain.jdraw.action.DrawAction jdomain.jdraw.action.HelpAction
DP jdomain.jdraw.action.DrawAction jdomain.jdraw.action.ToggleGridAction
DP jdomain.jdraw.action.DrawAction jdomain.jdraw.action.RemoveFrameAction
DP jdomain.jdraw.action.DrawAction jdomain.jdraw.action.NewAction
DP jdomain.jdraw.action.DrawAction jdomain.jdraw.action.SetFillToolAction
DP jdomain.jdraw.action.DrawAction jdomain.jdraw.action.SetFilledOvalToolAction
DP jdomain.jdraw.action.DrawAction jdomain.jdraw.action.SetLineToolAction
DP jdomain.jdraw.action.DrawAction jdomain.jdraw.action.SetRectangleToolAction
DP jdomain.jdraw.action.DrawAction jdomain.jdraw.action.SetToleranceAction
DP jdomain.jdraw.action.DrawAction jdomain.jdraw.action.CropAction
DP jdomain.jdraw.action.DrawAction jdomain.jdraw.action.UndoAction
DP jdomain.jdraw.action.DrawAction jdomain.jdraw.action.FlipClipHorizontallyAction
DP jdomain.jdraw.action.DrawAction jdomain.jdraw.action.ToggleTransparencyAction
DP jdomain.jdraw.action.DrawAction jdomain.jdraw.action.SetOvalToolAction
DP jdomain.jdraw.action.DrawAction jdomain.jdraw.action.SaveAsAction
DP jdomain.jdraw.action.DrawAction jdomain.jdraw.action.DecreaseZoomAction
DP jdomain.jdraw.action.DrawAction jdomain.jdraw.action.SetPixelToolAction
DP jdomain.jdraw.action.DrawAction jdomain.jdraw.action.AddFrameAction
DP jdomain.jdraw.action.DrawAction jdomain.jdraw.action.ToggleGradientFillAction
DP jdomain.jdraw.action.DrawAction jdomain.jdraw.action.RotateClipAction
DP jdomain.jdraw.action.DrawAction jdomain.jdraw.action.SwapColoursAction
DP jdomain.jdraw.action.DrawAction jdomain.jdraw.action.AboutAction
DP jdomain.jdraw.action.DrawAction jdomain.jdraw.action.SearchDialogAction
DP jdomain.jdraw.action.DrawAction jdomain.jdraw.action.AddColourAction
DP jdomain.jdraw.action.DrawAction jdomain.jdraw.action.SetPreviousZoomAction
DP jdomain.jdraw.action.DrawAction jdomain.jdraw.action.SetMinZoomAction
DP jdomain.jdraw.action.DrawAction jdomain.jdraw.action.SetFilledRectangleToolAction
DP jdomain.jdraw.action.DrawAction jdomain.jdraw.action.RedoAction
DP jdomain.jdraw.action.DrawAction jdomain.jdraw.action.FlipClipVerticallyAction
DP jdomain.jdraw.action.DrawAction jdomain.jdraw.action.ToggleViewsAction
DP jdomain.jdraw.action.DrawAction jdomain.jdraw.action.SetMaxZoomAction
DP jdomain.jdraw.action.DrawAction jdomain.jdraw.action.ToggleAntialiasAction
DP jdomain.jdraw.action.DrawAction jdomain.jdraw.action.SetColourPickerToolAction
DP jdomain.jdraw.action.DrawAction jdomain.jdraw.action.SetClipToolAction
DP jdomain.jdraw.action.DrawAction jdomain.jdraw.action.ToggleLocalPaletteAction
DP jdomain.jdraw.action.DrawAction jdomain.jdraw.action.IncreaseZoomAction
DP jdomain.jdraw.gui.DrawDialog jdomain.jdraw.gui.ToleranceDialog
DP jdomain.jdraw.gui.DrawDialog jdomain.jdraw.gui.FrameSettingsDialog
DP jdomain.jdraw.gui.DrawDialog jdomain.jdraw.gui.ScaleDialog
DP jdomain.jdraw.gui.DrawDialog jdomain.jdraw.gui.AboutDialog
DP jdomain.jdraw.gui.DrawDialog jdomain.jdraw.gui.RotateDialog
DP jdomain.jdraw.gui.DrawDialog jdomain.jdraw.gui.SizeDialog
DP jdomain.jdraw.gui.DrawDialog jdomain.jdraw.gui.ColourEditor
DP jdomain.jdraw.gui.DrawDialog jdomain.jdraw.gui.GrayScaleDialog
DP jdomain.jdraw.gui.DrawDialog jdomain.jdraw.gui.QuestionDialog
DP jdomain.jdraw.gui.DrawDialog jdomain.jdraw.gui.SettingsDialog
DP jdomain.util.gui.BackgroundPanel jdomain.jdraw.gui.ColourPanel
DP jdomain.util.gui.BackgroundPanel jdomain.jdraw.gui.FramePanel
DP jdomain.util.gui.FileBrowser jdomain.jdraw.gui.DrawBrowser
DP jdomain.jdraw.gui.FloatingClip jdomain.jdraw.gui.InfoClip
DP jdomain.jdraw.gui.FloatingClip jdomain.jdraw.gui.ClipPanel
DP jdomain.jdraw.gui.RectangularSelectionTool jdomain.jdraw.gui.OvalTool
DP jdomain.jdraw.gui.RectangularSelectionTool jdomain.jdraw.gui.LineTool
DP jdomain.jdraw.gui.RectangularSelectionTool jdomain.jdraw.gui.ClipTool
DP jdomain.jdraw.gui.RectangularSelectionTool jdomain.jdraw.gui.TextTool
DP jdomain.jdraw.gui.RectangularSelectionTool jdomain.jdraw.gui.RectangleTool
