// expression abstractExpression context
DP jdomain.util.gui.StandardScrollPane jdomain.util.gui.IconViewer jdomain.util.gui.GUIUtil
DP jdomain.util.gui.FontDialog jdomain.jdraw.gui.TextFontDialog jdomain.util.gui.AntialiasPanel
DP jdomain.util.gui.FontDialog jdomain.jdraw.gui.TextFontDialog jdomain.util.gui.StandardDialog
DP jdomain.util.gui.FontDialog jdomain.jdraw.gui.TextFontDialog jdomain.util.gui.StandardMainFrame
DP jdomain.util.gui.FontDialog jdomain.jdraw.gui.TextFontDialog jdomain.util.gui.TextCalculator
DP jdomain.util.gui.FontDialog jdomain.jdraw.gui.TextFontDialog jdomain.util.Log
DP jdomain.util.gui.FontDialog jdomain.jdraw.gui.TextFontDialog jdomain.util.gui.FontDialog$FontEntry
DP jdomain.util.gui.FontDialog jdomain.jdraw.gui.TextFontDialog jdomain.util.gui.FontDialog$StyleEntry
DP jdomain.util.gui.FontDialog jdomain.jdraw.gui.TextFontDialog jdomain.util.Util
DP jdomain.util.gui.FontDialog jdomain.jdraw.gui.TextFontDialog jdomain.util.gui.FontDialog$SizeEntry
DP jdomain.util.gui.FontDialog jdomain.jdraw.gui.TextFontDialog jdomain.util.gui.FontDialog$1
DP jdomain.jdraw.action.BlockingDrawAction jdomain.jdraw.action.SaveAction jdomain.util.Log
DP jdomain.jdraw.action.BlockingDrawAction jdomain.jdraw.action.SaveAction jdomain.util.ResourceLoader
DP jdomain.jdraw.action.BlockingDrawAction jdomain.jdraw.action.SaveAction jdomain.jdraw.action.ContinuedAction
DP jdomain.jdraw.action.BlockingDrawAction jdomain.jdraw.action.SaveAction jdomain.util.gui.GUIUtil
DP jdomain.jdraw.action.BlockingDrawAction jdomain.jdraw.action.SaveAction jdomain.jdraw.action.LoseChanges
DP jdomain.jdraw.action.BlockingDrawAction jdomain.jdraw.action.SaveAction jdomain.util.Util
DP jdomain.jdraw.action.BlockingDrawAction jdomain.jdraw.action.SaveAction jdomain.jdraw.action.DrawAction
DP jdomain.jdraw.action.BlockingDrawAction jdomain.jdraw.action.SaveAction jdomain.jdraw.gui.DrawDialog
DP jdomain.jdraw.action.BlockingDrawAction jdomain.jdraw.action.SaveAction jdomain.jdraw.gui.MainFrame
DP jdomain.jdraw.action.BlockingDrawAction jdomain.jdraw.action.SortPaletteAction jdomain.util.Log
DP jdomain.jdraw.action.BlockingDrawAction jdomain.jdraw.action.SortPaletteAction jdomain.util.ResourceLoader
DP jdomain.jdraw.action.BlockingDrawAction jdomain.jdraw.action.SortPaletteAction jdomain.jdraw.action.ContinuedAction
DP jdomain.jdraw.action.BlockingDrawAction jdomain.jdraw.action.SortPaletteAction jdomain.util.gui.GUIUtil
DP jdomain.jdraw.action.BlockingDrawAction jdomain.jdraw.action.SortPaletteAction jdomain.jdraw.action.LoseChanges
DP jdomain.jdraw.action.BlockingDrawAction jdomain.jdraw.action.SortPaletteAction jdomain.util.Util
DP jdomain.jdraw.action.BlockingDrawAction jdomain.jdraw.action.SortPaletteAction jdomain.jdraw.action.DrawAction
DP jdomain.jdraw.action.BlockingDrawAction jdomain.jdraw.action.SortPaletteAction jdomain.jdraw.gui.DrawDialog
DP jdomain.jdraw.action.BlockingDrawAction jdomain.jdraw.action.SortPaletteAction jdomain.jdraw.gui.MainFrame
DP jdomain.jdraw.action.BlockingDrawAction jdomain.jdraw.action.EditColourAction jdomain.util.Log
DP jdomain.jdraw.action.BlockingDrawAction jdomain.jdraw.action.EditColourAction jdomain.util.ResourceLoader
DP jdomain.jdraw.action.BlockingDrawAction jdomain.jdraw.action.EditColourAction jdomain.jdraw.action.ContinuedAction
DP jdomain.jdraw.action.BlockingDrawAction jdomain.jdraw.action.EditColourAction jdomain.util.gui.GUIUtil
DP jdomain.jdraw.action.BlockingDrawAction jdomain.jdraw.action.EditColourAction jdomain.jdraw.action.LoseChanges
DP jdomain.jdraw.action.BlockingDrawAction jdomain.jdraw.action.EditColourAction jdomain.util.Util
DP jdomain.jdraw.action.BlockingDrawAction jdomain.jdraw.action.EditColourAction jdomain.jdraw.action.DrawAction
DP jdomain.jdraw.action.BlockingDrawAction jdomain.jdraw.action.EditColourAction jdomain.jdraw.gui.DrawDialog
DP jdomain.jdraw.action.BlockingDrawAction jdomain.jdraw.action.EditColourAction jdomain.jdraw.gui.MainFrame
DP jdomain.jdraw.action.BlockingDrawAction jdomain.jdraw.action.CompressAction jdomain.util.Log
DP jdomain.jdraw.action.BlockingDrawAction jdomain.jdraw.action.CompressAction jdomain.util.ResourceLoader
DP jdomain.jdraw.action.BlockingDrawAction jdomain.jdraw.action.CompressAction jdomain.jdraw.action.ContinuedAction
DP jdomain.jdraw.action.BlockingDrawAction jdomain.jdraw.action.CompressAction jdomain.util.gui.GUIUtil
DP jdomain.jdraw.action.BlockingDrawAction jdomain.jdraw.action.CompressAction jdomain.jdraw.action.LoseChanges
DP jdomain.jdraw.action.BlockingDrawAction jdomain.jdraw.action.CompressAction jdomain.util.Util
DP jdomain.jdraw.action.BlockingDrawAction jdomain.jdraw.action.CompressAction jdomain.jdraw.action.DrawAction
DP jdomain.jdraw.action.BlockingDrawAction jdomain.jdraw.action.CompressAction jdomain.jdraw.gui.DrawDialog
DP jdomain.jdraw.action.BlockingDrawAction jdomain.jdraw.action.CompressAction jdomain.jdraw.gui.MainFrame
DP jdomain.jdraw.action.BlockingDrawAction jdomain.jdraw.action.GrayScaleAction jdomain.util.Log
DP jdomain.jdraw.action.BlockingDrawAction jdomain.jdraw.action.GrayScaleAction jdomain.util.ResourceLoader
DP jdomain.jdraw.action.BlockingDrawAction jdomain.jdraw.action.GrayScaleAction jdomain.jdraw.action.ContinuedAction
DP jdomain.jdraw.action.BlockingDrawAction jdomain.jdraw.action.GrayScaleAction jdomain.util.gui.GUIUtil
DP jdomain.jdraw.action.BlockingDrawAction jdomain.jdraw.action.GrayScaleAction jdomain.jdraw.action.LoseChanges
DP jdomain.jdraw.action.BlockingDrawAction jdomain.jdraw.action.GrayScaleAction jdomain.util.Util
DP jdomain.jdraw.action.BlockingDrawAction jdomain.jdraw.action.GrayScaleAction jdomain.jdraw.action.DrawAction
DP jdomain.jdraw.action.BlockingDrawAction jdomain.jdraw.action.GrayScaleAction jdomain.jdraw.gui.DrawDialog
DP jdomain.jdraw.action.BlockingDrawAction jdomain.jdraw.action.GrayScaleAction jdomain.jdraw.gui.MainFrame
DP jdomain.jdraw.action.BlockingDrawAction jdomain.jdraw.action.RotateAction jdomain.util.Log
DP jdomain.jdraw.action.BlockingDrawAction jdomain.jdraw.action.RotateAction jdomain.util.ResourceLoader
DP jdomain.jdraw.action.BlockingDrawAction jdomain.jdraw.action.RotateAction jdomain.jdraw.action.ContinuedAction
DP jdomain.jdraw.action.BlockingDrawAction jdomain.jdraw.action.RotateAction jdomain.util.gui.GUIUtil
DP jdomain.jdraw.action.BlockingDrawAction jdomain.jdraw.action.RotateAction jdomain.jdraw.action.LoseChanges
DP jdomain.jdraw.action.BlockingDrawAction jdomain.jdraw.action.RotateAction jdomain.util.Util
DP jdomain.jdraw.action.BlockingDrawAction jdomain.jdraw.action.RotateAction jdomain.jdraw.action.DrawAction
DP jdomain.jdraw.action.BlockingDrawAction jdomain.jdraw.action.RotateAction jdomain.jdraw.gui.DrawDialog
DP jdomain.jdraw.action.BlockingDrawAction jdomain.jdraw.action.RotateAction jdomain.jdraw.gui.MainFrame
DP jdomain.jdraw.action.BlockingDrawAction jdomain.jdraw.action.ExitAction jdomain.util.Log
DP jdomain.jdraw.action.BlockingDrawAction jdomain.jdraw.action.ExitAction jdomain.util.ResourceLoader
DP jdomain.jdraw.action.BlockingDrawAction jdomain.jdraw.action.ExitAction jdomain.jdraw.action.ContinuedAction
DP jdomain.jdraw.action.BlockingDrawAction jdomain.jdraw.action.ExitAction jdomain.util.gui.GUIUtil
DP jdomain.jdraw.action.BlockingDrawAction jdomain.jdraw.action.ExitAction jdomain.jdraw.action.LoseChanges
DP jdomain.jdraw.action.BlockingDrawAction jdomain.jdraw.action.ExitAction jdomain.util.Util
DP jdomain.jdraw.action.BlockingDrawAction jdomain.jdraw.action.ExitAction jdomain.jdraw.action.DrawAction
DP jdomain.jdraw.action.BlockingDrawAction jdomain.jdraw.action.ExitAction jdomain.jdraw.gui.DrawDialog
DP jdomain.jdraw.action.BlockingDrawAction jdomain.jdraw.action.ExitAction jdomain.jdraw.gui.MainFrame
DP jdomain.jdraw.action.BlockingDrawAction jdomain.jdraw.action.ReducePaletteColoursAction jdomain.util.Log
DP jdomain.jdraw.action.BlockingDrawAction jdomain.jdraw.action.ReducePaletteColoursAction jdomain.util.ResourceLoader
DP jdomain.jdraw.action.BlockingDrawAction jdomain.jdraw.action.ReducePaletteColoursAction jdomain.jdraw.action.ContinuedAction
DP jdomain.jdraw.action.BlockingDrawAction jdomain.jdraw.action.ReducePaletteColoursAction jdomain.util.gui.GUIUtil
DP jdomain.jdraw.action.BlockingDrawAction jdomain.jdraw.action.ReducePaletteColoursAction jdomain.jdraw.action.LoseChanges
DP jdomain.jdraw.action.BlockingDrawAction jdomain.jdraw.action.ReducePaletteColoursAction jdomain.util.Util
DP jdomain.jdraw.action.BlockingDrawAction jdomain.jdraw.action.ReducePaletteColoursAction jdomain.jdraw.action.DrawAction
DP jdomain.jdraw.action.BlockingDrawAction jdomain.jdraw.action.ReducePaletteColoursAction jdomain.jdraw.gui.DrawDialog
DP jdomain.jdraw.action.BlockingDrawAction jdomain.jdraw.action.ReducePaletteColoursAction jdomain.jdraw.gui.MainFrame
DP jdomain.jdraw.action.BlockingDrawAction jdomain.jdraw.action.ResetAlphaValuesAction jdomain.util.Log
DP jdomain.jdraw.action.BlockingDrawAction jdomain.jdraw.action.ResetAlphaValuesAction jdomain.util.ResourceLoader
DP jdomain.jdraw.action.BlockingDrawAction jdomain.jdraw.action.ResetAlphaValuesAction jdomain.jdraw.action.ContinuedAction
DP jdomain.jdraw.action.BlockingDrawAction jdomain.jdraw.action.ResetAlphaValuesAction jdomain.util.gui.GUIUtil
DP jdomain.jdraw.action.BlockingDrawAction jdomain.jdraw.action.ResetAlphaValuesAction jdomain.jdraw.action.LoseChanges
DP jdomain.jdraw.action.BlockingDrawAction jdomain.jdraw.action.ResetAlphaValuesAction jdomain.util.Util
DP jdomain.jdraw.action.BlockingDrawAction jdomain.jdraw.action.ResetAlphaValuesAction jdomain.jdraw.action.DrawAction
DP jdomain.jdraw.action.BlockingDrawAction jdomain.jdraw.action.ResetAlphaValuesAction jdomain.jdraw.gui.DrawDialog
DP jdomain.jdraw.action.BlockingDrawAction jdomain.jdraw.action.ResetAlphaValuesAction jdomain.jdraw.gui.MainFrame
DP jdomain.jdraw.action.BlockingDrawAction jdomain.jdraw.action.SaveCompressedAction jdomain.util.Log
DP jdomain.jdraw.action.BlockingDrawAction jdomain.jdraw.action.SaveCompressedAction jdomain.util.ResourceLoader
DP jdomain.jdraw.action.BlockingDrawAction jdomain.jdraw.action.SaveCompressedAction jdomain.jdraw.action.ContinuedAction
DP jdomain.jdraw.action.BlockingDrawAction jdomain.jdraw.action.SaveCompressedAction jdomain.util.gui.GUIUtil
DP jdomain.jdraw.action.BlockingDrawAction jdomain.jdraw.action.SaveCompressedAction jdomain.jdraw.action.LoseChanges
DP jdomain.jdraw.action.BlockingDrawAction jdomain.jdraw.action.SaveCompressedAction jdomain.util.Util
DP jdomain.jdraw.action.BlockingDrawAction jdomain.jdraw.action.SaveCompressedAction jdomain.jdraw.action.DrawAction
DP jdomain.jdraw.action.BlockingDrawAction jdomain.jdraw.action.SaveCompressedAction jdomain.jdraw.gui.DrawDialog
DP jdomain.jdraw.action.BlockingDrawAction jdomain.jdraw.action.SaveCompressedAction jdomain.jdraw.gui.MainFrame
DP jdomain.jdraw.action.BlockingDrawAction jdomain.jdraw.action.SetTextToolAction jdomain.util.Log
DP jdomain.jdraw.action.BlockingDrawAction jdomain.jdraw.action.SetTextToolAction jdomain.util.ResourceLoader
DP jdomain.jdraw.action.BlockingDrawAction jdomain.jdraw.action.SetTextToolAction jdomain.jdraw.action.ContinuedAction
DP jdomain.jdraw.action.BlockingDrawAction jdomain.jdraw.action.SetTextToolAction jdomain.util.gui.GUIUtil
DP jdomain.jdraw.action.BlockingDrawAction jdomain.jdraw.action.SetTextToolAction jdomain.jdraw.action.LoseChanges
DP jdomain.jdraw.action.BlockingDrawAction jdomain.jdraw.action.SetTextToolAction jdomain.util.Util
DP jdomain.jdraw.action.BlockingDrawAction jdomain.jdraw.action.SetTextToolAction jdomain.jdraw.action.DrawAction
DP jdomain.jdraw.action.BlockingDrawAction jdomain.jdraw.action.SetTextToolAction jdomain.jdraw.gui.DrawDialog
DP jdomain.jdraw.action.BlockingDrawAction jdomain.jdraw.action.SetTextToolAction jdomain.jdraw.gui.MainFrame
DP jdomain.jdraw.action.BlockingDrawAction jdomain.jdraw.action.ScaleAction jdomain.util.Log
DP jdomain.jdraw.action.BlockingDrawAction jdomain.jdraw.action.ScaleAction jdomain.util.ResourceLoader
DP jdomain.jdraw.action.BlockingDrawAction jdomain.jdraw.action.ScaleAction jdomain.jdraw.action.ContinuedAction
DP jdomain.jdraw.action.BlockingDrawAction jdomain.jdraw.action.ScaleAction jdomain.util.gui.GUIUtil
DP jdomain.jdraw.action.BlockingDrawAction jdomain.jdraw.action.ScaleAction jdomain.jdraw.action.LoseChanges
DP jdomain.jdraw.action.BlockingDrawAction jdomain.jdraw.action.ScaleAction jdomain.util.Util
DP jdomain.jdraw.action.BlockingDrawAction jdomain.jdraw.action.ScaleAction jdomain.jdraw.action.DrawAction
DP jdomain.jdraw.action.BlockingDrawAction jdomain.jdraw.action.ScaleAction jdomain.jdraw.gui.DrawDialog
DP jdomain.jdraw.action.BlockingDrawAction jdomain.jdraw.action.ScaleAction jdomain.jdraw.gui.MainFrame
DP jdomain.jdraw.action.BlockingDrawAction jdomain.jdraw.action.ViewAnimationAction jdomain.util.Log
DP jdomain.jdraw.action.BlockingDrawAction jdomain.jdraw.action.ViewAnimationAction jdomain.util.ResourceLoader
DP jdomain.jdraw.action.BlockingDrawAction jdomain.jdraw.action.ViewAnimationAction jdomain.jdraw.action.ContinuedAction
DP jdomain.jdraw.action.BlockingDrawAction jdomain.jdraw.action.ViewAnimationAction jdomain.util.gui.GUIUtil
DP jdomain.jdraw.action.BlockingDrawAction jdomain.jdraw.action.ViewAnimationAction jdomain.jdraw.action.LoseChanges
DP jdomain.jdraw.action.BlockingDrawAction jdomain.jdraw.action.ViewAnimationAction jdomain.util.Util
DP jdomain.jdraw.action.BlockingDrawAction jdomain.jdraw.action.ViewAnimationAction jdomain.jdraw.action.DrawAction
DP jdomain.jdraw.action.BlockingDrawAction jdomain.jdraw.action.ViewAnimationAction jdomain.jdraw.gui.DrawDialog
DP jdomain.jdraw.action.BlockingDrawAction jdomain.jdraw.action.ViewAnimationAction jdomain.jdraw.gui.MainFrame
DP jdomain.jdraw.action.BlockingDrawAction jdomain.jdraw.action.ResetPaletteAlphaValuesAction jdomain.util.Log
DP jdomain.jdraw.action.BlockingDrawAction jdomain.jdraw.action.ResetPaletteAlphaValuesAction jdomain.util.ResourceLoader
DP jdomain.jdraw.action.BlockingDrawAction jdomain.jdraw.action.ResetPaletteAlphaValuesAction jdomain.jdraw.action.ContinuedAction
DP jdomain.jdraw.action.BlockingDrawAction jdomain.jdraw.action.ResetPaletteAlphaValuesAction jdomain.util.gui.GUIUtil
DP jdomain.jdraw.action.BlockingDrawAction jdomain.jdraw.action.ResetPaletteAlphaValuesAction jdomain.jdraw.action.LoseChanges
DP jdomain.jdraw.action.BlockingDrawAction jdomain.jdraw.action.ResetPaletteAlphaValuesAction jdomain.util.Util
DP jdomain.jdraw.action.BlockingDrawAction jdomain.jdraw.action.ResetPaletteAlphaValuesAction jdomain.jdraw.action.DrawAction
DP jdomain.jdraw.action.BlockingDrawAction jdomain.jdraw.action.ResetPaletteAlphaValuesAction jdomain.jdraw.gui.DrawDialog
DP jdomain.jdraw.action.BlockingDrawAction jdomain.jdraw.action.ResetPaletteAlphaValuesAction jdomain.jdraw.gui.MainFrame
DP jdomain.jdraw.action.BlockingDrawAction jdomain.jdraw.action.LoadAction jdomain.util.Log
DP jdomain.jdraw.action.BlockingDrawAction jdomain.jdraw.action.LoadAction jdomain.util.ResourceLoader
DP jdomain.jdraw.action.BlockingDrawAction jdomain.jdraw.action.LoadAction jdomain.jdraw.action.ContinuedAction
DP jdomain.jdraw.action.BlockingDrawAction jdomain.jdraw.action.LoadAction jdomain.util.gui.GUIUtil
DP jdomain.jdraw.action.BlockingDrawAction jdomain.jdraw.action.LoadAction jdomain.jdraw.action.LoseChanges
DP jdomain.jdraw.action.BlockingDrawAction jdomain.jdraw.action.LoadAction jdomain.util.Util
DP jdomain.jdraw.action.BlockingDrawAction jdomain.jdraw.action.LoadAction jdomain.jdraw.action.DrawAction
DP jdomain.jdraw.action.BlockingDrawAction jdomain.jdraw.action.LoadAction jdomain.jdraw.gui.DrawDialog
DP jdomain.jdraw.action.BlockingDrawAction jdomain.jdraw.action.LoadAction jdomain.jdraw.gui.MainFrame
DP jdomain.jdraw.action.BlockingDrawAction jdomain.jdraw.action.SettingsAction jdomain.util.Log
DP jdomain.jdraw.action.BlockingDrawAction jdomain.jdraw.action.SettingsAction jdomain.util.ResourceLoader
DP jdomain.jdraw.action.BlockingDrawAction jdomain.jdraw.action.SettingsAction jdomain.jdraw.action.ContinuedAction
DP jdomain.jdraw.action.BlockingDrawAction jdomain.jdraw.action.SettingsAction jdomain.util.gui.GUIUtil
DP jdomain.jdraw.action.BlockingDrawAction jdomain.jdraw.action.SettingsAction jdomain.jdraw.action.LoseChanges
DP jdomain.jdraw.action.BlockingDrawAction jdomain.jdraw.action.SettingsAction jdomain.util.Util
DP jdomain.jdraw.action.BlockingDrawAction jdomain.jdraw.action.SettingsAction jdomain.jdraw.action.DrawAction
DP jdomain.jdraw.action.BlockingDrawAction jdomain.jdraw.action.SettingsAction jdomain.jdraw.gui.DrawDialog
DP jdomain.jdraw.action.BlockingDrawAction jdomain.jdraw.action.SettingsAction jdomain.jdraw.gui.MainFrame
DP jdomain.jdraw.action.BlockingDrawAction jdomain.jdraw.action.InsertAction jdomain.util.Log
DP jdomain.jdraw.action.BlockingDrawAction jdomain.jdraw.action.InsertAction jdomain.util.ResourceLoader
DP jdomain.jdraw.action.BlockingDrawAction jdomain.jdraw.action.InsertAction jdomain.jdraw.action.ContinuedAction
DP jdomain.jdraw.action.BlockingDrawAction jdomain.jdraw.action.InsertAction jdomain.util.gui.GUIUtil
DP jdomain.jdraw.action.BlockingDrawAction jdomain.jdraw.action.InsertAction jdomain.jdraw.action.LoseChanges
DP jdomain.jdraw.action.BlockingDrawAction jdomain.jdraw.action.InsertAction jdomain.util.Util
DP jdomain.jdraw.action.BlockingDrawAction jdomain.jdraw.action.InsertAction jdomain.jdraw.action.DrawAction
DP jdomain.jdraw.action.BlockingDrawAction jdomain.jdraw.action.InsertAction jdomain.jdraw.gui.DrawDialog
DP jdomain.jdraw.action.BlockingDrawAction jdomain.jdraw.action.InsertAction jdomain.jdraw.gui.MainFrame
DP jdomain.jdraw.action.BlockingDrawAction jdomain.jdraw.action.ResizeAction jdomain.util.Log
DP jdomain.jdraw.action.BlockingDrawAction jdomain.jdraw.action.ResizeAction jdomain.util.ResourceLoader
DP jdomain.jdraw.action.BlockingDrawAction jdomain.jdraw.action.ResizeAction jdomain.jdraw.action.ContinuedAction
DP jdomain.jdraw.action.BlockingDrawAction jdomain.jdraw.action.ResizeAction jdomain.util.gui.GUIUtil
DP jdomain.jdraw.action.BlockingDrawAction jdomain.jdraw.action.ResizeAction jdomain.jdraw.action.LoseChanges
DP jdomain.jdraw.action.BlockingDrawAction jdomain.jdraw.action.ResizeAction jdomain.util.Util
DP jdomain.jdraw.action.BlockingDrawAction jdomain.jdraw.action.ResizeAction jdomain.jdraw.action.DrawAction
DP jdomain.jdraw.action.BlockingDrawAction jdomain.jdraw.action.ResizeAction jdomain.jdraw.gui.DrawDialog
DP jdomain.jdraw.action.BlockingDrawAction jdomain.jdraw.action.ResizeAction jdomain.jdraw.gui.MainFrame
DP jdomain.jdraw.action.BlockingDrawAction jdomain.jdraw.action.RemoveColourAction jdomain.util.Log
DP jdomain.jdraw.action.BlockingDrawAction jdomain.jdraw.action.RemoveColourAction jdomain.util.ResourceLoader
DP jdomain.jdraw.action.BlockingDrawAction jdomain.jdraw.action.RemoveColourAction jdomain.jdraw.action.ContinuedAction
DP jdomain.jdraw.action.BlockingDrawAction jdomain.jdraw.action.RemoveColourAction jdomain.util.gui.GUIUtil
DP jdomain.jdraw.action.BlockingDrawAction jdomain.jdraw.action.RemoveColourAction jdomain.jdraw.action.LoseChanges
DP jdomain.jdraw.action.BlockingDrawAction jdomain.jdraw.action.RemoveColourAction jdomain.util.Util
DP jdomain.jdraw.action.BlockingDrawAction jdomain.jdraw.action.RemoveColourAction jdomain.jdraw.action.DrawAction
DP jdomain.jdraw.action.BlockingDrawAction jdomain.jdraw.action.RemoveColourAction jdomain.jdraw.gui.DrawDialog
DP jdomain.jdraw.action.BlockingDrawAction jdomain.jdraw.action.RemoveColourAction jdomain.jdraw.gui.MainFrame
DP jdomain.jdraw.action.BlockingDrawAction jdomain.jdraw.action.ReduceColoursAction jdomain.util.Log
DP jdomain.jdraw.action.BlockingDrawAction jdomain.jdraw.action.ReduceColoursAction jdomain.util.ResourceLoader
DP jdomain.jdraw.action.BlockingDrawAction jdomain.jdraw.action.ReduceColoursAction jdomain.jdraw.action.ContinuedAction
DP jdomain.jdraw.action.BlockingDrawAction jdomain.jdraw.action.ReduceColoursAction jdomain.util.gui.GUIUtil
DP jdomain.jdraw.action.BlockingDrawAction jdomain.jdraw.action.ReduceColoursAction jdomain.jdraw.action.LoseChanges
DP jdomain.jdraw.action.BlockingDrawAction jdomain.jdraw.action.ReduceColoursAction jdomain.util.Util
DP jdomain.jdraw.action.BlockingDrawAction jdomain.jdraw.action.ReduceColoursAction jdomain.jdraw.action.DrawAction
DP jdomain.jdraw.action.BlockingDrawAction jdomain.jdraw.action.ReduceColoursAction jdomain.jdraw.gui.DrawDialog
DP jdomain.jdraw.action.BlockingDrawAction jdomain.jdraw.action.ReduceColoursAction jdomain.jdraw.gui.MainFrame
DP jdomain.jdraw.action.BlockingDrawAction jdomain.jdraw.action.CompressPaletteAction jdomain.util.Log
DP jdomain.jdraw.action.BlockingDrawAction jdomain.jdraw.action.CompressPaletteAction jdomain.util.ResourceLoader
DP jdomain.jdraw.action.BlockingDrawAction jdomain.jdraw.action.CompressPaletteAction jdomain.jdraw.action.ContinuedAction
DP jdomain.jdraw.action.BlockingDrawAction jdomain.jdraw.action.CompressPaletteAction jdomain.util.gui.GUIUtil
DP jdomain.jdraw.action.BlockingDrawAction jdomain.jdraw.action.CompressPaletteAction jdomain.jdraw.action.LoseChanges
DP jdomain.jdraw.action.BlockingDrawAction jdomain.jdraw.action.CompressPaletteAction jdomain.util.Util
DP jdomain.jdraw.action.BlockingDrawAction jdomain.jdraw.action.CompressPaletteAction jdomain.jdraw.action.DrawAction
DP jdomain.jdraw.action.BlockingDrawAction jdomain.jdraw.action.CompressPaletteAction jdomain.jdraw.gui.DrawDialog
DP jdomain.jdraw.action.BlockingDrawAction jdomain.jdraw.action.CompressPaletteAction jdomain.jdraw.gui.MainFrame
DP jdomain.jdraw.action.BlockingDrawAction jdomain.jdraw.action.EditFrameSettingsAction jdomain.util.Log
DP jdomain.jdraw.action.BlockingDrawAction jdomain.jdraw.action.EditFrameSettingsAction jdomain.util.ResourceLoader
DP jdomain.jdraw.action.BlockingDrawAction jdomain.jdraw.action.EditFrameSettingsAction jdomain.jdraw.action.ContinuedAction
DP jdomain.jdraw.action.BlockingDrawAction jdomain.jdraw.action.EditFrameSettingsAction jdomain.util.gui.GUIUtil
DP jdomain.jdraw.action.BlockingDrawAction jdomain.jdraw.action.EditFrameSettingsAction jdomain.jdraw.action.LoseChanges
DP jdomain.jdraw.action.BlockingDrawAction jdomain.jdraw.action.EditFrameSettingsAction jdomain.util.Util
DP jdomain.jdraw.action.BlockingDrawAction jdomain.jdraw.action.EditFrameSettingsAction jdomain.jdraw.action.DrawAction
DP jdomain.jdraw.action.BlockingDrawAction jdomain.jdraw.action.EditFrameSettingsAction jdomain.jdraw.gui.DrawDialog
DP jdomain.jdraw.action.BlockingDrawAction jdomain.jdraw.action.EditFrameSettingsAction jdomain.jdraw.gui.MainFrame
DP jdomain.jdraw.gui.DrawPanel jdomain.jdraw.gui.PreviewPanel jdomain.jdraw.data.Clip
DP jdomain.jdraw.gui.DrawPanel jdomain.jdraw.gui.PreviewPanel jdomain.jdraw.gui.Tool
DP jdomain.jdraw.gui.DrawPanel jdomain.jdraw.gui.PreviewPanel jdomain.jdraw.data.ColourEntry
DP jdomain.jdraw.gui.DrawPanel jdomain.jdraw.gui.PreviewPanel jdomain.jdraw.data.Palette
DP jdomain.jdraw.gui.DrawPanel jdomain.jdraw.gui.PreviewPanel jdomain.jdraw.data.Picture
DP jdomain.jdraw.gui.DrawPanel jdomain.jdraw.gui.PreviewPanel jdomain.jdraw.gui.FolderPanel
DP jdomain.jdraw.data.Clip jdomain.jdraw.data.Frame jdomain.jdraw.data.Pixel
DP jdomain.jdraw.data.Clip jdomain.jdraw.data.Frame jdomain.jdraw.data.event.ChangeEvent
DP jdomain.jdraw.data.Clip jdomain.jdraw.data.Frame jdomain.jdraw.data.DataObject
DP jdomain.util.gui.StandardDialog jdomain.jdraw.gui.TextFontDialog jdomain.util.gui.AntialiasPanel
DP jdomain.util.gui.StandardDialog jdomain.jdraw.gui.TextFontDialog jdomain.util.gui.StandardMainFrame
DP jdomain.util.gui.StandardDialog jdomain.util.gui.FontDialog jdomain.util.gui.AntialiasPanel
DP jdomain.util.gui.StandardDialog jdomain.util.gui.FontDialog jdomain.util.gui.StandardMainFrame
DP jdomain.util.gui.StandardDialog jdomain.jdraw.gui.SearchFrame jdomain.util.gui.AntialiasPanel
DP jdomain.util.gui.StandardDialog jdomain.jdraw.gui.SearchFrame jdomain.util.gui.StandardMainFrame
DP jdomain.util.gui.StandardDialog jdomain.jdraw.gui.ToleranceDialog jdomain.util.gui.AntialiasPanel
DP jdomain.util.gui.StandardDialog jdomain.jdraw.gui.ToleranceDialog jdomain.util.gui.StandardMainFrame
DP jdomain.util.gui.StandardDialog jdomain.jdraw.gui.FrameSettingsDialog jdomain.util.gui.AntialiasPanel
DP jdomain.util.gui.StandardDialog jdomain.jdraw.gui.FrameSettingsDialog jdomain.util.gui.StandardMainFrame
DP jdomain.util.gui.StandardDialog jdomain.jdraw.gui.DrawDialog jdomain.util.gui.AntialiasPanel
DP jdomain.util.gui.StandardDialog jdomain.jdraw.gui.DrawDialog jdomain.util.gui.StandardMainFrame
DP jdomain.util.gui.StandardDialog jdomain.jdraw.gui.ScaleDialog jdomain.util.gui.AntialiasPanel
DP jdomain.util.gui.StandardDialog jdomain.jdraw.gui.ScaleDialog jdomain.util.gui.StandardMainFrame
DP jdomain.util.gui.StandardDialog jdomain.jdraw.gui.AboutDialog jdomain.util.gui.AntialiasPanel
DP jdomain.util.gui.StandardDialog jdomain.jdraw.gui.AboutDialog jdomain.util.gui.StandardMainFrame
DP jdomain.util.gui.StandardDialog jdomain.jdraw.gui.RotateDialog jdomain.util.gui.AntialiasPanel
DP jdomain.util.gui.StandardDialog jdomain.jdraw.gui.RotateDialog jdomain.util.gui.StandardMainFrame
DP jdomain.util.gui.StandardDialog jdomain.jdraw.gui.SizeDialog jdomain.util.gui.AntialiasPanel
DP jdomain.util.gui.StandardDialog jdomain.jdraw.gui.SizeDialog jdomain.util.gui.StandardMainFrame
DP jdomain.util.gui.StandardDialog jdomain.jdraw.gui.ColourEditor jdomain.util.gui.AntialiasPanel
DP jdomain.util.gui.StandardDialog jdomain.jdraw.gui.ColourEditor jdomain.util.gui.StandardMainFrame
DP jdomain.util.gui.StandardDialog jdomain.jdraw.gui.GrayScaleDialog jdomain.util.gui.AntialiasPanel
DP jdomain.util.gui.StandardDialog jdomain.jdraw.gui.GrayScaleDialog jdomain.util.gui.StandardMainFrame
DP jdomain.util.gui.StandardDialog jdomain.jdraw.gui.QuestionDialog jdomain.util.gui.AntialiasPanel
DP jdomain.util.gui.StandardDialog jdomain.jdraw.gui.QuestionDialog jdomain.util.gui.StandardMainFrame
DP jdomain.util.gui.StandardDialog jdomain.jdraw.gui.SettingsDialog jdomain.util.gui.AntialiasPanel
DP jdomain.util.gui.StandardDialog jdomain.jdraw.gui.SettingsDialog jdomain.util.gui.StandardMainFrame
DP jdomain.util.gui.StandardMainFrame jdomain.jdraw.gui.MainFrame jdomain.util.Log
DP jdomain.util.gui.StandardMainFrame jdomain.jdraw.gui.MainFrame jdomain.util.gui.GUIUtil
DP jdomain.util.gui.StandardMainFrame jdomain.jdraw.gui.MainFrame jdomain.util.Util
DP jdomain.util.gui.StandardWindow jdomain.jdraw.gui.DrawWindow jdomain.util.gui.StandardMainFrame
DP jdomain.jdraw.data.event.EventConstants jdomain.jdraw.gui.Dispatcher jdomain.jdraw.data.event.ChangeEvent
DP jdomain.jdraw.data.event.EventConstants jdomain.jdraw.data.DataChangeListener jdomain.jdraw.data.event.ChangeEvent
DP jdomain.jdraw.data.event.EventConstants jdomain.jdraw.data.event.ChangeEvent jdomain.jdraw.data.event.ChangeEvent
DP jdomain.jdraw.data.event.EventConstants jdomain.jdraw.data.DataObject jdomain.jdraw.data.event.ChangeEvent
DP jdomain.jdraw.gui.undo.Undoable jdomain.jdraw.gui.undo.DrawRectangle jdomain.jdraw.data.Clip
DP jdomain.jdraw.gui.undo.Undoable jdomain.jdraw.gui.undo.DrawRectangle jdomain.jdraw.data.Pixel
DP jdomain.jdraw.gui.undo.Undoable jdomain.jdraw.gui.undo.DrawRectangle jdomain.util.Log
DP jdomain.jdraw.gui.undo.Undoable jdomain.jdraw.gui.undo.DrawRectangle jdomain.jdraw.gui.Tool
DP jdomain.jdraw.gui.undo.Undoable jdomain.jdraw.gui.undo.DrawRectangle jdomain.jdraw.gui.undo.DrawPixel
DP jdomain.jdraw.gui.undo.Undoable jdomain.jdraw.gui.undo.DrawRectangle jdomain.jdraw.data.ColourEntry
DP jdomain.jdraw.gui.undo.Undoable jdomain.jdraw.gui.undo.DrawRectangle jdomain.jdraw.data.Palette
DP jdomain.jdraw.gui.undo.Undoable jdomain.jdraw.gui.undo.DrawRectangle jdomain.jdraw.data.Picture
DP jdomain.jdraw.gui.undo.Undoable jdomain.jdraw.gui.undo.DrawRectangle int
DP jdomain.jdraw.gui.undo.Undoable jdomain.jdraw.gui.undo.DrawClip jdomain.jdraw.data.Clip
DP jdomain.jdraw.gui.undo.Undoable jdomain.jdraw.gui.undo.DrawClip jdomain.jdraw.data.Pixel
DP jdomain.jdraw.gui.undo.Undoable jdomain.jdraw.gui.undo.DrawClip jdomain.util.Log
DP jdomain.jdraw.gui.undo.Undoable jdomain.jdraw.gui.undo.DrawClip jdomain.jdraw.gui.Tool
DP jdomain.jdraw.gui.undo.Undoable jdomain.jdraw.gui.undo.DrawClip jdomain.jdraw.gui.undo.DrawPixel
DP jdomain.jdraw.gui.undo.Undoable jdomain.jdraw.gui.undo.DrawClip jdomain.jdraw.data.ColourEntry
DP jdomain.jdraw.gui.undo.Undoable jdomain.jdraw.gui.undo.DrawClip jdomain.jdraw.data.Palette
DP jdomain.jdraw.gui.undo.Undoable jdomain.jdraw.gui.undo.DrawClip jdomain.jdraw.data.Picture
DP jdomain.jdraw.gui.undo.Undoable jdomain.jdraw.gui.undo.DrawClip int
DP jdomain.jdraw.gui.undo.Undoable jdomain.jdraw.gui.undo.DrawFill jdomain.jdraw.data.Clip
DP jdomain.jdraw.gui.undo.Undoable jdomain.jdraw.gui.undo.DrawFill jdomain.jdraw.data.Pixel
DP jdomain.jdraw.gui.undo.Undoable jdomain.jdraw.gui.undo.DrawFill jdomain.util.Log
DP jdomain.jdraw.gui.undo.Undoable jdomain.jdraw.gui.undo.DrawFill jdomain.jdraw.gui.Tool
DP jdomain.jdraw.gui.undo.Undoable jdomain.jdraw.gui.undo.DrawFill jdomain.jdraw.gui.undo.DrawPixel
DP jdomain.jdraw.gui.undo.Undoable jdomain.jdraw.gui.undo.DrawFill jdomain.jdraw.data.ColourEntry
DP jdomain.jdraw.gui.undo.Undoable jdomain.jdraw.gui.undo.DrawFill jdomain.jdraw.data.Palette
DP jdomain.jdraw.gui.undo.Undoable jdomain.jdraw.gui.undo.DrawFill jdomain.jdraw.data.Picture
DP jdomain.jdraw.gui.undo.Undoable jdomain.jdraw.gui.undo.DrawFill int
DP jdomain.jdraw.gui.undo.Undoable jdomain.jdraw.gui.undo.DrawLine jdomain.jdraw.data.Clip
DP jdomain.jdraw.gui.undo.Undoable jdomain.jdraw.gui.undo.DrawLine jdomain.jdraw.data.Pixel
DP jdomain.jdraw.gui.undo.Undoable jdomain.jdraw.gui.undo.DrawLine jdomain.util.Log
DP jdomain.jdraw.gui.undo.Undoable jdomain.jdraw.gui.undo.DrawLine jdomain.jdraw.gui.Tool
DP jdomain.jdraw.gui.undo.Undoable jdomain.jdraw.gui.undo.DrawLine jdomain.jdraw.gui.undo.DrawPixel
DP jdomain.jdraw.gui.undo.Undoable jdomain.jdraw.gui.undo.DrawLine jdomain.jdraw.data.ColourEntry
DP jdomain.jdraw.gui.undo.Undoable jdomain.jdraw.gui.undo.DrawLine jdomain.jdraw.data.Palette
DP jdomain.jdraw.gui.undo.Undoable jdomain.jdraw.gui.undo.DrawLine jdomain.jdraw.data.Picture
DP jdomain.jdraw.gui.undo.Undoable jdomain.jdraw.gui.undo.DrawLine int
DP jdomain.jdraw.gui.undo.Undoable jdomain.jdraw.gui.undo.DrawPixel jdomain.jdraw.data.Clip
DP jdomain.jdraw.gui.undo.Undoable jdomain.jdraw.gui.undo.DrawPixel jdomain.jdraw.data.Pixel
DP jdomain.jdraw.gui.undo.Undoable jdomain.jdraw.gui.undo.DrawPixel jdomain.util.Log
DP jdomain.jdraw.gui.undo.Undoable jdomain.jdraw.gui.undo.DrawPixel jdomain.jdraw.gui.Tool
DP jdomain.jdraw.gui.undo.Undoable jdomain.jdraw.gui.undo.DrawPixel jdomain.jdraw.gui.undo.DrawPixel
DP jdomain.jdraw.gui.undo.Undoable jdomain.jdraw.gui.undo.DrawPixel jdomain.jdraw.data.ColourEntry
DP jdomain.jdraw.gui.undo.Undoable jdomain.jdraw.gui.undo.DrawPixel jdomain.jdraw.data.Palette
DP jdomain.jdraw.gui.undo.Undoable jdomain.jdraw.gui.undo.DrawPixel jdomain.jdraw.data.Picture
DP jdomain.jdraw.gui.undo.Undoable jdomain.jdraw.gui.undo.DrawPixel int
DP jdomain.jdraw.gui.undo.Undoable jdomain.jdraw.gui.undo.DrawOval jdomain.jdraw.data.Clip
DP jdomain.jdraw.gui.undo.Undoable jdomain.jdraw.gui.undo.DrawOval jdomain.jdraw.data.Pixel
DP jdomain.jdraw.gui.undo.Undoable jdomain.jdraw.gui.undo.DrawOval jdomain.util.Log
DP jdomain.jdraw.gui.undo.Undoable jdomain.jdraw.gui.undo.DrawOval jdomain.jdraw.gui.Tool
DP jdomain.jdraw.gui.undo.Undoable jdomain.jdraw.gui.undo.DrawOval jdomain.jdraw.gui.undo.DrawPixel
DP jdomain.jdraw.gui.undo.Undoable jdomain.jdraw.gui.undo.DrawOval jdomain.jdraw.data.ColourEntry
DP jdomain.jdraw.gui.undo.Undoable jdomain.jdraw.gui.undo.DrawOval jdomain.jdraw.data.Palette
DP jdomain.jdraw.gui.undo.Undoable jdomain.jdraw.gui.undo.DrawOval jdomain.jdraw.data.Picture
DP jdomain.jdraw.gui.undo.Undoable jdomain.jdraw.gui.undo.DrawOval int
DP jdomain.jdraw.data.DataObject jdomain.jdraw.data.Frame jdomain.util.Assert
DP jdomain.jdraw.data.DataObject jdomain.jdraw.data.Frame jdomain.util.Log
DP jdomain.jdraw.data.DataObject jdomain.jdraw.data.Frame jdomain.jdraw.data.DataChangeListener
DP jdomain.jdraw.data.DataObject jdomain.jdraw.data.Frame jdomain.jdraw.Main
DP jdomain.jdraw.data.DataObject jdomain.jdraw.data.Frame jdomain.jdraw.data.event.ChangeEvent
DP jdomain.jdraw.data.DataObject jdomain.jdraw.data.Frame jdomain.jdraw.data.DataObject$Update
DP jdomain.jdraw.data.DataObject jdomain.jdraw.data.Frame jdomain.jdraw.data.ColourSettings
DP jdomain.jdraw.data.DataObject jdomain.jdraw.data.Frame jdomain.util.Util
DP jdomain.jdraw.data.DataObject jdomain.jdraw.data.Frame jdomain.jdraw.data.Picture
DP jdomain.jdraw.data.DataObject jdomain.jdraw.data.Clip jdomain.util.Assert
DP jdomain.jdraw.data.DataObject jdomain.jdraw.data.Clip jdomain.util.Log
DP jdomain.jdraw.data.DataObject jdomain.jdraw.data.Clip jdomain.jdraw.data.DataChangeListener
DP jdomain.jdraw.data.DataObject jdomain.jdraw.data.Clip jdomain.jdraw.Main
DP jdomain.jdraw.data.DataObject jdomain.jdraw.data.Clip jdomain.jdraw.data.event.ChangeEvent
DP jdomain.jdraw.data.DataObject jdomain.jdraw.data.Clip jdomain.jdraw.data.DataObject$Update
DP jdomain.jdraw.data.DataObject jdomain.jdraw.data.Clip jdomain.jdraw.data.ColourSettings
DP jdomain.jdraw.data.DataObject jdomain.jdraw.data.Clip jdomain.util.Util
DP jdomain.jdraw.data.DataObject jdomain.jdraw.data.Clip jdomain.jdraw.data.Picture
DP jdomain.jdraw.data.DataObject jdomain.jdraw.data.ColourEntry jdomain.util.Assert
DP jdomain.jdraw.data.DataObject jdomain.jdraw.data.ColourEntry jdomain.util.Log
DP jdomain.jdraw.data.DataObject jdomain.jdraw.data.ColourEntry jdomain.jdraw.data.DataChangeListener
DP jdomain.jdraw.data.DataObject jdomain.jdraw.data.ColourEntry jdomain.jdraw.Main
DP jdomain.jdraw.data.DataObject jdomain.jdraw.data.ColourEntry jdomain.jdraw.data.event.ChangeEvent
DP jdomain.jdraw.data.DataObject jdomain.jdraw.data.ColourEntry jdomain.jdraw.data.DataObject$Update
DP jdomain.jdraw.data.DataObject jdomain.jdraw.data.ColourEntry jdomain.jdraw.data.ColourSettings
DP jdomain.jdraw.data.DataObject jdomain.jdraw.data.ColourEntry jdomain.util.Util
DP jdomain.jdraw.data.DataObject jdomain.jdraw.data.ColourEntry jdomain.jdraw.data.Picture
DP jdomain.jdraw.data.DataObject jdomain.jdraw.data.Palette jdomain.util.Assert
DP jdomain.jdraw.data.DataObject jdomain.jdraw.data.Palette jdomain.util.Log
DP jdomain.jdraw.data.DataObject jdomain.jdraw.data.Palette jdomain.jdraw.data.DataChangeListener
DP jdomain.jdraw.data.DataObject jdomain.jdraw.data.Palette jdomain.jdraw.Main
DP jdomain.jdraw.data.DataObject jdomain.jdraw.data.Palette jdomain.jdraw.data.event.ChangeEvent
DP jdomain.jdraw.data.DataObject jdomain.jdraw.data.Palette jdomain.jdraw.data.DataObject$Update
DP jdomain.jdraw.data.DataObject jdomain.jdraw.data.Palette jdomain.jdraw.data.ColourSettings
DP jdomain.jdraw.data.DataObject jdomain.jdraw.data.Palette jdomain.util.Util
DP jdomain.jdraw.data.DataObject jdomain.jdraw.data.Palette jdomain.jdraw.data.Picture
DP jdomain.jdraw.data.DataObject jdomain.jdraw.data.Picture jdomain.util.Assert
DP jdomain.jdraw.data.DataObject jdomain.jdraw.data.Picture jdomain.util.Log
DP jdomain.jdraw.data.DataObject jdomain.jdraw.data.Picture jdomain.jdraw.data.DataChangeListener
DP jdomain.jdraw.data.DataObject jdomain.jdraw.data.Picture jdomain.jdraw.Main
DP jdomain.jdraw.data.DataObject jdomain.jdraw.data.Picture jdomain.jdraw.data.event.ChangeEvent
DP jdomain.jdraw.data.DataObject jdomain.jdraw.data.Picture jdomain.jdraw.data.DataObject$Update
DP jdomain.jdraw.data.DataObject jdomain.jdraw.data.Picture jdomain.jdraw.data.ColourSettings
DP jdomain.jdraw.data.DataObject jdomain.jdraw.data.Picture jdomain.util.Util
DP jdomain.jdraw.data.DataObject jdomain.jdraw.data.Picture jdomain.jdraw.data.Picture
DP jdomain.jdraw.gui.Tool jdomain.jdraw.gui.PixelTool jdomain.jdraw.data.Frame
DP jdomain.jdraw.gui.Tool jdomain.jdraw.gui.PixelTool jdomain.jdraw.gui.StatusPanel
DP jdomain.jdraw.gui.Tool jdomain.jdraw.gui.PixelTool jdomain.util.Log
DP jdomain.jdraw.gui.Tool jdomain.jdraw.gui.PixelTool jdomain.jdraw.gui.ToolPanel
DP jdomain.jdraw.gui.Tool jdomain.jdraw.gui.PixelTool jdomain.util.Util
DP jdomain.jdraw.gui.Tool jdomain.jdraw.gui.PixelTool jdomain.jdraw.action.DrawAction
DP jdomain.jdraw.gui.Tool jdomain.jdraw.gui.PixelTool jdomain.jdraw.action.ToggleGradientFillAction
DP jdomain.jdraw.gui.Tool jdomain.jdraw.gui.PixelTool jdomain.jdraw.action.ToggleAntialiasAction
DP jdomain.jdraw.gui.Tool jdomain.jdraw.gui.PixelTool jdomain.jdraw.gui.MainFrame
DP jdomain.jdraw.gui.Tool jdomain.jdraw.gui.PixelTool jdomain.jdraw.gui.FramePanel
DP jdomain.jdraw.gui.Tool jdomain.jdraw.gui.PixelTool jdomain.jdraw.data.Picture
DP jdomain.jdraw.gui.Tool jdomain.jdraw.gui.PixelTool jdomain.jdraw.gui.FolderPanel
DP jdomain.jdraw.gui.Tool jdomain.jdraw.gui.ColourPickerTool jdomain.jdraw.data.Frame
DP jdomain.jdraw.gui.Tool jdomain.jdraw.gui.ColourPickerTool jdomain.jdraw.gui.StatusPanel
DP jdomain.jdraw.gui.Tool jdomain.jdraw.gui.ColourPickerTool jdomain.util.Log
DP jdomain.jdraw.gui.Tool jdomain.jdraw.gui.ColourPickerTool jdomain.jdraw.gui.ToolPanel
DP jdomain.jdraw.gui.Tool jdomain.jdraw.gui.ColourPickerTool jdomain.util.Util
DP jdomain.jdraw.gui.Tool jdomain.jdraw.gui.ColourPickerTool jdomain.jdraw.action.DrawAction
DP jdomain.jdraw.gui.Tool jdomain.jdraw.gui.ColourPickerTool jdomain.jdraw.action.ToggleGradientFillAction
DP jdomain.jdraw.gui.Tool jdomain.jdraw.gui.ColourPickerTool jdomain.jdraw.action.ToggleAntialiasAction
DP jdomain.jdraw.gui.Tool jdomain.jdraw.gui.ColourPickerTool jdomain.jdraw.gui.MainFrame
DP jdomain.jdraw.gui.Tool jdomain.jdraw.gui.ColourPickerTool jdomain.jdraw.gui.FramePanel
DP jdomain.jdraw.gui.Tool jdomain.jdraw.gui.ColourPickerTool jdomain.jdraw.data.Picture
DP jdomain.jdraw.gui.Tool jdomain.jdraw.gui.ColourPickerTool jdomain.jdraw.gui.FolderPanel
DP jdomain.jdraw.gui.Tool jdomain.jdraw.gui.FillTool jdomain.jdraw.data.Frame
DP jdomain.jdraw.gui.Tool jdomain.jdraw.gui.FillTool jdomain.jdraw.gui.StatusPanel
DP jdomain.jdraw.gui.Tool jdomain.jdraw.gui.FillTool jdomain.util.Log
DP jdomain.jdraw.gui.Tool jdomain.jdraw.gui.FillTool jdomain.jdraw.gui.ToolPanel
DP jdomain.jdraw.gui.Tool jdomain.jdraw.gui.FillTool jdomain.util.Util
DP jdomain.jdraw.gui.Tool jdomain.jdraw.gui.FillTool jdomain.jdraw.action.DrawAction
DP jdomain.jdraw.gui.Tool jdomain.jdraw.gui.FillTool jdomain.jdraw.action.ToggleGradientFillAction
DP jdomain.jdraw.gui.Tool jdomain.jdraw.gui.FillTool jdomain.jdraw.action.ToggleAntialiasAction
DP jdomain.jdraw.gui.Tool jdomain.jdraw.gui.FillTool jdomain.jdraw.gui.MainFrame
DP jdomain.jdraw.gui.Tool jdomain.jdraw.gui.FillTool jdomain.jdraw.gui.FramePanel
DP jdomain.jdraw.gui.Tool jdomain.jdraw.gui.FillTool jdomain.jdraw.data.Picture
DP jdomain.jdraw.gui.Tool jdomain.jdraw.gui.FillTool jdomain.jdraw.gui.FolderPanel
DP jdomain.jdraw.gui.Tool jdomain.jdraw.gui.RectangularSelectionTool jdomain.jdraw.data.Frame
DP jdomain.jdraw.gui.Tool jdomain.jdraw.gui.RectangularSelectionTool jdomain.jdraw.gui.StatusPanel
DP jdomain.jdraw.gui.Tool jdomain.jdraw.gui.RectangularSelectionTool jdomain.util.Log
DP jdomain.jdraw.gui.Tool jdomain.jdraw.gui.RectangularSelectionTool jdomain.jdraw.gui.ToolPanel
DP jdomain.jdraw.gui.Tool jdomain.jdraw.gui.RectangularSelectionTool jdomain.util.Util
DP jdomain.jdraw.gui.Tool jdomain.jdraw.gui.RectangularSelectionTool jdomain.jdraw.action.DrawAction
DP jdomain.jdraw.gui.Tool jdomain.jdraw.gui.RectangularSelectionTool jdomain.jdraw.action.ToggleGradientFillAction
DP jdomain.jdraw.gui.Tool jdomain.jdraw.gui.RectangularSelectionTool jdomain.jdraw.action.ToggleAntialiasAction
DP jdomain.jdraw.gui.Tool jdomain.jdraw.gui.RectangularSelectionTool jdomain.jdraw.gui.MainFrame
DP jdomain.jdraw.gui.Tool jdomain.jdraw.gui.RectangularSelectionTool jdomain.jdraw.gui.FramePanel
DP jdomain.jdraw.gui.Tool jdomain.jdraw.gui.RectangularSelectionTool jdomain.jdraw.data.Picture
DP jdomain.jdraw.gui.Tool jdomain.jdraw.gui.RectangularSelectionTool jdomain.jdraw.gui.FolderPanel
DP jdomain.jdraw.gui.Tool jdomain.jdraw.gui.OvalTool jdomain.jdraw.data.Frame
DP jdomain.jdraw.gui.Tool jdomain.jdraw.gui.OvalTool jdomain.jdraw.gui.StatusPanel
DP jdomain.jdraw.gui.Tool jdomain.jdraw.gui.OvalTool jdomain.util.Log
DP jdomain.jdraw.gui.Tool jdomain.jdraw.gui.OvalTool jdomain.jdraw.gui.ToolPanel
DP jdomain.jdraw.gui.Tool jdomain.jdraw.gui.OvalTool jdomain.util.Util
DP jdomain.jdraw.gui.Tool jdomain.jdraw.gui.OvalTool jdomain.jdraw.action.DrawAction
DP jdomain.jdraw.gui.Tool jdomain.jdraw.gui.OvalTool jdomain.jdraw.action.ToggleGradientFillAction
DP jdomain.jdraw.gui.Tool jdomain.jdraw.gui.OvalTool jdomain.jdraw.action.ToggleAntialiasAction
DP jdomain.jdraw.gui.Tool jdomain.jdraw.gui.OvalTool jdomain.jdraw.gui.MainFrame
DP jdomain.jdraw.gui.Tool jdomain.jdraw.gui.OvalTool jdomain.jdraw.gui.FramePanel
DP jdomain.jdraw.gui.Tool jdomain.jdraw.gui.OvalTool jdomain.jdraw.data.Picture
DP jdomain.jdraw.gui.Tool jdomain.jdraw.gui.OvalTool jdomain.jdraw.gui.FolderPanel
DP jdomain.jdraw.gui.Tool jdomain.jdraw.gui.LineTool jdomain.jdraw.data.Frame
DP jdomain.jdraw.gui.Tool jdomain.jdraw.gui.LineTool jdomain.jdraw.gui.StatusPanel
DP jdomain.jdraw.gui.Tool jdomain.jdraw.gui.LineTool jdomain.util.Log
DP jdomain.jdraw.gui.Tool jdomain.jdraw.gui.LineTool jdomain.jdraw.gui.ToolPanel
DP jdomain.jdraw.gui.Tool jdomain.jdraw.gui.LineTool jdomain.util.Util
DP jdomain.jdraw.gui.Tool jdomain.jdraw.gui.LineTool jdomain.jdraw.action.DrawAction
DP jdomain.jdraw.gui.Tool jdomain.jdraw.gui.LineTool jdomain.jdraw.action.ToggleGradientFillAction
DP jdomain.jdraw.gui.Tool jdomain.jdraw.gui.LineTool jdomain.jdraw.action.ToggleAntialiasAction
DP jdomain.jdraw.gui.Tool jdomain.jdraw.gui.LineTool jdomain.jdraw.gui.MainFrame
DP jdomain.jdraw.gui.Tool jdomain.jdraw.gui.LineTool jdomain.jdraw.gui.FramePanel
DP jdomain.jdraw.gui.Tool jdomain.jdraw.gui.LineTool jdomain.jdraw.data.Picture
DP jdomain.jdraw.gui.Tool jdomain.jdraw.gui.LineTool jdomain.jdraw.gui.FolderPanel
DP jdomain.jdraw.gui.Tool jdomain.jdraw.gui.TextTool jdomain.jdraw.data.Frame
DP jdomain.jdraw.gui.Tool jdomain.jdraw.gui.TextTool jdomain.jdraw.gui.StatusPanel
DP jdomain.jdraw.gui.Tool jdomain.jdraw.gui.TextTool jdomain.util.Log
DP jdomain.jdraw.gui.Tool jdomain.jdraw.gui.TextTool jdomain.jdraw.gui.ToolPanel
DP jdomain.jdraw.gui.Tool jdomain.jdraw.gui.TextTool jdomain.util.Util
DP jdomain.jdraw.gui.Tool jdomain.jdraw.gui.TextTool jdomain.jdraw.action.DrawAction
DP jdomain.jdraw.gui.Tool jdomain.jdraw.gui.TextTool jdomain.jdraw.action.ToggleGradientFillAction
DP jdomain.jdraw.gui.Tool jdomain.jdraw.gui.TextTool jdomain.jdraw.action.ToggleAntialiasAction
DP jdomain.jdraw.gui.Tool jdomain.jdraw.gui.TextTool jdomain.jdraw.gui.MainFrame
DP jdomain.jdraw.gui.Tool jdomain.jdraw.gui.TextTool jdomain.jdraw.gui.FramePanel
DP jdomain.jdraw.gui.Tool jdomain.jdraw.gui.TextTool jdomain.jdraw.data.Picture
DP jdomain.jdraw.gui.Tool jdomain.jdraw.gui.TextTool jdomain.jdraw.gui.FolderPanel
DP jdomain.jdraw.gui.Tool jdomain.jdraw.gui.RectangleTool jdomain.jdraw.data.Frame
DP jdomain.jdraw.gui.Tool jdomain.jdraw.gui.RectangleTool jdomain.jdraw.gui.StatusPanel
DP jdomain.jdraw.gui.Tool jdomain.jdraw.gui.RectangleTool jdomain.util.Log
DP jdomain.jdraw.gui.Tool jdomain.jdraw.gui.RectangleTool jdomain.jdraw.gui.ToolPanel
DP jdomain.jdraw.gui.Tool jdomain.jdraw.gui.RectangleTool jdomain.util.Util
DP jdomain.jdraw.gui.Tool jdomain.jdraw.gui.RectangleTool jdomain.jdraw.action.DrawAction
DP jdomain.jdraw.gui.Tool jdomain.jdraw.gui.RectangleTool jdomain.jdraw.action.ToggleGradientFillAction
DP jdomain.jdraw.gui.Tool jdomain.jdraw.gui.RectangleTool jdomain.jdraw.action.ToggleAntialiasAction
DP jdomain.jdraw.gui.Tool jdomain.jdraw.gui.RectangleTool jdomain.jdraw.gui.MainFrame
DP jdomain.jdraw.gui.Tool jdomain.jdraw.gui.RectangleTool jdomain.jdraw.gui.FramePanel
DP jdomain.jdraw.gui.Tool jdomain.jdraw.gui.RectangleTool jdomain.jdraw.data.Picture
DP jdomain.jdraw.gui.Tool jdomain.jdraw.gui.RectangleTool jdomain.jdraw.gui.FolderPanel
DP jdomain.jdraw.action.DrawAction jdomain.jdraw.action.BlockingDrawAction jdomain.jdraw.gui.undo.UndoManager
DP jdomain.jdraw.action.DrawAction jdomain.jdraw.action.BlockingDrawAction jdomain.util.Assert
DP jdomain.jdraw.action.DrawAction jdomain.jdraw.action.BlockingDrawAction jdomain.util.Log
DP jdomain.jdraw.action.DrawAction jdomain.jdraw.action.BlockingDrawAction jdomain.util.ResourceLoader
DP jdomain.jdraw.action.DrawAction jdomain.jdraw.action.SaveAction jdomain.jdraw.gui.undo.UndoManager
DP jdomain.jdraw.action.DrawAction jdomain.jdraw.action.SaveAction jdomain.util.Assert
DP jdomain.jdraw.action.DrawAction jdomain.jdraw.action.SaveAction jdomain.util.Log
DP jdomain.jdraw.action.DrawAction jdomain.jdraw.action.SaveAction jdomain.util.ResourceLoader
DP jdomain.jdraw.action.DrawAction jdomain.jdraw.action.SortPaletteAction jdomain.jdraw.gui.undo.UndoManager
DP jdomain.jdraw.action.DrawAction jdomain.jdraw.action.SortPaletteAction jdomain.util.Assert
DP jdomain.jdraw.action.DrawAction jdomain.jdraw.action.SortPaletteAction jdomain.util.Log
DP jdomain.jdraw.action.DrawAction jdomain.jdraw.action.SortPaletteAction jdomain.util.ResourceLoader
DP jdomain.jdraw.action.DrawAction jdomain.jdraw.action.EditColourAction jdomain.jdraw.gui.undo.UndoManager
DP jdomain.jdraw.action.DrawAction jdomain.jdraw.action.EditColourAction jdomain.util.Assert
DP jdomain.jdraw.action.DrawAction jdomain.jdraw.action.EditColourAction jdomain.util.Log
DP jdomain.jdraw.action.DrawAction jdomain.jdraw.action.EditColourAction jdomain.util.ResourceLoader
DP jdomain.jdraw.action.DrawAction jdomain.jdraw.action.CompressAction jdomain.jdraw.gui.undo.UndoManager
DP jdomain.jdraw.action.DrawAction jdomain.jdraw.action.CompressAction jdomain.util.Assert
DP jdomain.jdraw.action.DrawAction jdomain.jdraw.action.CompressAction jdomain.util.Log
DP jdomain.jdraw.action.DrawAction jdomain.jdraw.action.CompressAction jdomain.util.ResourceLoader
DP jdomain.jdraw.action.DrawAction jdomain.jdraw.action.GrayScaleAction jdomain.jdraw.gui.undo.UndoManager
DP jdomain.jdraw.action.DrawAction jdomain.jdraw.action.GrayScaleAction jdomain.util.Assert
DP jdomain.jdraw.action.DrawAction jdomain.jdraw.action.GrayScaleAction jdomain.util.Log
DP jdomain.jdraw.action.DrawAction jdomain.jdraw.action.GrayScaleAction jdomain.util.ResourceLoader
DP jdomain.jdraw.action.DrawAction jdomain.jdraw.action.RotateAction jdomain.jdraw.gui.undo.UndoManager
DP jdomain.jdraw.action.DrawAction jdomain.jdraw.action.RotateAction jdomain.util.Assert
DP jdomain.jdraw.action.DrawAction jdomain.jdraw.action.RotateAction jdomain.util.Log
DP jdomain.jdraw.action.DrawAction jdomain.jdraw.action.RotateAction jdomain.util.ResourceLoader
DP jdomain.jdraw.action.DrawAction jdomain.jdraw.action.ExitAction jdomain.jdraw.gui.undo.UndoManager
DP jdomain.jdraw.action.DrawAction jdomain.jdraw.action.ExitAction jdomain.util.Assert
DP jdomain.jdraw.action.DrawAction jdomain.jdraw.action.ExitAction jdomain.util.Log
DP jdomain.jdraw.action.DrawAction jdomain.jdraw.action.ExitAction jdomain.util.ResourceLoader
DP jdomain.jdraw.action.DrawAction jdomain.jdraw.action.ReducePaletteColoursAction jdomain.jdraw.gui.undo.UndoManager
DP jdomain.jdraw.action.DrawAction jdomain.jdraw.action.ReducePaletteColoursAction jdomain.util.Assert
DP jdomain.jdraw.action.DrawAction jdomain.jdraw.action.ReducePaletteColoursAction jdomain.util.Log
DP jdomain.jdraw.action.DrawAction jdomain.jdraw.action.ReducePaletteColoursAction jdomain.util.ResourceLoader
DP jdomain.jdraw.action.DrawAction jdomain.jdraw.action.ResetAlphaValuesAction jdomain.jdraw.gui.undo.UndoManager
DP jdomain.jdraw.action.DrawAction jdomain.jdraw.action.ResetAlphaValuesAction jdomain.util.Assert
DP jdomain.jdraw.action.DrawAction jdomain.jdraw.action.ResetAlphaValuesAction jdomain.util.Log
DP jdomain.jdraw.action.DrawAction jdomain.jdraw.action.ResetAlphaValuesAction jdomain.util.ResourceLoader
DP jdomain.jdraw.action.DrawAction jdomain.jdraw.action.SaveCompressedAction jdomain.jdraw.gui.undo.UndoManager
DP jdomain.jdraw.action.DrawAction jdomain.jdraw.action.SaveCompressedAction jdomain.util.Assert
DP jdomain.jdraw.action.DrawAction jdomain.jdraw.action.SaveCompressedAction jdomain.util.Log
DP jdomain.jdraw.action.DrawAction jdomain.jdraw.action.SaveCompressedAction jdomain.util.ResourceLoader
DP jdomain.jdraw.action.DrawAction jdomain.jdraw.action.SetTextToolAction jdomain.jdraw.gui.undo.UndoManager
DP jdomain.jdraw.action.DrawAction jdomain.jdraw.action.SetTextToolAction jdomain.util.Assert
DP jdomain.jdraw.action.DrawAction jdomain.jdraw.action.SetTextToolAction jdomain.util.Log
DP jdomain.jdraw.action.DrawAction jdomain.jdraw.action.SetTextToolAction jdomain.util.ResourceLoader
DP jdomain.jdraw.action.DrawAction jdomain.jdraw.action.ScaleAction jdomain.jdraw.gui.undo.UndoManager
DP jdomain.jdraw.action.DrawAction jdomain.jdraw.action.ScaleAction jdomain.util.Assert
DP jdomain.jdraw.action.DrawAction jdomain.jdraw.action.ScaleAction jdomain.util.Log
DP jdomain.jdraw.action.DrawAction jdomain.jdraw.action.ScaleAction jdomain.util.ResourceLoader
DP jdomain.jdraw.action.DrawAction jdomain.jdraw.action.ViewAnimationAction jdomain.jdraw.gui.undo.UndoManager
DP jdomain.jdraw.action.DrawAction jdomain.jdraw.action.ViewAnimationAction jdomain.util.Assert
DP jdomain.jdraw.action.DrawAction jdomain.jdraw.action.ViewAnimationAction jdomain.util.Log
DP jdomain.jdraw.action.DrawAction jdomain.jdraw.action.ViewAnimationAction jdomain.util.ResourceLoader
DP jdomain.jdraw.action.DrawAction jdomain.jdraw.action.ResetPaletteAlphaValuesAction jdomain.jdraw.gui.undo.UndoManager
DP jdomain.jdraw.action.DrawAction jdomain.jdraw.action.ResetPaletteAlphaValuesAction jdomain.util.Assert
DP jdomain.jdraw.action.DrawAction jdomain.jdraw.action.ResetPaletteAlphaValuesAction jdomain.util.Log
DP jdomain.jdraw.action.DrawAction jdomain.jdraw.action.ResetPaletteAlphaValuesAction jdomain.util.ResourceLoader
DP jdomain.jdraw.action.DrawAction jdomain.jdraw.action.LoadAction jdomain.jdraw.gui.undo.UndoManager
DP jdomain.jdraw.action.DrawAction jdomain.jdraw.action.LoadAction jdomain.util.Assert
DP jdomain.jdraw.action.DrawAction jdomain.jdraw.action.LoadAction jdomain.util.Log
DP jdomain.jdraw.action.DrawAction jdomain.jdraw.action.LoadAction jdomain.util.ResourceLoader
DP jdomain.jdraw.action.DrawAction jdomain.jdraw.action.SettingsAction jdomain.jdraw.gui.undo.UndoManager
DP jdomain.jdraw.action.DrawAction jdomain.jdraw.action.SettingsAction jdomain.util.Assert
DP jdomain.jdraw.action.DrawAction jdomain.jdraw.action.SettingsAction jdomain.util.Log
DP jdomain.jdraw.action.DrawAction jdomain.jdraw.action.SettingsAction jdomain.util.ResourceLoader
DP jdomain.jdraw.action.DrawAction jdomain.jdraw.action.InsertAction jdomain.jdraw.gui.undo.UndoManager
DP jdomain.jdraw.action.DrawAction jdomain.jdraw.action.InsertAction jdomain.util.Assert
DP jdomain.jdraw.action.DrawAction jdomain.jdraw.action.InsertAction jdomain.util.Log
DP jdomain.jdraw.action.DrawAction jdomain.jdraw.action.InsertAction jdomain.util.ResourceLoader
DP jdomain.jdraw.action.DrawAction jdomain.jdraw.action.ResizeAction jdomain.jdraw.gui.undo.UndoManager
DP jdomain.jdraw.action.DrawAction jdomain.jdraw.action.ResizeAction jdomain.util.Assert
DP jdomain.jdraw.action.DrawAction jdomain.jdraw.action.ResizeAction jdomain.util.Log
DP jdomain.jdraw.action.DrawAction jdomain.jdraw.action.ResizeAction jdomain.util.ResourceLoader
DP jdomain.jdraw.action.DrawAction jdomain.jdraw.action.RemoveColourAction jdomain.jdraw.gui.undo.UndoManager
DP jdomain.jdraw.action.DrawAction jdomain.jdraw.action.RemoveColourAction jdomain.util.Assert
DP jdomain.jdraw.action.DrawAction jdomain.jdraw.action.RemoveColourAction jdomain.util.Log
DP jdomain.jdraw.action.DrawAction jdomain.jdraw.action.RemoveColourAction jdomain.util.ResourceLoader
DP jdomain.jdraw.action.DrawAction jdomain.jdraw.action.ReduceColoursAction jdomain.jdraw.gui.undo.UndoManager
DP jdomain.jdraw.action.DrawAction jdomain.jdraw.action.ReduceColoursAction jdomain.util.Assert
DP jdomain.jdraw.action.DrawAction jdomain.jdraw.action.ReduceColoursAction jdomain.util.Log
DP jdomain.jdraw.action.DrawAction jdomain.jdraw.action.ReduceColoursAction jdomain.util.ResourceLoader
DP jdomain.jdraw.action.DrawAction jdomain.jdraw.action.CompressPaletteAction jdomain.jdraw.gui.undo.UndoManager
DP jdomain.jdraw.action.DrawAction jdomain.jdraw.action.CompressPaletteAction jdomain.util.Assert
DP jdomain.jdraw.action.DrawAction jdomain.jdraw.action.CompressPaletteAction jdomain.util.Log
DP jdomain.jdraw.action.DrawAction jdomain.jdraw.action.CompressPaletteAction jdomain.util.ResourceLoader
DP jdomain.jdraw.action.DrawAction jdomain.jdraw.action.EditFrameSettingsAction jdomain.jdraw.gui.undo.UndoManager
DP jdomain.jdraw.action.DrawAction jdomain.jdraw.action.EditFrameSettingsAction jdomain.util.Assert
DP jdomain.jdraw.action.DrawAction jdomain.jdraw.action.EditFrameSettingsAction jdomain.util.Log
DP jdomain.jdraw.action.DrawAction jdomain.jdraw.action.EditFrameSettingsAction jdomain.util.ResourceLoader
DP jdomain.jdraw.action.DrawAction jdomain.jdraw.action.AnimTutorialAction jdomain.jdraw.gui.undo.UndoManager
DP jdomain.jdraw.action.DrawAction jdomain.jdraw.action.AnimTutorialAction jdomain.util.Assert
DP jdomain.jdraw.action.DrawAction jdomain.jdraw.action.AnimTutorialAction jdomain.util.Log
DP jdomain.jdraw.action.DrawAction jdomain.jdraw.action.AnimTutorialAction jdomain.util.ResourceLoader
DP jdomain.jdraw.action.DrawAction jdomain.jdraw.action.HelpAction jdomain.jdraw.gui.undo.UndoManager
DP jdomain.jdraw.action.DrawAction jdomain.jdraw.action.HelpAction jdomain.util.Assert
DP jdomain.jdraw.action.DrawAction jdomain.jdraw.action.HelpAction jdomain.util.Log
DP jdomain.jdraw.action.DrawAction jdomain.jdraw.action.HelpAction jdomain.util.ResourceLoader
DP jdomain.jdraw.action.DrawAction jdomain.jdraw.action.ToggleGridAction jdomain.jdraw.gui.undo.UndoManager
DP jdomain.jdraw.action.DrawAction jdomain.jdraw.action.ToggleGridAction jdomain.util.Assert
DP jdomain.jdraw.action.DrawAction jdomain.jdraw.action.ToggleGridAction jdomain.util.Log
DP jdomain.jdraw.action.DrawAction jdomain.jdraw.action.ToggleGridAction jdomain.util.ResourceLoader
DP jdomain.jdraw.action.DrawAction jdomain.jdraw.action.RemoveFrameAction jdomain.jdraw.gui.undo.UndoManager
DP jdomain.jdraw.action.DrawAction jdomain.jdraw.action.RemoveFrameAction jdomain.util.Assert
DP jdomain.jdraw.action.DrawAction jdomain.jdraw.action.RemoveFrameAction jdomain.util.Log
DP jdomain.jdraw.action.DrawAction jdomain.jdraw.action.RemoveFrameAction jdomain.util.ResourceLoader
DP jdomain.jdraw.action.DrawAction jdomain.jdraw.action.NewAction jdomain.jdraw.gui.undo.UndoManager
DP jdomain.jdraw.action.DrawAction jdomain.jdraw.action.NewAction jdomain.util.Assert
DP jdomain.jdraw.action.DrawAction jdomain.jdraw.action.NewAction jdomain.util.Log
DP jdomain.jdraw.action.DrawAction jdomain.jdraw.action.NewAction jdomain.util.ResourceLoader
DP jdomain.jdraw.action.DrawAction jdomain.jdraw.action.SetFillToolAction jdomain.jdraw.gui.undo.UndoManager
DP jdomain.jdraw.action.DrawAction jdomain.jdraw.action.SetFillToolAction jdomain.util.Assert
DP jdomain.jdraw.action.DrawAction jdomain.jdraw.action.SetFillToolAction jdomain.util.Log
DP jdomain.jdraw.action.DrawAction jdomain.jdraw.action.SetFillToolAction jdomain.util.ResourceLoader
DP jdomain.jdraw.action.DrawAction jdomain.jdraw.action.SetFilledOvalToolAction jdomain.jdraw.gui.undo.UndoManager
DP jdomain.jdraw.action.DrawAction jdomain.jdraw.action.SetFilledOvalToolAction jdomain.util.Assert
DP jdomain.jdraw.action.DrawAction jdomain.jdraw.action.SetFilledOvalToolAction jdomain.util.Log
DP jdomain.jdraw.action.DrawAction jdomain.jdraw.action.SetFilledOvalToolAction jdomain.util.ResourceLoader
DP jdomain.jdraw.action.DrawAction jdomain.jdraw.action.SetLineToolAction jdomain.jdraw.gui.undo.UndoManager
DP jdomain.jdraw.action.DrawAction jdomain.jdraw.action.SetLineToolAction jdomain.util.Assert
DP jdomain.jdraw.action.DrawAction jdomain.jdraw.action.SetLineToolAction jdomain.util.Log
DP jdomain.jdraw.action.DrawAction jdomain.jdraw.action.SetLineToolAction jdomain.util.ResourceLoader
DP jdomain.jdraw.action.DrawAction jdomain.jdraw.action.SetRectangleToolAction jdomain.jdraw.gui.undo.UndoManager
DP jdomain.jdraw.action.DrawAction jdomain.jdraw.action.SetRectangleToolAction jdomain.util.Assert
DP jdomain.jdraw.action.DrawAction jdomain.jdraw.action.SetRectangleToolAction jdomain.util.Log
DP jdomain.jdraw.action.DrawAction jdomain.jdraw.action.SetRectangleToolAction jdomain.util.ResourceLoader
DP jdomain.jdraw.action.DrawAction jdomain.jdraw.action.SetToleranceAction jdomain.jdraw.gui.undo.UndoManager
DP jdomain.jdraw.action.DrawAction jdomain.jdraw.action.SetToleranceAction jdomain.util.Assert
DP jdomain.jdraw.action.DrawAction jdomain.jdraw.action.SetToleranceAction jdomain.util.Log
DP jdomain.jdraw.action.DrawAction jdomain.jdraw.action.SetToleranceAction jdomain.util.ResourceLoader
DP jdomain.jdraw.action.DrawAction jdomain.jdraw.action.CropAction jdomain.jdraw.gui.undo.UndoManager
DP jdomain.jdraw.action.DrawAction jdomain.jdraw.action.CropAction jdomain.util.Assert
DP jdomain.jdraw.action.DrawAction jdomain.jdraw.action.CropAction jdomain.util.Log
DP jdomain.jdraw.action.DrawAction jdomain.jdraw.action.CropAction jdomain.util.ResourceLoader
DP jdomain.jdraw.action.DrawAction jdomain.jdraw.action.UndoAction jdomain.jdraw.gui.undo.UndoManager
DP jdomain.jdraw.action.DrawAction jdomain.jdraw.action.UndoAction jdomain.util.Assert
DP jdomain.jdraw.action.DrawAction jdomain.jdraw.action.UndoAction jdomain.util.Log
DP jdomain.jdraw.action.DrawAction jdomain.jdraw.action.UndoAction jdomain.util.ResourceLoader
DP jdomain.jdraw.action.DrawAction jdomain.jdraw.action.FlipClipHorizontallyAction jdomain.jdraw.gui.undo.UndoManager
DP jdomain.jdraw.action.DrawAction jdomain.jdraw.action.FlipClipHorizontallyAction jdomain.util.Assert
DP jdomain.jdraw.action.DrawAction jdomain.jdraw.action.FlipClipHorizontallyAction jdomain.util.Log
DP jdomain.jdraw.action.DrawAction jdomain.jdraw.action.FlipClipHorizontallyAction jdomain.util.ResourceLoader
DP jdomain.jdraw.action.DrawAction jdomain.jdraw.action.ToggleTransparencyAction jdomain.jdraw.gui.undo.UndoManager
DP jdomain.jdraw.action.DrawAction jdomain.jdraw.action.ToggleTransparencyAction jdomain.util.Assert
DP jdomain.jdraw.action.DrawAction jdomain.jdraw.action.ToggleTransparencyAction jdomain.util.Log
DP jdomain.jdraw.action.DrawAction jdomain.jdraw.action.ToggleTransparencyAction jdomain.util.ResourceLoader
DP jdomain.jdraw.action.DrawAction jdomain.jdraw.action.SetOvalToolAction jdomain.jdraw.gui.undo.UndoManager
DP jdomain.jdraw.action.DrawAction jdomain.jdraw.action.SetOvalToolAction jdomain.util.Assert
DP jdomain.jdraw.action.DrawAction jdomain.jdraw.action.SetOvalToolAction jdomain.util.Log
DP jdomain.jdraw.action.DrawAction jdomain.jdraw.action.SetOvalToolAction jdomain.util.ResourceLoader
DP jdomain.jdraw.action.DrawAction jdomain.jdraw.action.SaveAsAction jdomain.jdraw.gui.undo.UndoManager
DP jdomain.jdraw.action.DrawAction jdomain.jdraw.action.SaveAsAction jdomain.util.Assert
DP jdomain.jdraw.action.DrawAction jdomain.jdraw.action.SaveAsAction jdomain.util.Log
DP jdomain.jdraw.action.DrawAction jdomain.jdraw.action.SaveAsAction jdomain.util.ResourceLoader
DP jdomain.jdraw.action.DrawAction jdomain.jdraw.action.DecreaseZoomAction jdomain.jdraw.gui.undo.UndoManager
DP jdomain.jdraw.action.DrawAction jdomain.jdraw.action.DecreaseZoomAction jdomain.util.Assert
DP jdomain.jdraw.action.DrawAction jdomain.jdraw.action.DecreaseZoomAction jdomain.util.Log
DP jdomain.jdraw.action.DrawAction jdomain.jdraw.action.DecreaseZoomAction jdomain.util.ResourceLoader
DP jdomain.jdraw.action.DrawAction jdomain.jdraw.action.SetPixelToolAction jdomain.jdraw.gui.undo.UndoManager
DP jdomain.jdraw.action.DrawAction jdomain.jdraw.action.SetPixelToolAction jdomain.util.Assert
DP jdomain.jdraw.action.DrawAction jdomain.jdraw.action.SetPixelToolAction jdomain.util.Log
DP jdomain.jdraw.action.DrawAction jdomain.jdraw.action.SetPixelToolAction jdomain.util.ResourceLoader
DP jdomain.jdraw.action.DrawAction jdomain.jdraw.action.AddFrameAction jdomain.jdraw.gui.undo.UndoManager
DP jdomain.jdraw.action.DrawAction jdomain.jdraw.action.AddFrameAction jdomain.util.Assert
DP jdomain.jdraw.action.DrawAction jdomain.jdraw.action.AddFrameAction jdomain.util.Log
DP jdomain.jdraw.action.DrawAction jdomain.jdraw.action.AddFrameAction jdomain.util.ResourceLoader
DP jdomain.jdraw.action.DrawAction jdomain.jdraw.action.ToggleGradientFillAction jdomain.jdraw.gui.undo.UndoManager
DP jdomain.jdraw.action.DrawAction jdomain.jdraw.action.ToggleGradientFillAction jdomain.util.Assert
DP jdomain.jdraw.action.DrawAction jdomain.jdraw.action.ToggleGradientFillAction jdomain.util.Log
DP jdomain.jdraw.action.DrawAction jdomain.jdraw.action.ToggleGradientFillAction jdomain.util.ResourceLoader
DP jdomain.jdraw.action.DrawAction jdomain.jdraw.action.RotateClipAction jdomain.jdraw.gui.undo.UndoManager
DP jdomain.jdraw.action.DrawAction jdomain.jdraw.action.RotateClipAction jdomain.util.Assert
DP jdomain.jdraw.action.DrawAction jdomain.jdraw.action.RotateClipAction jdomain.util.Log
DP jdomain.jdraw.action.DrawAction jdomain.jdraw.action.RotateClipAction jdomain.util.ResourceLoader
DP jdomain.jdraw.action.DrawAction jdomain.jdraw.action.SwapColoursAction jdomain.jdraw.gui.undo.UndoManager
DP jdomain.jdraw.action.DrawAction jdomain.jdraw.action.SwapColoursAction jdomain.util.Assert
DP jdomain.jdraw.action.DrawAction jdomain.jdraw.action.SwapColoursAction jdomain.util.Log
DP jdomain.jdraw.action.DrawAction jdomain.jdraw.action.SwapColoursAction jdomain.util.ResourceLoader
DP jdomain.jdraw.action.DrawAction jdomain.jdraw.action.AboutAction jdomain.jdraw.gui.undo.UndoManager
DP jdomain.jdraw.action.DrawAction jdomain.jdraw.action.AboutAction jdomain.util.Assert
DP jdomain.jdraw.action.DrawAction jdomain.jdraw.action.AboutAction jdomain.util.Log
DP jdomain.jdraw.action.DrawAction jdomain.jdraw.action.AboutAction jdomain.util.ResourceLoader
DP jdomain.jdraw.action.DrawAction jdomain.jdraw.action.SearchDialogAction jdomain.jdraw.gui.undo.UndoManager
DP jdomain.jdraw.action.DrawAction jdomain.jdraw.action.SearchDialogAction jdomain.util.Assert
DP jdomain.jdraw.action.DrawAction jdomain.jdraw.action.SearchDialogAction jdomain.util.Log
DP jdomain.jdraw.action.DrawAction jdomain.jdraw.action.SearchDialogAction jdomain.util.ResourceLoader
DP jdomain.jdraw.action.DrawAction jdomain.jdraw.action.AddColourAction jdomain.jdraw.gui.undo.UndoManager
DP jdomain.jdraw.action.DrawAction jdomain.jdraw.action.AddColourAction jdomain.util.Assert
DP jdomain.jdraw.action.DrawAction jdomain.jdraw.action.AddColourAction jdomain.util.Log
DP jdomain.jdraw.action.DrawAction jdomain.jdraw.action.AddColourAction jdomain.util.ResourceLoader
DP jdomain.jdraw.action.DrawAction jdomain.jdraw.action.SetPreviousZoomAction jdomain.jdraw.gui.undo.UndoManager
DP jdomain.jdraw.action.DrawAction jdomain.jdraw.action.SetPreviousZoomAction jdomain.util.Assert
DP jdomain.jdraw.action.DrawAction jdomain.jdraw.action.SetPreviousZoomAction jdomain.util.Log
DP jdomain.jdraw.action.DrawAction jdomain.jdraw.action.SetPreviousZoomAction jdomain.util.ResourceLoader
DP jdomain.jdraw.action.DrawAction jdomain.jdraw.action.SetMinZoomAction jdomain.jdraw.gui.undo.UndoManager
DP jdomain.jdraw.action.DrawAction jdomain.jdraw.action.SetMinZoomAction jdomain.util.Assert
DP jdomain.jdraw.action.DrawAction jdomain.jdraw.action.SetMinZoomAction jdomain.util.Log
DP jdomain.jdraw.action.DrawAction jdomain.jdraw.action.SetMinZoomAction jdomain.util.ResourceLoader
DP jdomain.jdraw.action.DrawAction jdomain.jdraw.action.SetFilledRectangleToolAction jdomain.jdraw.gui.undo.UndoManager
DP jdomain.jdraw.action.DrawAction jdomain.jdraw.action.SetFilledRectangleToolAction jdomain.util.Assert
DP jdomain.jdraw.action.DrawAction jdomain.jdraw.action.SetFilledRectangleToolAction jdomain.util.Log
DP jdomain.jdraw.action.DrawAction jdomain.jdraw.action.SetFilledRectangleToolAction jdomain.util.ResourceLoader
DP jdomain.jdraw.action.DrawAction jdomain.jdraw.action.RedoAction jdomain.jdraw.gui.undo.UndoManager
DP jdomain.jdraw.action.DrawAction jdomain.jdraw.action.RedoAction jdomain.util.Assert
DP jdomain.jdraw.action.DrawAction jdomain.jdraw.action.RedoAction jdomain.util.Log
DP jdomain.jdraw.action.DrawAction jdomain.jdraw.action.RedoAction jdomain.util.ResourceLoader
DP jdomain.jdraw.action.DrawAction jdomain.jdraw.action.FlipClipVerticallyAction jdomain.jdraw.gui.undo.UndoManager
DP jdomain.jdraw.action.DrawAction jdomain.jdraw.action.FlipClipVerticallyAction jdomain.util.Assert
DP jdomain.jdraw.action.DrawAction jdomain.jdraw.action.FlipClipVerticallyAction jdomain.util.Log
DP jdomain.jdraw.action.DrawAction jdomain.jdraw.action.FlipClipVerticallyAction jdomain.util.ResourceLoader
DP jdomain.jdraw.action.DrawAction jdomain.jdraw.action.ToggleViewsAction jdomain.jdraw.gui.undo.UndoManager
DP jdomain.jdraw.action.DrawAction jdomain.jdraw.action.ToggleViewsAction jdomain.util.Assert
DP jdomain.jdraw.action.DrawAction jdomain.jdraw.action.ToggleViewsAction jdomain.util.Log
DP jdomain.jdraw.action.DrawAction jdomain.jdraw.action.ToggleViewsAction jdomain.util.ResourceLoader
DP jdomain.jdraw.action.DrawAction jdomain.jdraw.action.SetMaxZoomAction jdomain.jdraw.gui.undo.UndoManager
DP jdomain.jdraw.action.DrawAction jdomain.jdraw.action.SetMaxZoomAction jdomain.util.Assert
DP jdomain.jdraw.action.DrawAction jdomain.jdraw.action.SetMaxZoomAction jdomain.util.Log
DP jdomain.jdraw.action.DrawAction jdomain.jdraw.action.SetMaxZoomAction jdomain.util.ResourceLoader
DP jdomain.jdraw.action.DrawAction jdomain.jdraw.action.ToggleAntialiasAction jdomain.jdraw.gui.undo.UndoManager
DP jdomain.jdraw.action.DrawAction jdomain.jdraw.action.ToggleAntialiasAction jdomain.util.Assert
DP jdomain.jdraw.action.DrawAction jdomain.jdraw.action.ToggleAntialiasAction jdomain.util.Log
DP jdomain.jdraw.action.DrawAction jdomain.jdraw.action.ToggleAntialiasAction jdomain.util.ResourceLoader
DP jdomain.jdraw.action.DrawAction jdomain.jdraw.action.SetColourPickerToolAction jdomain.jdraw.gui.undo.UndoManager
DP jdomain.jdraw.action.DrawAction jdomain.jdraw.action.SetColourPickerToolAction jdomain.util.Assert
DP jdomain.jdraw.action.DrawAction jdomain.jdraw.action.SetColourPickerToolAction jdomain.util.Log
DP jdomain.jdraw.action.DrawAction jdomain.jdraw.action.SetColourPickerToolAction jdomain.util.ResourceLoader
DP jdomain.jdraw.action.DrawAction jdomain.jdraw.action.SetClipToolAction jdomain.jdraw.gui.undo.UndoManager
DP jdomain.jdraw.action.DrawAction jdomain.jdraw.action.SetClipToolAction jdomain.util.Assert
DP jdomain.jdraw.action.DrawAction jdomain.jdraw.action.SetClipToolAction jdomain.util.Log
DP jdomain.jdraw.action.DrawAction jdomain.jdraw.action.SetClipToolAction jdomain.util.ResourceLoader
DP jdomain.jdraw.action.DrawAction jdomain.jdraw.action.ToggleLocalPaletteAction jdomain.jdraw.gui.undo.UndoManager
DP jdomain.jdraw.action.DrawAction jdomain.jdraw.action.ToggleLocalPaletteAction jdomain.util.Assert
DP jdomain.jdraw.action.DrawAction jdomain.jdraw.action.ToggleLocalPaletteAction jdomain.util.Log
DP jdomain.jdraw.action.DrawAction jdomain.jdraw.action.ToggleLocalPaletteAction jdomain.util.ResourceLoader
DP jdomain.jdraw.action.DrawAction jdomain.jdraw.action.IncreaseZoomAction jdomain.jdraw.gui.undo.UndoManager
DP jdomain.jdraw.action.DrawAction jdomain.jdraw.action.IncreaseZoomAction jdomain.util.Assert
DP jdomain.jdraw.action.DrawAction jdomain.jdraw.action.IncreaseZoomAction jdomain.util.Log
DP jdomain.jdraw.action.DrawAction jdomain.jdraw.action.IncreaseZoomAction jdomain.util.ResourceLoader
DP jdomain.jdraw.gui.DrawDialog jdomain.jdraw.gui.ToleranceDialog jdomain.util.gui.AntialiasPanel
DP jdomain.jdraw.gui.DrawDialog jdomain.jdraw.gui.ToleranceDialog jdomain.util.gui.StandardDialog
DP jdomain.jdraw.gui.DrawDialog jdomain.jdraw.gui.FrameSettingsDialog jdomain.util.gui.AntialiasPanel
DP jdomain.jdraw.gui.DrawDialog jdomain.jdraw.gui.FrameSettingsDialog jdomain.util.gui.StandardDialog
DP jdomain.jdraw.gui.DrawDialog jdomain.jdraw.gui.ScaleDialog jdomain.util.gui.AntialiasPanel
DP jdomain.jdraw.gui.DrawDialog jdomain.jdraw.gui.ScaleDialog jdomain.util.gui.StandardDialog
DP jdomain.jdraw.gui.DrawDialog jdomain.jdraw.gui.AboutDialog jdomain.util.gui.AntialiasPanel
DP jdomain.jdraw.gui.DrawDialog jdomain.jdraw.gui.AboutDialog jdomain.util.gui.StandardDialog
DP jdomain.jdraw.gui.DrawDialog jdomain.jdraw.gui.RotateDialog jdomain.util.gui.AntialiasPanel
DP jdomain.jdraw.gui.DrawDialog jdomain.jdraw.gui.RotateDialog jdomain.util.gui.StandardDialog
DP jdomain.jdraw.gui.DrawDialog jdomain.jdraw.gui.SizeDialog jdomain.util.gui.AntialiasPanel
DP jdomain.jdraw.gui.DrawDialog jdomain.jdraw.gui.SizeDialog jdomain.util.gui.StandardDialog
DP jdomain.jdraw.gui.DrawDialog jdomain.jdraw.gui.ColourEditor jdomain.util.gui.AntialiasPanel
DP jdomain.jdraw.gui.DrawDialog jdomain.jdraw.gui.ColourEditor jdomain.util.gui.StandardDialog
DP jdomain.jdraw.gui.DrawDialog jdomain.jdraw.gui.GrayScaleDialog jdomain.util.gui.AntialiasPanel
DP jdomain.jdraw.gui.DrawDialog jdomain.jdraw.gui.GrayScaleDialog jdomain.util.gui.StandardDialog
DP jdomain.jdraw.gui.DrawDialog jdomain.jdraw.gui.QuestionDialog jdomain.util.gui.AntialiasPanel
DP jdomain.jdraw.gui.DrawDialog jdomain.jdraw.gui.QuestionDialog jdomain.util.gui.StandardDialog
DP jdomain.jdraw.gui.DrawDialog jdomain.jdraw.gui.SettingsDialog jdomain.util.gui.AntialiasPanel
DP jdomain.jdraw.gui.DrawDialog jdomain.jdraw.gui.SettingsDialog jdomain.util.gui.StandardDialog
DP jdomain.util.gui.FileBrowser jdomain.jdraw.gui.DrawBrowser jdomain.util.gui.FileBrowser$1
DP jdomain.util.gui.FileBrowser jdomain.jdraw.gui.DrawBrowser jdomain.util.gui.BrowserFilter
DP jdomain.util.gui.FileBrowser jdomain.jdraw.gui.DrawBrowser jdomain.util.gui.FileBrowserUI
DP jdomain.util.gui.FileBrowser jdomain.jdraw.gui.DrawBrowser jdomain.util.gui.StandardMainFrame
DP jdomain.jdraw.gui.FloatingClip jdomain.jdraw.gui.InfoClip jdomain.jdraw.gui.Tool
DP jdomain.jdraw.gui.FloatingClip jdomain.jdraw.gui.ClipPanel jdomain.jdraw.gui.Tool
DP jdomain.jdraw.gui.RectangularSelectionTool jdomain.jdraw.gui.OvalTool jdomain.jdraw.gui.DrawPanel
DP jdomain.jdraw.gui.RectangularSelectionTool jdomain.jdraw.gui.OvalTool jdomain.jdraw.data.Frame
DP jdomain.jdraw.gui.RectangularSelectionTool jdomain.jdraw.gui.OvalTool jdomain.jdraw.gui.Tool
DP jdomain.jdraw.gui.RectangularSelectionTool jdomain.jdraw.gui.LineTool jdomain.jdraw.gui.DrawPanel
DP jdomain.jdraw.gui.RectangularSelectionTool jdomain.jdraw.gui.LineTool jdomain.jdraw.data.Frame
DP jdomain.jdraw.gui.RectangularSelectionTool jdomain.jdraw.gui.LineTool jdomain.jdraw.gui.Tool
DP jdomain.jdraw.gui.RectangularSelectionTool jdomain.jdraw.gui.ClipTool jdomain.jdraw.gui.DrawPanel
DP jdomain.jdraw.gui.RectangularSelectionTool jdomain.jdraw.gui.ClipTool jdomain.jdraw.data.Frame
DP jdomain.jdraw.gui.RectangularSelectionTool jdomain.jdraw.gui.ClipTool jdomain.jdraw.gui.Tool
DP jdomain.jdraw.gui.RectangularSelectionTool jdomain.jdraw.gui.TextTool jdomain.jdraw.gui.DrawPanel
DP jdomain.jdraw.gui.RectangularSelectionTool jdomain.jdraw.gui.TextTool jdomain.jdraw.data.Frame
DP jdomain.jdraw.gui.RectangularSelectionTool jdomain.jdraw.gui.TextTool jdomain.jdraw.gui.Tool
DP jdomain.jdraw.gui.RectangularSelectionTool jdomain.jdraw.gui.RectangleTool jdomain.jdraw.gui.DrawPanel
DP jdomain.jdraw.gui.RectangularSelectionTool jdomain.jdraw.gui.RectangleTool jdomain.jdraw.data.Frame
DP jdomain.jdraw.gui.RectangularSelectionTool jdomain.jdraw.gui.RectangleTool jdomain.jdraw.gui.Tool
