// prototypeInterface prototype client
DP jdomain.util.gui.StandardScrollPane jdomain.util.gui.IconViewer jdomain.util.gui.FileBrowserUI
DP jdomain.util.gui.StandardScrollPane jdomain.util.gui.IconViewer jdomain.util.gui.IconViewer$1
DP jdomain.util.gui.StandardScrollPane jdomain.util.gui.IconViewer jdomain.util.gui.IconViewer$IconLabel
DP jdomain.util.gui.StandardScrollPane jdomain.util.gui.IconViewer jdomain.jdraw.gui.DrawBrowser
DP jdomain.util.gui.FontDialog jdomain.jdraw.gui.TextFontDialog jdomain.jdraw.action.SetTextToolAction
DP jdomain.util.gui.BrowserFilter jdomain.util.gui.FileBrowser$1 jdomain.util.gui.FileBrowser
DP jdomain.jdraw.action.BlockingDrawAction jdomain.jdraw.action.SaveAction jdomain.jdraw.Settings
DP jdomain.jdraw.action.BlockingDrawAction jdomain.jdraw.action.SaveAction jdomain.jdraw.gui.undo.UndoManager
DP jdomain.jdraw.action.BlockingDrawAction jdomain.jdraw.action.SaveAction jdomain.jdraw.action.LoseChanges
DP jdomain.jdraw.action.BlockingDrawAction jdomain.jdraw.action.SaveAction jdomain.jdraw.action.SaveAsAction
DP jdomain.jdraw.action.BlockingDrawAction jdomain.jdraw.action.SaveAction jdomain.jdraw.gui.MainFrame
DP jdomain.jdraw.action.BlockingDrawAction jdomain.jdraw.action.EditColourAction jdomain.jdraw.gui.ColourEditor
DP jdomain.jdraw.action.BlockingDrawAction jdomain.jdraw.action.CompressAction jdomain.jdraw.action.ReducePaletteColoursAction
DP jdomain.jdraw.action.BlockingDrawAction jdomain.jdraw.action.CompressAction jdomain.jdraw.action.ReduceColoursAction
DP jdomain.jdraw.action.BlockingDrawAction jdomain.jdraw.action.CompressAction jdomain.jdraw.action.CompressPaletteAction
DP jdomain.jdraw.action.BlockingDrawAction jdomain.jdraw.action.CompressAction jdomain.jdraw.gui.ToolPanel
DP jdomain.jdraw.action.BlockingDrawAction jdomain.jdraw.action.CompressAction jdomain.jdraw.gui.PixelTool
DP jdomain.jdraw.action.BlockingDrawAction jdomain.jdraw.action.GrayScaleAction jdomain.jdraw.gui.undo.UndoManager
DP jdomain.jdraw.action.BlockingDrawAction jdomain.jdraw.action.GrayScaleAction jdomain.jdraw.gui.FolderPanel
DP jdomain.jdraw.action.BlockingDrawAction jdomain.jdraw.action.RotateAction jdomain.jdraw.gui.undo.UndoManager
DP jdomain.jdraw.action.BlockingDrawAction jdomain.jdraw.action.RotateAction jdomain.jdraw.gui.FolderPanel
DP jdomain.jdraw.action.BlockingDrawAction jdomain.jdraw.action.ExitAction jdomain.jdraw.Settings
DP jdomain.jdraw.action.BlockingDrawAction jdomain.jdraw.action.ExitAction jdomain.jdraw.action.LoseChanges
DP jdomain.jdraw.action.BlockingDrawAction jdomain.jdraw.action.ExitAction jdomain.jdraw.gui.MainFrame
DP jdomain.jdraw.action.BlockingDrawAction jdomain.jdraw.action.ReducePaletteColoursAction jdomain.jdraw.gui.ToolPanel
DP jdomain.jdraw.action.BlockingDrawAction jdomain.jdraw.action.ReducePaletteColoursAction jdomain.jdraw.gui.PixelTool
DP jdomain.jdraw.action.BlockingDrawAction jdomain.jdraw.action.SaveCompressedAction jdomain.jdraw.gui.MainFrame
DP jdomain.jdraw.action.BlockingDrawAction jdomain.jdraw.action.SetTextToolAction jdomain.jdraw.gui.TextFontDialog
DP jdomain.jdraw.action.BlockingDrawAction jdomain.jdraw.action.SetTextToolAction jdomain.jdraw.gui.ToolPanel
DP jdomain.jdraw.action.BlockingDrawAction jdomain.jdraw.action.SetTextToolAction jdomain.jdraw.gui.MainFrame
DP jdomain.jdraw.action.BlockingDrawAction jdomain.jdraw.action.SetTextToolAction jdomain.jdraw.gui.TextTool
DP jdomain.jdraw.action.BlockingDrawAction jdomain.jdraw.action.ScaleAction jdomain.jdraw.gui.undo.UndoManager
DP jdomain.jdraw.action.BlockingDrawAction jdomain.jdraw.action.ViewAnimationAction jdomain.jdraw.action.SaveAction
DP jdomain.jdraw.action.BlockingDrawAction jdomain.jdraw.action.ViewAnimationAction jdomain.jdraw.gui.MainFrame
DP jdomain.jdraw.action.BlockingDrawAction jdomain.jdraw.action.LoadAction jdomain.jdraw.action.SaveAction
DP jdomain.jdraw.action.BlockingDrawAction jdomain.jdraw.action.LoadAction jdomain.jdraw.Settings
DP jdomain.jdraw.action.BlockingDrawAction jdomain.jdraw.action.LoadAction jdomain.jdraw.gui.undo.UndoManager
DP jdomain.jdraw.action.BlockingDrawAction jdomain.jdraw.action.LoadAction jdomain.jdraw.action.ReopenAction
DP jdomain.jdraw.action.BlockingDrawAction jdomain.jdraw.action.LoadAction jdomain.jdraw.gui.ToolPanel
DP jdomain.jdraw.action.BlockingDrawAction jdomain.jdraw.action.LoadAction jdomain.jdraw.Main
DP jdomain.jdraw.action.BlockingDrawAction jdomain.jdraw.action.LoadAction jdomain.jdraw.action.SearchDialogAction
DP jdomain.jdraw.action.BlockingDrawAction jdomain.jdraw.action.LoadAction jdomain.jdraw.gui.MainFrame
DP jdomain.jdraw.action.BlockingDrawAction jdomain.jdraw.action.LoadAction jdomain.jdraw.gui.DrawBrowser
DP jdomain.jdraw.action.BlockingDrawAction jdomain.jdraw.action.LoadAction jdomain.jdraw.gui.PixelTool
DP jdomain.jdraw.action.BlockingDrawAction jdomain.jdraw.action.SettingsAction jdomain.jdraw.Settings
DP jdomain.jdraw.action.BlockingDrawAction jdomain.jdraw.action.InsertAction jdomain.jdraw.gui.undo.UndoManager
DP jdomain.jdraw.action.BlockingDrawAction jdomain.jdraw.action.InsertAction jdomain.jdraw.gui.ToolPanel
DP jdomain.jdraw.action.BlockingDrawAction jdomain.jdraw.action.InsertAction jdomain.jdraw.gui.MainFrame
DP jdomain.jdraw.action.BlockingDrawAction jdomain.jdraw.action.InsertAction jdomain.jdraw.gui.DrawBrowser
DP jdomain.jdraw.action.BlockingDrawAction jdomain.jdraw.action.InsertAction jdomain.jdraw.gui.PixelTool
DP jdomain.jdraw.action.BlockingDrawAction jdomain.jdraw.action.ResizeAction jdomain.jdraw.gui.undo.UndoManager
DP jdomain.jdraw.action.BlockingDrawAction jdomain.jdraw.action.ResizeAction jdomain.jdraw.gui.MainFrame
DP jdomain.jdraw.action.BlockingDrawAction jdomain.jdraw.action.RemoveColourAction jdomain.jdraw.gui.ToolPanel
DP jdomain.jdraw.action.BlockingDrawAction jdomain.jdraw.action.RemoveColourAction jdomain.jdraw.gui.PixelTool
DP jdomain.jdraw.action.BlockingDrawAction jdomain.jdraw.action.ReduceColoursAction jdomain.jdraw.gui.ToolPanel
DP jdomain.jdraw.action.BlockingDrawAction jdomain.jdraw.action.ReduceColoursAction jdomain.jdraw.gui.PixelTool
DP jdomain.jdraw.action.BlockingDrawAction jdomain.jdraw.action.CompressPaletteAction jdomain.jdraw.gui.ToolPanel
DP jdomain.jdraw.action.BlockingDrawAction jdomain.jdraw.action.CompressPaletteAction jdomain.jdraw.gui.PixelTool
DP jdomain.jdraw.gui.DrawPanel jdomain.jdraw.gui.PreviewPanel jdomain.jdraw.gui.Dispatcher
DP jdomain.jdraw.gui.DrawPanel jdomain.jdraw.gui.PreviewPanel jdomain.jdraw.gui.FramePanel
DP jdomain.jdraw.gui.DrawPanel jdomain.jdraw.gui.PreviewPanel jdomain.jdraw.gui.FolderPanel
DP jdomain.jdraw.data.Clip jdomain.jdraw.data.Frame jdomain.jdraw.gui.PreviewPanel
DP jdomain.jdraw.data.Clip jdomain.jdraw.data.Frame jdomain.jdraw.action.SortPaletteAction
DP jdomain.jdraw.data.Clip jdomain.jdraw.data.Frame jdomain.jdraw.action.EditColourAction
DP jdomain.jdraw.data.Clip jdomain.jdraw.data.Frame jdomain.jdraw.action.InsertAction
DP jdomain.jdraw.data.Clip jdomain.jdraw.data.Frame jdomain.jdraw.gui.Dispatcher
DP jdomain.jdraw.data.Clip jdomain.jdraw.data.Frame jdomain.jdraw.data.Pixel
DP jdomain.jdraw.data.Clip jdomain.jdraw.data.Frame jdomain.util.Log
DP jdomain.jdraw.data.Clip jdomain.jdraw.data.Frame jdomain.jdraw.gio.ImageReader
DP jdomain.jdraw.data.Clip jdomain.jdraw.data.Frame jdomain.jdraw.gio.IconReader
DP jdomain.jdraw.data.Clip jdomain.jdraw.data.Frame jdomain.jdraw.gui.FrameSettingsDialog$FrameEntry
DP jdomain.jdraw.data.Clip jdomain.jdraw.data.Frame jdomain.jdraw.gio.PNGWriter
DP jdomain.jdraw.data.Clip jdomain.jdraw.data.Frame jdomain.jdraw.gio.GIFWriter
DP jdomain.jdraw.data.Clip jdomain.jdraw.data.Frame jdomain.jdraw.gio.IconWriter$IconEntry
DP jdomain.jdraw.data.Clip jdomain.jdraw.data.Frame jdomain.jdraw.gio.GIFReader
DP jdomain.jdraw.data.Clip jdomain.jdraw.data.Frame jdomain.jdraw.gio.IconReader$IconEntry
DP jdomain.jdraw.data.Clip jdomain.jdraw.data.Frame jdomain.jdraw.gui.Tool
DP jdomain.jdraw.data.Clip jdomain.jdraw.data.Frame jdomain.jdraw.action.ToggleLocalPaletteAction
DP jdomain.jdraw.data.Clip jdomain.jdraw.data.Frame jdomain.jdraw.gui.MainFrame
DP jdomain.jdraw.data.Clip jdomain.jdraw.data.Frame jdomain.jdraw.gui.FramePanel
DP jdomain.jdraw.data.Clip jdomain.jdraw.data.Frame jdomain.jdraw.data.Palette
DP jdomain.jdraw.data.Clip jdomain.jdraw.data.Frame jdomain.jdraw.data.Picture
DP jdomain.jdraw.data.Clip jdomain.jdraw.data.Frame jdomain.jdraw.gui.FolderPanel
DP jdomain.jdraw.data.Clip jdomain.jdraw.data.Frame jdomain.jdraw.gui.PixelTool
DP jdomain.jdraw.data.Clip jdomain.jdraw.data.Frame jdomain.jdraw.gui.ColourPickerTool
DP jdomain.jdraw.data.Clip jdomain.jdraw.data.Frame jdomain.jdraw.gui.RectangularSelectionTool
DP jdomain.jdraw.data.Clip jdomain.jdraw.data.Frame jdomain.jdraw.gui.ClipPanel
DP jdomain.jdraw.data.Clip jdomain.jdraw.data.Frame jdomain.jdraw.gui.ClipTool
DP jdomain.util.gui.AntialiasPanel jdomain.jdraw.gui.StatusPanel jdomain.jdraw.gui.Tool
DP jdomain.util.gui.AntialiasPanel jdomain.jdraw.gui.StatusPanel jdomain.jdraw.gui.MainFrame
DP jdomain.util.gui.AntialiasPanel jdomain.jdraw.gui.StatusPanel jdomain.jdraw.gui.PalettePanel
DP jdomain.util.gui.AntialiasPanel jdomain.jdraw.gui.GradientPanel jdomain.jdraw.gui.GradientPanel$GradientTile
DP jdomain.util.gui.AntialiasPanel jdomain.jdraw.gui.GradientPanel jdomain.jdraw.gui.GradientPanel$MListener
DP jdomain.util.gui.AntialiasPanel jdomain.jdraw.gui.GradientPanel jdomain.jdraw.gui.MainFrame
DP jdomain.util.gui.AntialiasPanel jdomain.jdraw.gui.GradientPanel jdomain.jdraw.gui.undo.DrawRectangle
DP jdomain.util.gui.AntialiasPanel jdomain.jdraw.gui.GradientPanel jdomain.jdraw.gui.undo.DrawOval
DP jdomain.util.gui.AntialiasPanel jdomain.jdraw.gui.GradientPanel jdomain.jdraw.gui.ColourPanel
DP jdomain.util.gui.AntialiasPanel jdomain.jdraw.gui.GradientPanel jdomain.jdraw.gui.TextTool
DP jdomain.util.gui.StandardDialog jdomain.jdraw.gui.TextFontDialog jdomain.jdraw.action.SetTextToolAction
DP jdomain.util.gui.StandardDialog jdomain.util.gui.FontDialog jdomain.jdraw.gui.TextFontDialog
DP jdomain.util.gui.StandardDialog jdomain.util.gui.FontDialog jdomain.jdraw.gui.DrawMenu
DP jdomain.util.gui.StandardDialog jdomain.util.gui.FontDialog jdomain.util.Log
DP jdomain.util.gui.StandardDialog jdomain.util.gui.FontDialog jdomain.util.gui.FontDialog$FontEntry
DP jdomain.util.gui.StandardDialog jdomain.util.gui.FontDialog jdomain.util.gui.GUIUtil
DP jdomain.util.gui.StandardDialog jdomain.util.gui.FontDialog jdomain.util.gui.FontDialog$StyleEntry
DP jdomain.util.gui.StandardDialog jdomain.util.gui.FontDialog jdomain.util.gui.FontDialog$SizeEntry
DP jdomain.util.gui.StandardDialog jdomain.util.gui.FontDialog jdomain.util.gui.FontDialog$1
DP jdomain.util.gui.StandardDialog jdomain.jdraw.gui.SearchFrame jdomain.jdraw.gui.SearchFrame$IconListener
DP jdomain.util.gui.StandardDialog jdomain.jdraw.gui.SearchFrame jdomain.jdraw.action.SearchDialogAction
DP jdomain.util.gui.StandardDialog jdomain.jdraw.gui.SearchFrame jdomain.jdraw.gui.MainFrame
DP jdomain.util.gui.StandardDialog jdomain.jdraw.gui.SearchFrame jdomain.jdraw.gui.DrawBrowser
DP jdomain.util.gui.StandardDialog jdomain.jdraw.gui.ToleranceDialog jdomain.util.gui.WidgetFactory
DP jdomain.util.gui.StandardDialog jdomain.jdraw.gui.ToleranceDialog jdomain.jdraw.action.SetToleranceAction
DP jdomain.util.gui.StandardDialog jdomain.jdraw.gui.ToleranceDialog jdomain.jdraw.gui.FillTool
DP jdomain.util.gui.StandardDialog jdomain.jdraw.gui.FrameSettingsDialog jdomain.jdraw.action.EditFrameSettingsAction
DP jdomain.util.gui.StandardDialog jdomain.jdraw.gui.FrameSettingsDialog jdomain.jdraw.gui.FrameSettingsDialog$FrameEntryRenderer
DP jdomain.util.gui.StandardDialog jdomain.jdraw.gui.FrameSettingsDialog jdomain.jdraw.gui.FrameSettingsDialog$FrameEntry
DP jdomain.util.gui.StandardDialog jdomain.jdraw.gui.DrawDialog jdomain.jdraw.action.BlockingDrawAction
DP jdomain.util.gui.StandardDialog jdomain.jdraw.gui.DrawDialog jdomain.jdraw.action.ViewAnimationAction
DP jdomain.util.gui.StandardDialog jdomain.jdraw.gui.DrawDialog jdomain.jdraw.gui.ToleranceDialog
DP jdomain.util.gui.StandardDialog jdomain.jdraw.gui.DrawDialog jdomain.jdraw.Main
DP jdomain.util.gui.StandardDialog jdomain.jdraw.gui.DrawDialog jdomain.jdraw.gui.FrameSettingsDialog
DP jdomain.util.gui.StandardDialog jdomain.jdraw.gui.DrawDialog jdomain.jdraw.gui.MainFrame
DP jdomain.util.gui.StandardDialog jdomain.jdraw.gui.DrawDialog jdomain.jdraw.gui.ScaleDialog
DP jdomain.util.gui.StandardDialog jdomain.jdraw.gui.DrawDialog jdomain.jdraw.gui.AboutDialog
DP jdomain.util.gui.StandardDialog jdomain.jdraw.gui.DrawDialog jdomain.jdraw.gui.RotateDialog
DP jdomain.util.gui.StandardDialog jdomain.jdraw.gui.DrawDialog jdomain.jdraw.gui.SizeDialog
DP jdomain.util.gui.StandardDialog jdomain.jdraw.gui.DrawDialog jdomain.jdraw.gui.ColourEditor
DP jdomain.util.gui.StandardDialog jdomain.jdraw.gui.DrawDialog jdomain.jdraw.gui.GrayScaleDialog
DP jdomain.util.gui.StandardDialog jdomain.jdraw.gui.DrawDialog jdomain.jdraw.gui.QuestionDialog
DP jdomain.util.gui.StandardDialog jdomain.jdraw.gui.DrawDialog jdomain.jdraw.gui.SettingsDialog
DP jdomain.util.gui.StandardDialog jdomain.jdraw.gui.ScaleDialog jdomain.jdraw.action.ScaleAction
DP jdomain.util.gui.StandardDialog jdomain.jdraw.gui.ScaleDialog jdomain.util.gui.WidgetFactory
DP jdomain.util.gui.StandardDialog jdomain.jdraw.gui.AboutDialog jdomain.jdraw.action.AboutAction
DP jdomain.util.gui.StandardDialog jdomain.jdraw.gui.AboutDialog jdomain.jdraw.gui.MainFrame
DP jdomain.util.gui.StandardDialog jdomain.jdraw.gui.RotateDialog jdomain.jdraw.action.RotateAction
DP jdomain.util.gui.StandardDialog jdomain.jdraw.gui.RotateDialog jdomain.util.gui.WidgetFactory
DP jdomain.util.gui.StandardDialog jdomain.jdraw.gui.SizeDialog jdomain.jdraw.action.ResizeAction
DP jdomain.util.gui.StandardDialog jdomain.jdraw.gui.ColourEditor jdomain.jdraw.action.EditColourAction
DP jdomain.util.gui.StandardDialog jdomain.jdraw.gui.ColourEditor jdomain.jdraw.gui.GradientPanel$MListener
DP jdomain.util.gui.StandardDialog jdomain.jdraw.gui.ColourEditor jdomain.jdraw.gui.ColourEditor$HexChooserPanel
DP jdomain.util.gui.StandardDialog jdomain.jdraw.gui.ColourEditor jdomain.jdraw.gui.ColourEditor$AlphaChooserPanel
DP jdomain.util.gui.StandardDialog jdomain.jdraw.gui.ColourEditor jdomain.jdraw.gui.ColourEditor$PreviewPanel
DP jdomain.util.gui.StandardDialog jdomain.jdraw.gui.GrayScaleDialog jdomain.jdraw.action.GrayScaleAction
DP jdomain.util.gui.StandardDialog jdomain.jdraw.gui.SettingsDialog jdomain.jdraw.action.SettingsAction
DP jdomain.util.gui.StandardDialog jdomain.jdraw.gui.SettingsDialog jdomain.util.gui.WidgetFactory
DP jdomain.util.gui.StandardDialog jdomain.jdraw.gui.SettingsDialog jdomain.jdraw.Settings
DP jdomain.util.gui.StandardDialog jdomain.jdraw.gui.SettingsDialog jdomain.jdraw.gui.MainFrame
DP jdomain.util.gui.StandardDialog jdomain.jdraw.gui.SettingsDialog jdomain.jdraw.gui.FillTool
DP jdomain.util.gui.StandardMainFrame jdomain.jdraw.gui.MainFrame jdomain.jdraw.action.BlockingDrawAction
DP jdomain.util.gui.StandardMainFrame jdomain.jdraw.gui.MainFrame jdomain.jdraw.action.SaveAction
DP jdomain.util.gui.StandardMainFrame jdomain.jdraw.gui.MainFrame jdomain.jdraw.action.ExitAction
DP jdomain.util.gui.StandardMainFrame jdomain.jdraw.gui.MainFrame jdomain.jdraw.action.SaveCompressedAction
DP jdomain.util.gui.StandardMainFrame jdomain.jdraw.gui.MainFrame jdomain.jdraw.action.LoadAction
DP jdomain.util.gui.StandardMainFrame jdomain.jdraw.gui.MainFrame jdomain.jdraw.action.InsertAction
DP jdomain.util.gui.StandardMainFrame jdomain.jdraw.gui.MainFrame jdomain.jdraw.action.ResizeAction
DP jdomain.util.gui.StandardMainFrame jdomain.jdraw.gui.MainFrame jdomain.jdraw.action.AnimTutorialAction
DP jdomain.util.gui.StandardMainFrame jdomain.jdraw.gui.MainFrame jdomain.jdraw.action.HelpAction
DP jdomain.util.gui.StandardMainFrame jdomain.jdraw.gui.MainFrame jdomain.jdraw.gui.StatusPanel
DP jdomain.util.gui.StandardMainFrame jdomain.jdraw.gui.MainFrame jdomain.jdraw.gui.Dispatcher
DP jdomain.util.gui.StandardMainFrame jdomain.jdraw.gui.MainFrame jdomain.jdraw.Settings
DP jdomain.util.gui.StandardMainFrame jdomain.jdraw.gui.MainFrame jdomain.jdraw.gui.undo.UndoManager
DP jdomain.util.gui.StandardMainFrame jdomain.jdraw.gui.MainFrame jdomain.util.Log
DP jdomain.util.gui.StandardMainFrame jdomain.jdraw.gui.MainFrame jdomain.jdraw.gui.ToolPanel
DP jdomain.util.gui.StandardMainFrame jdomain.jdraw.gui.MainFrame jdomain.util.gui.GUIUtil
DP jdomain.util.gui.StandardMainFrame jdomain.jdraw.gui.MainFrame jdomain.jdraw.Main
DP jdomain.util.gui.StandardMainFrame jdomain.jdraw.gui.MainFrame jdomain.jdraw.gui.Tool
DP jdomain.util.gui.StandardMainFrame jdomain.jdraw.gui.MainFrame jdomain.jdraw.action.NewAction
DP jdomain.util.gui.StandardMainFrame jdomain.jdraw.gui.MainFrame jdomain.jdraw.action.SaveAsAction
DP jdomain.util.gui.StandardMainFrame jdomain.jdraw.gui.MainFrame jdomain.jdraw.action.ToggleViewsAction
DP jdomain.util.gui.StandardMainFrame jdomain.jdraw.gui.MainFrame jdomain.jdraw.gui.PalettePanel
DP jdomain.util.gui.StandardMainFrame jdomain.jdraw.gui.MainFrame jdomain.jdraw.gui.FolderPanel
DP jdomain.util.gui.StandardMainFrame jdomain.jdraw.gui.MainFrame jdomain.jdraw.gui.InfoClip
DP jdomain.util.gui.StandardMainFrame jdomain.jdraw.gui.MainFrame jdomain.jdraw.gui.ClipPanel
DP jdomain.util.gui.StandardMainFrame jdomain.jdraw.gui.MainFrame jdomain.jdraw.gui.ClipTool
DP jdomain.util.gui.StandardMainFrame jdomain.jdraw.gui.MainFrame jdomain.jdraw.gui.TextTool
DP jdomain.util.gui.StandardWindow jdomain.jdraw.gui.DrawWindow jdomain.jdraw.action.AnimTutorialAction
DP jdomain.util.gui.StandardWindow jdomain.jdraw.gui.DrawWindow jdomain.jdraw.action.HelpAction
DP jdomain.util.gui.StandardWindow jdomain.jdraw.gui.DrawWindow jdomain.jdraw.gui.MainFrame
DP jdomain.jdraw.data.DataChangeListener jdomain.jdraw.gui.TextFontDialog jdomain.jdraw.action.SetTextToolAction
DP jdomain.jdraw.data.DataChangeListener jdomain.jdraw.data.Frame jdomain.jdraw.gui.PreviewPanel
DP jdomain.jdraw.data.DataChangeListener jdomain.jdraw.data.Frame jdomain.jdraw.action.SortPaletteAction
DP jdomain.jdraw.data.DataChangeListener jdomain.jdraw.data.Frame jdomain.jdraw.action.EditColourAction
DP jdomain.jdraw.data.DataChangeListener jdomain.jdraw.data.Frame jdomain.jdraw.action.InsertAction
DP jdomain.jdraw.data.DataChangeListener jdomain.jdraw.data.Frame jdomain.jdraw.gui.Dispatcher
DP jdomain.jdraw.data.DataChangeListener jdomain.jdraw.data.Frame jdomain.jdraw.data.Pixel
DP jdomain.jdraw.data.DataChangeListener jdomain.jdraw.data.Frame jdomain.util.Log
DP jdomain.jdraw.data.DataChangeListener jdomain.jdraw.data.Frame jdomain.jdraw.gio.ImageReader
DP jdomain.jdraw.data.DataChangeListener jdomain.jdraw.data.Frame jdomain.jdraw.gio.IconReader
DP jdomain.jdraw.data.DataChangeListener jdomain.jdraw.data.Frame jdomain.jdraw.gui.FrameSettingsDialog$FrameEntry
DP jdomain.jdraw.data.DataChangeListener jdomain.jdraw.data.Frame jdomain.jdraw.gio.PNGWriter
DP jdomain.jdraw.data.DataChangeListener jdomain.jdraw.data.Frame jdomain.jdraw.gio.GIFWriter
DP jdomain.jdraw.data.DataChangeListener jdomain.jdraw.data.Frame jdomain.jdraw.gio.IconWriter$IconEntry
DP jdomain.jdraw.data.DataChangeListener jdomain.jdraw.data.Frame jdomain.jdraw.gio.GIFReader
DP jdomain.jdraw.data.DataChangeListener jdomain.jdraw.data.Frame jdomain.jdraw.gio.IconReader$IconEntry
DP jdomain.jdraw.data.DataChangeListener jdomain.jdraw.data.Frame jdomain.jdraw.gui.Tool
DP jdomain.jdraw.data.DataChangeListener jdomain.jdraw.data.Frame jdomain.jdraw.action.ToggleLocalPaletteAction
DP jdomain.jdraw.data.DataChangeListener jdomain.jdraw.data.Frame jdomain.jdraw.gui.MainFrame
DP jdomain.jdraw.data.DataChangeListener jdomain.jdraw.data.Frame jdomain.jdraw.gui.FramePanel
DP jdomain.jdraw.data.DataChangeListener jdomain.jdraw.data.Frame jdomain.jdraw.data.Palette
DP jdomain.jdraw.data.DataChangeListener jdomain.jdraw.data.Frame jdomain.jdraw.data.Picture
DP jdomain.jdraw.data.DataChangeListener jdomain.jdraw.data.Frame jdomain.jdraw.gui.FolderPanel
DP jdomain.jdraw.data.DataChangeListener jdomain.jdraw.data.Frame jdomain.jdraw.gui.PixelTool
DP jdomain.jdraw.data.DataChangeListener jdomain.jdraw.data.Frame jdomain.jdraw.gui.ColourPickerTool
DP jdomain.jdraw.data.DataChangeListener jdomain.jdraw.data.Frame jdomain.jdraw.gui.RectangularSelectionTool
DP jdomain.jdraw.data.DataChangeListener jdomain.jdraw.data.Frame jdomain.jdraw.gui.ClipPanel
DP jdomain.jdraw.data.DataChangeListener jdomain.jdraw.data.Frame jdomain.jdraw.gui.ClipTool
DP jdomain.jdraw.data.DataChangeListener jdomain.jdraw.gui.MainFrame jdomain.jdraw.action.BlockingDrawAction
DP jdomain.jdraw.data.DataChangeListener jdomain.jdraw.gui.MainFrame jdomain.jdraw.action.SaveAction
DP jdomain.jdraw.data.DataChangeListener jdomain.jdraw.gui.MainFrame jdomain.jdraw.action.ExitAction
DP jdomain.jdraw.data.DataChangeListener jdomain.jdraw.gui.MainFrame jdomain.jdraw.action.SaveCompressedAction
DP jdomain.jdraw.data.DataChangeListener jdomain.jdraw.gui.MainFrame jdomain.jdraw.action.LoadAction
DP jdomain.jdraw.data.DataChangeListener jdomain.jdraw.gui.MainFrame jdomain.jdraw.action.InsertAction
DP jdomain.jdraw.data.DataChangeListener jdomain.jdraw.gui.MainFrame jdomain.jdraw.action.ResizeAction
DP jdomain.jdraw.data.DataChangeListener jdomain.jdraw.gui.MainFrame jdomain.jdraw.action.AnimTutorialAction
DP jdomain.jdraw.data.DataChangeListener jdomain.jdraw.gui.MainFrame jdomain.jdraw.action.HelpAction
DP jdomain.jdraw.data.DataChangeListener jdomain.jdraw.gui.MainFrame jdomain.jdraw.gui.StatusPanel
DP jdomain.jdraw.data.DataChangeListener jdomain.jdraw.gui.MainFrame jdomain.jdraw.gui.Dispatcher
DP jdomain.jdraw.data.DataChangeListener jdomain.jdraw.gui.MainFrame jdomain.jdraw.Settings
DP jdomain.jdraw.data.DataChangeListener jdomain.jdraw.gui.MainFrame jdomain.jdraw.gui.undo.UndoManager
DP jdomain.jdraw.data.DataChangeListener jdomain.jdraw.gui.MainFrame jdomain.util.Log
DP jdomain.jdraw.data.DataChangeListener jdomain.jdraw.gui.MainFrame jdomain.jdraw.gui.ToolPanel
DP jdomain.jdraw.data.DataChangeListener jdomain.jdraw.gui.MainFrame jdomain.util.gui.GUIUtil
DP jdomain.jdraw.data.DataChangeListener jdomain.jdraw.gui.MainFrame jdomain.jdraw.Main
DP jdomain.jdraw.data.DataChangeListener jdomain.jdraw.gui.MainFrame jdomain.jdraw.gui.Tool
DP jdomain.jdraw.data.DataChangeListener jdomain.jdraw.gui.MainFrame jdomain.jdraw.action.NewAction
DP jdomain.jdraw.data.DataChangeListener jdomain.jdraw.gui.MainFrame jdomain.jdraw.action.SaveAsAction
DP jdomain.jdraw.data.DataChangeListener jdomain.jdraw.gui.MainFrame jdomain.jdraw.action.ToggleViewsAction
DP jdomain.jdraw.data.DataChangeListener jdomain.jdraw.gui.MainFrame jdomain.jdraw.gui.PalettePanel
DP jdomain.jdraw.data.DataChangeListener jdomain.jdraw.gui.MainFrame jdomain.jdraw.gui.FolderPanel
DP jdomain.jdraw.data.DataChangeListener jdomain.jdraw.gui.MainFrame jdomain.jdraw.gui.InfoClip
DP jdomain.jdraw.data.DataChangeListener jdomain.jdraw.gui.MainFrame jdomain.jdraw.gui.ClipPanel
DP jdomain.jdraw.data.DataChangeListener jdomain.jdraw.gui.MainFrame jdomain.jdraw.gui.ClipTool
DP jdomain.jdraw.data.DataChangeListener jdomain.jdraw.gui.MainFrame jdomain.jdraw.gui.TextTool
DP jdomain.jdraw.data.DataChangeListener jdomain.jdraw.data.Palette jdomain.jdraw.gui.TextFontDialog
DP jdomain.jdraw.data.DataChangeListener jdomain.jdraw.data.Palette jdomain.jdraw.gui.DrawMenu
DP jdomain.jdraw.data.DataChangeListener jdomain.jdraw.data.Palette jdomain.jdraw.gui.DrawPanel
DP jdomain.jdraw.data.DataChangeListener jdomain.jdraw.data.Palette jdomain.jdraw.action.SortPaletteAction
DP jdomain.jdraw.data.DataChangeListener jdomain.jdraw.data.Palette jdomain.jdraw.action.EditColourAction
DP jdomain.jdraw.data.DataChangeListener jdomain.jdraw.data.Palette jdomain.jdraw.action.ReducePaletteColoursAction
DP jdomain.jdraw.data.DataChangeListener jdomain.jdraw.data.Palette jdomain.jdraw.action.SetTextToolAction
DP jdomain.jdraw.data.DataChangeListener jdomain.jdraw.data.Palette jdomain.jdraw.action.ResetPaletteAlphaValuesAction
DP jdomain.jdraw.data.DataChangeListener jdomain.jdraw.data.Palette jdomain.jdraw.action.InsertAction
DP jdomain.jdraw.data.DataChangeListener jdomain.jdraw.data.Palette jdomain.jdraw.action.RemoveColourAction
DP jdomain.jdraw.data.DataChangeListener jdomain.jdraw.data.Palette jdomain.jdraw.action.CompressPaletteAction
DP jdomain.jdraw.data.DataChangeListener jdomain.jdraw.data.Palette jdomain.jdraw.data.Frame
DP jdomain.jdraw.data.DataChangeListener jdomain.jdraw.data.Palette jdomain.jdraw.gui.Dispatcher
DP jdomain.jdraw.data.DataChangeListener jdomain.jdraw.data.Palette jdomain.util.Log
DP jdomain.jdraw.data.DataChangeListener jdomain.jdraw.data.Palette jdomain.jdraw.gio.ImageReader
DP jdomain.jdraw.data.DataChangeListener jdomain.jdraw.data.Palette jdomain.jdraw.gio.IconReader
DP jdomain.jdraw.data.DataChangeListener jdomain.jdraw.data.Palette jdomain.jdraw.data.Palette$UsageComparator
DP jdomain.jdraw.data.DataChangeListener jdomain.jdraw.data.Palette jdomain.jdraw.gio.PNGWriter
DP jdomain.jdraw.data.DataChangeListener jdomain.jdraw.data.Palette jdomain.jdraw.gui.undo.Undoable
DP jdomain.jdraw.data.DataChangeListener jdomain.jdraw.data.Palette jdomain.jdraw.gio.GIFWriter
DP jdomain.jdraw.data.DataChangeListener jdomain.jdraw.data.Palette jdomain.jdraw.gio.IconWriter$IconEntry
DP jdomain.jdraw.data.DataChangeListener jdomain.jdraw.data.Palette jdomain.jdraw.gio.GIFReader
DP jdomain.jdraw.data.DataChangeListener jdomain.jdraw.data.Palette jdomain.jdraw.data.ColourSettings
DP jdomain.jdraw.data.DataChangeListener jdomain.jdraw.data.Palette jdomain.jdraw.gio.IconReader$IconEntry
DP jdomain.jdraw.data.DataChangeListener jdomain.jdraw.data.Palette jdomain.jdraw.action.SwapColoursAction
DP jdomain.jdraw.data.DataChangeListener jdomain.jdraw.data.Palette jdomain.jdraw.action.AddColourAction
DP jdomain.jdraw.data.DataChangeListener jdomain.jdraw.data.Palette jdomain.jdraw.action.ToggleLocalPaletteAction
DP jdomain.jdraw.data.DataChangeListener jdomain.jdraw.data.Palette jdomain.jdraw.gui.MainFrame
DP jdomain.jdraw.data.DataChangeListener jdomain.jdraw.data.Palette jdomain.jdraw.gui.undo.DrawRectangle
DP jdomain.jdraw.data.DataChangeListener jdomain.jdraw.data.Palette jdomain.jdraw.gui.undo.DrawFill
DP jdomain.jdraw.data.DataChangeListener jdomain.jdraw.data.Palette jdomain.jdraw.gui.undo.DrawLine
DP jdomain.jdraw.data.DataChangeListener jdomain.jdraw.data.Palette jdomain.jdraw.gui.undo.DrawOval
DP jdomain.jdraw.data.DataChangeListener jdomain.jdraw.data.Palette jdomain.jdraw.gui.ColourPanel
DP jdomain.jdraw.data.DataChangeListener jdomain.jdraw.data.Palette jdomain.jdraw.gui.FramePanel
DP jdomain.jdraw.data.DataChangeListener jdomain.jdraw.data.Palette jdomain.jdraw.data.Picture
DP jdomain.jdraw.data.DataChangeListener jdomain.jdraw.data.Palette jdomain.jdraw.data.Palette$ColourList
DP jdomain.jdraw.data.DataChangeListener jdomain.jdraw.data.Palette jdomain.jdraw.gui.PalettePanel
DP jdomain.jdraw.data.DataChangeListener jdomain.jdraw.data.Palette jdomain.jdraw.gui.FolderPanel
DP jdomain.jdraw.data.DataChangeListener jdomain.jdraw.data.Palette jdomain.jdraw.gui.TextTool
DP jdomain.util.LogListener jdomain.util.gui.LogPanel jdomain.util.gui.LogPanel$LogMessage
DP jdomain.util.LogListener jdomain.util.gui.LogPanel jdomain.util.gui.LogPanel$CellRenderer
DP jdomain.util.LogListener jdomain.jdraw.gui.StatusPanel jdomain.jdraw.gui.Tool
DP jdomain.util.LogListener jdomain.jdraw.gui.StatusPanel jdomain.jdraw.gui.MainFrame
DP jdomain.util.LogListener jdomain.jdraw.gui.StatusPanel jdomain.jdraw.gui.PalettePanel
DP jdomain.util.LogListener jdomain.util.SimpleLogListener jdomain.jdraw.gio.IconWriter
DP jdomain.util.LogListener jdomain.util.SimpleLogListener jdomain.jdraw.gio.ImageReader
DP jdomain.util.LogListener jdomain.util.SimpleLogListener jdomain.jdraw.gio.IconReader
DP jdomain.util.LogListener jdomain.util.SimpleLogListener jdomain.jdraw.Main
DP jdomain.util.LogListener jdomain.util.SimpleLogListener jdomain.jdraw.gio.PNGWriter
DP jdomain.util.LogListener jdomain.util.SimpleLogListener jdomain.jdraw.gio.GIFWriter
DP jdomain.util.LogListener jdomain.util.SimpleLogListener jdomain.jdraw.gio.GIFReader
DP jdomain.util.gui.ImageHandler jdomain.jdraw.gui.JDHandler jdomain.jdraw.gui.SearchFrame
DP jdomain.util.gui.ImageHandler jdomain.jdraw.gui.JDHandler jdomain.jdraw.gui.DrawBrowser
DP jdomain.util.gui.ImageHandler jdomain.jdraw.gui.ICOHandler jdomain.jdraw.gui.SearchFrame
DP jdomain.util.gui.ImageHandler jdomain.jdraw.gui.ICOHandler jdomain.jdraw.gui.DrawBrowser
DP jdomain.jdraw.action.ContinuedAction jdomain.jdraw.action.ExitAction jdomain.jdraw.Settings
DP jdomain.jdraw.action.ContinuedAction jdomain.jdraw.action.ExitAction jdomain.jdraw.action.LoseChanges
DP jdomain.jdraw.action.ContinuedAction jdomain.jdraw.action.ExitAction jdomain.jdraw.gui.MainFrame
DP jdomain.jdraw.action.ContinuedAction jdomain.jdraw.action.LoadAction jdomain.jdraw.action.SaveAction
DP jdomain.jdraw.action.ContinuedAction jdomain.jdraw.action.LoadAction jdomain.jdraw.Settings
DP jdomain.jdraw.action.ContinuedAction jdomain.jdraw.action.LoadAction jdomain.jdraw.gui.undo.UndoManager
DP jdomain.jdraw.action.ContinuedAction jdomain.jdraw.action.LoadAction jdomain.jdraw.action.ReopenAction
DP jdomain.jdraw.action.ContinuedAction jdomain.jdraw.action.LoadAction jdomain.jdraw.gui.ToolPanel
DP jdomain.jdraw.action.ContinuedAction jdomain.jdraw.action.LoadAction jdomain.jdraw.Main
DP jdomain.jdraw.action.ContinuedAction jdomain.jdraw.action.LoadAction jdomain.jdraw.action.SearchDialogAction
DP jdomain.jdraw.action.ContinuedAction jdomain.jdraw.action.LoadAction jdomain.jdraw.gui.MainFrame
DP jdomain.jdraw.action.ContinuedAction jdomain.jdraw.action.LoadAction jdomain.jdraw.gui.DrawBrowser
DP jdomain.jdraw.action.ContinuedAction jdomain.jdraw.action.LoadAction jdomain.jdraw.gui.PixelTool
DP jdomain.jdraw.action.ContinuedAction jdomain.jdraw.action.ReopenAction jdomain.jdraw.gui.DrawMenu
DP jdomain.jdraw.action.ContinuedAction jdomain.jdraw.action.ReopenAction jdomain.jdraw.action.AnimTutorialAction$Hyperactive
DP jdomain.jdraw.action.ContinuedAction jdomain.jdraw.action.ReopenAction jdomain.jdraw.action.LoseChanges
DP jdomain.jdraw.action.ContinuedAction jdomain.jdraw.action.NewAction jdomain.jdraw.gui.undo.UndoManager
DP jdomain.jdraw.action.ContinuedAction jdomain.jdraw.action.NewAction jdomain.jdraw.gui.ToolPanel
DP jdomain.jdraw.action.ContinuedAction jdomain.jdraw.action.NewAction jdomain.jdraw.action.LoseChanges
DP jdomain.jdraw.action.ContinuedAction jdomain.jdraw.action.NewAction jdomain.jdraw.gui.MainFrame
DP jdomain.jdraw.action.ContinuedAction jdomain.jdraw.action.NewAction jdomain.jdraw.gui.PixelTool
DP jdomain.jdraw.action.ContinuedAction jdomain.jdraw.action.SearchDialogAction jdomain.jdraw.action.LoseChanges
DP jdomain.jdraw.data.ChangingData jdomain.jdraw.data.DataObject jdomain.jdraw.data.Clip
DP jdomain.jdraw.data.ChangingData jdomain.jdraw.data.DataObject jdomain.util.Log
DP jdomain.jdraw.data.ChangingData jdomain.jdraw.data.DataObject jdomain.jdraw.data.event.ChangeEvent
DP jdomain.jdraw.data.ChangingData jdomain.jdraw.data.DataObject jdomain.jdraw.data.DataObject$Update
DP jdomain.jdraw.data.ChangingData jdomain.jdraw.data.DataObject jdomain.jdraw.data.ColourEntry
DP jdomain.jdraw.data.ChangingData jdomain.jdraw.data.DataObject jdomain.jdraw.data.Palette
DP jdomain.jdraw.data.ChangingData jdomain.jdraw.data.DataObject jdomain.jdraw.data.Picture
DP jdomain.jdraw.gui.DrawMouseListener jdomain.jdraw.gui.Tool jdomain.jdraw.gui.TextFontDialog
DP jdomain.jdraw.gui.DrawMouseListener jdomain.jdraw.gui.Tool jdomain.jdraw.gui.DrawMenu
DP jdomain.jdraw.gui.DrawMouseListener jdomain.jdraw.gui.Tool jdomain.jdraw.gui.PreviewPanel
DP jdomain.jdraw.gui.DrawMouseListener jdomain.jdraw.gui.Tool jdomain.jdraw.gui.DrawPanel
DP jdomain.jdraw.gui.DrawMouseListener jdomain.jdraw.gui.Tool jdomain.jdraw.action.SaveAction
DP jdomain.jdraw.gui.DrawMouseListener jdomain.jdraw.gui.Tool jdomain.jdraw.action.SortPaletteAction
DP jdomain.jdraw.gui.DrawMouseListener jdomain.jdraw.gui.Tool jdomain.jdraw.action.EditColourAction
DP jdomain.jdraw.gui.DrawMouseListener jdomain.jdraw.gui.Tool jdomain.jdraw.action.CompressAction
DP jdomain.jdraw.gui.DrawMouseListener jdomain.jdraw.gui.Tool jdomain.jdraw.action.GrayScaleAction
DP jdomain.jdraw.gui.DrawMouseListener jdomain.jdraw.gui.Tool jdomain.jdraw.action.RotateAction
DP jdomain.jdraw.gui.DrawMouseListener jdomain.jdraw.gui.Tool jdomain.jdraw.action.ReducePaletteColoursAction
DP jdomain.jdraw.gui.DrawMouseListener jdomain.jdraw.gui.Tool jdomain.jdraw.action.ResetAlphaValuesAction
DP jdomain.jdraw.gui.DrawMouseListener jdomain.jdraw.gui.Tool jdomain.jdraw.action.SetTextToolAction
DP jdomain.jdraw.gui.DrawMouseListener jdomain.jdraw.gui.Tool jdomain.jdraw.action.ScaleAction
DP jdomain.jdraw.gui.DrawMouseListener jdomain.jdraw.gui.Tool jdomain.jdraw.action.ViewAnimationAction
DP jdomain.jdraw.gui.DrawMouseListener jdomain.jdraw.gui.Tool jdomain.jdraw.action.ResetPaletteAlphaValuesAction
DP jdomain.jdraw.gui.DrawMouseListener jdomain.jdraw.gui.Tool jdomain.jdraw.action.RemoveColourAction
DP jdomain.jdraw.gui.DrawMouseListener jdomain.jdraw.gui.Tool jdomain.jdraw.action.ReduceColoursAction
DP jdomain.jdraw.gui.DrawMouseListener jdomain.jdraw.gui.Tool jdomain.jdraw.action.CompressPaletteAction
DP jdomain.jdraw.gui.DrawMouseListener jdomain.jdraw.gui.Tool jdomain.jdraw.gui.StatusPanel
DP jdomain.jdraw.gui.DrawMouseListener jdomain.jdraw.gui.Tool jdomain.jdraw.gui.Dispatcher
DP jdomain.jdraw.gui.DrawMouseListener jdomain.jdraw.gui.Tool jdomain.util.Log
DP jdomain.jdraw.gui.DrawMouseListener jdomain.jdraw.gui.Tool jdomain.jdraw.gui.ToolPanel
DP jdomain.jdraw.gui.DrawMouseListener jdomain.jdraw.gui.Tool jdomain.jdraw.gui.FrameSettingsDialog$FrameEntry
DP jdomain.jdraw.gui.DrawMouseListener jdomain.jdraw.gui.Tool jdomain.jdraw.Main
DP jdomain.jdraw.gui.DrawMouseListener jdomain.jdraw.gui.Tool jdomain.jdraw.gui.undo.Undoable
DP jdomain.jdraw.gui.DrawMouseListener jdomain.jdraw.gui.Tool jdomain.jdraw.gui.FrameSettingsDialog
DP jdomain.jdraw.gui.DrawMouseListener jdomain.jdraw.gui.Tool jdomain.jdraw.gui.MouseHandler
DP jdomain.jdraw.gui.DrawMouseListener jdomain.jdraw.gui.Tool jdomain.jdraw.action.RemoveFrameAction
DP jdomain.jdraw.gui.DrawMouseListener jdomain.jdraw.gui.Tool jdomain.jdraw.action.CropAction
DP jdomain.jdraw.gui.DrawMouseListener jdomain.jdraw.gui.Tool jdomain.jdraw.action.FlipClipHorizontallyAction
DP jdomain.jdraw.gui.DrawMouseListener jdomain.jdraw.gui.Tool jdomain.jdraw.action.ToggleTransparencyAction
DP jdomain.jdraw.gui.DrawMouseListener jdomain.jdraw.gui.Tool jdomain.jdraw.action.AddFrameAction
DP jdomain.jdraw.gui.DrawMouseListener jdomain.jdraw.gui.Tool jdomain.jdraw.action.RotateClipAction
DP jdomain.jdraw.gui.DrawMouseListener jdomain.jdraw.gui.Tool jdomain.jdraw.action.SwapColoursAction
DP jdomain.jdraw.gui.DrawMouseListener jdomain.jdraw.gui.Tool jdomain.jdraw.action.AddColourAction
DP jdomain.jdraw.gui.DrawMouseListener jdomain.jdraw.gui.Tool jdomain.jdraw.action.FlipClipVerticallyAction
DP jdomain.jdraw.gui.DrawMouseListener jdomain.jdraw.gui.Tool jdomain.jdraw.action.ToggleLocalPaletteAction
DP jdomain.jdraw.gui.DrawMouseListener jdomain.jdraw.gui.Tool jdomain.jdraw.gui.MainFrame
DP jdomain.jdraw.gui.DrawMouseListener jdomain.jdraw.gui.Tool jdomain.jdraw.gui.undo.DrawRectangle
DP jdomain.jdraw.gui.DrawMouseListener jdomain.jdraw.gui.Tool jdomain.jdraw.gui.undo.DrawFill
DP jdomain.jdraw.gui.DrawMouseListener jdomain.jdraw.gui.Tool jdomain.jdraw.gui.undo.DrawLine
DP jdomain.jdraw.gui.DrawMouseListener jdomain.jdraw.gui.Tool jdomain.jdraw.gui.undo.DrawOval
DP jdomain.jdraw.gui.DrawMouseListener jdomain.jdraw.gui.Tool jdomain.jdraw.gui.ColourPanel
DP jdomain.jdraw.gui.DrawMouseListener jdomain.jdraw.gui.Tool jdomain.jdraw.gui.FramePanel
DP jdomain.jdraw.gui.DrawMouseListener jdomain.jdraw.gui.Tool jdomain.jdraw.gui.ScaleDialog
DP jdomain.jdraw.gui.DrawMouseListener jdomain.jdraw.gui.Tool jdomain.jdraw.gui.SizeDialog
DP jdomain.jdraw.gui.DrawMouseListener jdomain.jdraw.gui.Tool jdomain.jdraw.gui.DrawLayers
DP jdomain.jdraw.gui.DrawMouseListener jdomain.jdraw.gui.Tool jdomain.jdraw.gui.PalettePanel
DP jdomain.jdraw.gui.DrawMouseListener jdomain.jdraw.gui.Tool jdomain.jdraw.gui.FolderPanel
DP jdomain.jdraw.gui.DrawMouseListener jdomain.jdraw.gui.Tool jdomain.jdraw.gui.FloatingClip
DP jdomain.jdraw.gui.DrawMouseListener jdomain.jdraw.gui.Tool jdomain.jdraw.gui.PixelTool
DP jdomain.jdraw.gui.DrawMouseListener jdomain.jdraw.gui.Tool jdomain.jdraw.gui.ColourPickerTool
DP jdomain.jdraw.gui.DrawMouseListener jdomain.jdraw.gui.Tool jdomain.jdraw.gui.FillTool
DP jdomain.jdraw.gui.DrawMouseListener jdomain.jdraw.gui.Tool jdomain.jdraw.gui.RectangularSelectionTool
DP jdomain.jdraw.gui.DrawMouseListener jdomain.jdraw.gui.Tool jdomain.jdraw.gui.InfoClip
DP jdomain.jdraw.gui.DrawMouseListener jdomain.jdraw.gui.Tool jdomain.jdraw.gui.ClipPanel
DP jdomain.jdraw.gui.DrawMouseListener jdomain.jdraw.gui.Tool jdomain.jdraw.gui.LineTool
DP jdomain.jdraw.gui.DrawMouseListener jdomain.jdraw.gui.Tool jdomain.jdraw.gui.ClipTool
DP jdomain.jdraw.gui.DrawMouseListener jdomain.jdraw.gui.Tool jdomain.jdraw.gui.TextTool
DP jdomain.jdraw.gui.DrawMouseListener jdomain.jdraw.gui.FloatingClip jdomain.jdraw.gui.MouseHandler
DP jdomain.jdraw.gui.DrawMouseListener jdomain.jdraw.gui.FloatingClip jdomain.jdraw.gui.FramePanel
DP jdomain.jdraw.gui.DrawMouseListener jdomain.jdraw.gui.FloatingClip jdomain.jdraw.gui.InfoClip
DP jdomain.jdraw.gui.DrawMouseListener jdomain.jdraw.gui.FloatingClip jdomain.jdraw.gui.ClipPanel
DP jdomain.jdraw.data.event.EventConstants jdomain.jdraw.gui.Dispatcher jdomain.jdraw.gui.PreviewPanel
DP jdomain.jdraw.data.event.EventConstants jdomain.jdraw.gui.Dispatcher jdomain.util.Log
DP jdomain.jdraw.data.event.EventConstants jdomain.jdraw.gui.Dispatcher jdomain.jdraw.gui.MainFrame
DP jdomain.jdraw.data.event.EventConstants jdomain.jdraw.gui.Dispatcher jdomain.jdraw.gui.PalettePanel
DP jdomain.jdraw.data.event.EventConstants jdomain.jdraw.gui.Dispatcher jdomain.jdraw.gui.FolderPanel
DP jdomain.jdraw.data.event.EventConstants jdomain.jdraw.data.DataChangeListener jdomain.jdraw.data.DataObject$Update
DP jdomain.jdraw.data.event.EventConstants jdomain.jdraw.data.DataChangeListener jdomain.jdraw.data.DataObject
DP jdomain.jdraw.data.event.EventConstants jdomain.jdraw.data.event.ChangeEvent jdomain.jdraw.gui.TextFontDialog
DP jdomain.jdraw.data.event.EventConstants jdomain.jdraw.data.event.ChangeEvent jdomain.jdraw.data.Frame
DP jdomain.jdraw.data.event.EventConstants jdomain.jdraw.data.event.ChangeEvent jdomain.jdraw.data.Clip
DP jdomain.jdraw.data.event.EventConstants jdomain.jdraw.data.event.ChangeEvent jdomain.jdraw.gui.Dispatcher
DP jdomain.jdraw.data.event.EventConstants jdomain.jdraw.data.event.ChangeEvent jdomain.jdraw.data.event.EventConstants
DP jdomain.jdraw.data.event.EventConstants jdomain.jdraw.data.event.ChangeEvent jdomain.jdraw.data.DataObject$Update
DP jdomain.jdraw.data.event.EventConstants jdomain.jdraw.data.event.ChangeEvent jdomain.jdraw.data.DataObject
DP jdomain.jdraw.data.event.EventConstants jdomain.jdraw.data.event.ChangeEvent jdomain.jdraw.gui.MainFrame
DP jdomain.jdraw.data.event.EventConstants jdomain.jdraw.data.event.ChangeEvent jdomain.jdraw.gui.FramePanel
DP jdomain.jdraw.data.event.EventConstants jdomain.jdraw.data.event.ChangeEvent jdomain.jdraw.data.ColourEntry
DP jdomain.jdraw.data.event.EventConstants jdomain.jdraw.data.event.ChangeEvent jdomain.jdraw.data.Palette
DP jdomain.jdraw.data.event.EventConstants jdomain.jdraw.data.event.ChangeEvent jdomain.jdraw.data.Picture
DP jdomain.jdraw.data.event.EventConstants jdomain.jdraw.data.event.ChangeEvent jdomain.jdraw.gui.PalettePanel
DP jdomain.jdraw.data.event.EventConstants jdomain.jdraw.data.event.ChangeEvent jdomain.jdraw.gui.FolderPanel
DP jdomain.jdraw.data.event.EventConstants jdomain.jdraw.data.DataObject jdomain.jdraw.data.Clip
DP jdomain.jdraw.data.event.EventConstants jdomain.jdraw.data.DataObject jdomain.util.Log
DP jdomain.jdraw.data.event.EventConstants jdomain.jdraw.data.DataObject jdomain.jdraw.data.event.ChangeEvent
DP jdomain.jdraw.data.event.EventConstants jdomain.jdraw.data.DataObject jdomain.jdraw.data.DataObject$Update
DP jdomain.jdraw.data.event.EventConstants jdomain.jdraw.data.DataObject jdomain.jdraw.data.ColourEntry
DP jdomain.jdraw.data.event.EventConstants jdomain.jdraw.data.DataObject jdomain.jdraw.data.Palette
DP jdomain.jdraw.data.event.EventConstants jdomain.jdraw.data.DataObject jdomain.jdraw.data.Picture
DP jdomain.jdraw.gui.undo.Undoable jdomain.jdraw.gui.undo.DrawRectangle jdomain.jdraw.gui.GradientPanel
DP jdomain.jdraw.gui.undo.Undoable jdomain.jdraw.gui.undo.DrawRectangle jdomain.jdraw.gui.FolderPanel
DP jdomain.jdraw.gui.undo.Undoable jdomain.jdraw.gui.undo.DrawRectangle jdomain.jdraw.gui.RectangleTool
DP jdomain.jdraw.gui.undo.Undoable jdomain.jdraw.gui.undo.DrawClip jdomain.jdraw.gui.ToolPanel
DP jdomain.jdraw.gui.undo.Undoable jdomain.jdraw.gui.undo.DrawClip jdomain.jdraw.gui.ClipPanel
DP jdomain.jdraw.gui.undo.Undoable jdomain.jdraw.gui.undo.DrawClip jdomain.jdraw.gui.TextTool
DP jdomain.jdraw.gui.undo.Undoable jdomain.jdraw.gui.undo.DrawFill jdomain.jdraw.gui.FillTool
DP jdomain.jdraw.gui.undo.Undoable jdomain.jdraw.gui.undo.DrawLine jdomain.jdraw.gui.FolderPanel
DP jdomain.jdraw.gui.undo.Undoable jdomain.jdraw.gui.undo.DrawLine jdomain.jdraw.gui.LineTool
DP jdomain.jdraw.gui.undo.Undoable jdomain.jdraw.gui.undo.DrawPixel jdomain.jdraw.action.GrayScaleAction
DP jdomain.jdraw.gui.undo.Undoable jdomain.jdraw.gui.undo.DrawPixel jdomain.jdraw.action.RotateAction
DP jdomain.jdraw.gui.undo.Undoable jdomain.jdraw.gui.undo.DrawPixel jdomain.jdraw.gui.undo.Undoable
DP jdomain.jdraw.gui.undo.Undoable jdomain.jdraw.gui.undo.DrawPixel jdomain.jdraw.gui.undo.DrawRectangle
DP jdomain.jdraw.gui.undo.Undoable jdomain.jdraw.gui.undo.DrawPixel jdomain.jdraw.gui.undo.DrawClip
DP jdomain.jdraw.gui.undo.Undoable jdomain.jdraw.gui.undo.DrawPixel jdomain.jdraw.gui.undo.DrawFill
DP jdomain.jdraw.gui.undo.Undoable jdomain.jdraw.gui.undo.DrawPixel jdomain.jdraw.gui.undo.DrawLine
DP jdomain.jdraw.gui.undo.Undoable jdomain.jdraw.gui.undo.DrawPixel jdomain.jdraw.gui.undo.DrawOval
DP jdomain.jdraw.gui.undo.Undoable jdomain.jdraw.gui.undo.DrawPixel jdomain.jdraw.gui.PixelTool
DP jdomain.jdraw.gui.undo.Undoable jdomain.jdraw.gui.undo.DrawPixel jdomain.jdraw.gui.TextTool
DP jdomain.jdraw.gui.undo.Undoable jdomain.jdraw.gui.undo.DrawOval jdomain.jdraw.gui.GradientPanel
DP jdomain.jdraw.gui.undo.Undoable jdomain.jdraw.gui.undo.DrawOval jdomain.jdraw.gui.FolderPanel
DP jdomain.jdraw.gui.undo.Undoable jdomain.jdraw.gui.undo.DrawOval jdomain.jdraw.gui.OvalTool
DP jdomain.jdraw.gui.GridListener jdomain.jdraw.gui.DrawLayers jdomain.jdraw.gui.MouseHandler
DP jdomain.jdraw.gui.GridListener jdomain.jdraw.gui.DrawLayers jdomain.jdraw.action.CropAction
DP jdomain.jdraw.gui.GridListener jdomain.jdraw.gui.DrawLayers jdomain.jdraw.action.FlipClipHorizontallyAction
DP jdomain.jdraw.gui.GridListener jdomain.jdraw.gui.DrawLayers jdomain.jdraw.action.RotateClipAction
DP jdomain.jdraw.gui.GridListener jdomain.jdraw.gui.DrawLayers jdomain.jdraw.action.FlipClipVerticallyAction
DP jdomain.jdraw.gui.GridListener jdomain.jdraw.gui.DrawLayers jdomain.jdraw.gui.FramePanel
DP jdomain.jdraw.gui.GridListener jdomain.jdraw.gui.ClipPanel jdomain.jdraw.gui.undo.UndoManager
DP jdomain.jdraw.gui.GridListener jdomain.jdraw.gui.ClipPanel jdomain.jdraw.action.CropAction
DP jdomain.jdraw.gui.GridListener jdomain.jdraw.gui.ClipPanel jdomain.jdraw.action.FlipClipHorizontallyAction
DP jdomain.jdraw.gui.GridListener jdomain.jdraw.gui.ClipPanel jdomain.jdraw.action.RotateClipAction
DP jdomain.jdraw.gui.GridListener jdomain.jdraw.gui.ClipPanel jdomain.jdraw.action.FlipClipVerticallyAction
DP jdomain.jdraw.gui.GridListener jdomain.jdraw.gui.ClipPanel jdomain.jdraw.gui.MainFrame
DP jdomain.jdraw.gui.GridListener jdomain.jdraw.gui.ClipPanel jdomain.jdraw.gui.DrawLayers
DP jdomain.jdraw.gui.GridListener jdomain.jdraw.gui.ClipPanel jdomain.jdraw.gui.ClipTool
DP jdomain.jdraw.gui.GridListener jdomain.jdraw.gui.ClipPanel jdomain.jdraw.gui.TextTool
DP jdomain.jdraw.data.DataObject jdomain.jdraw.data.Frame jdomain.jdraw.gui.PreviewPanel
DP jdomain.jdraw.data.DataObject jdomain.jdraw.data.Frame jdomain.jdraw.action.SortPaletteAction
DP jdomain.jdraw.data.DataObject jdomain.jdraw.data.Frame jdomain.jdraw.action.EditColourAction
DP jdomain.jdraw.data.DataObject jdomain.jdraw.data.Frame jdomain.jdraw.action.InsertAction
DP jdomain.jdraw.data.DataObject jdomain.jdraw.data.Frame jdomain.jdraw.gui.Dispatcher
DP jdomain.jdraw.data.DataObject jdomain.jdraw.data.Frame jdomain.jdraw.data.Pixel
DP jdomain.jdraw.data.DataObject jdomain.jdraw.data.Frame jdomain.util.Log
DP jdomain.jdraw.data.DataObject jdomain.jdraw.data.Frame jdomain.jdraw.gio.ImageReader
DP jdomain.jdraw.data.DataObject jdomain.jdraw.data.Frame jdomain.jdraw.gio.IconReader
DP jdomain.jdraw.data.DataObject jdomain.jdraw.data.Frame jdomain.jdraw.gui.FrameSettingsDialog$FrameEntry
DP jdomain.jdraw.data.DataObject jdomain.jdraw.data.Frame jdomain.jdraw.gio.PNGWriter
DP jdomain.jdraw.data.DataObject jdomain.jdraw.data.Frame jdomain.jdraw.gio.GIFWriter
DP jdomain.jdraw.data.DataObject jdomain.jdraw.data.Frame jdomain.jdraw.gio.IconWriter$IconEntry
DP jdomain.jdraw.data.DataObject jdomain.jdraw.data.Frame jdomain.jdraw.gio.GIFReader
DP jdomain.jdraw.data.DataObject jdomain.jdraw.data.Frame jdomain.jdraw.gio.IconReader$IconEntry
DP jdomain.jdraw.data.DataObject jdomain.jdraw.data.Frame jdomain.jdraw.gui.Tool
DP jdomain.jdraw.data.DataObject jdomain.jdraw.data.Frame jdomain.jdraw.action.ToggleLocalPaletteAction
DP jdomain.jdraw.data.DataObject jdomain.jdraw.data.Frame jdomain.jdraw.gui.MainFrame
DP jdomain.jdraw.data.DataObject jdomain.jdraw.data.Frame jdomain.jdraw.gui.FramePanel
DP jdomain.jdraw.data.DataObject jdomain.jdraw.data.Frame jdomain.jdraw.data.Palette
DP jdomain.jdraw.data.DataObject jdomain.jdraw.data.Frame jdomain.jdraw.data.Picture
DP jdomain.jdraw.data.DataObject jdomain.jdraw.data.Frame jdomain.jdraw.gui.FolderPanel
DP jdomain.jdraw.data.DataObject jdomain.jdraw.data.Frame jdomain.jdraw.gui.PixelTool
DP jdomain.jdraw.data.DataObject jdomain.jdraw.data.Frame jdomain.jdraw.gui.ColourPickerTool
DP jdomain.jdraw.data.DataObject jdomain.jdraw.data.Frame jdomain.jdraw.gui.RectangularSelectionTool
DP jdomain.jdraw.data.DataObject jdomain.jdraw.data.Frame jdomain.jdraw.gui.ClipPanel
DP jdomain.jdraw.data.DataObject jdomain.jdraw.data.Frame jdomain.jdraw.gui.ClipTool
DP jdomain.jdraw.data.DataObject jdomain.jdraw.data.Clip jdomain.jdraw.gui.PreviewPanel
DP jdomain.jdraw.data.DataObject jdomain.jdraw.data.Clip jdomain.jdraw.gui.DrawPanel
DP jdomain.jdraw.data.DataObject jdomain.jdraw.data.Clip jdomain.jdraw.data.Frame
DP jdomain.jdraw.data.DataObject jdomain.jdraw.data.Clip jdomain.jdraw.gui.undo.Undoable
DP jdomain.jdraw.data.DataObject jdomain.jdraw.data.Clip jdomain.jdraw.gui.undo.DrawRectangle
DP jdomain.jdraw.data.DataObject jdomain.jdraw.data.Clip jdomain.jdraw.gui.undo.DrawClip
DP jdomain.jdraw.data.DataObject jdomain.jdraw.data.Clip jdomain.jdraw.gui.undo.DrawFill
DP jdomain.jdraw.data.DataObject jdomain.jdraw.data.Clip jdomain.jdraw.gui.undo.DrawLine
DP jdomain.jdraw.data.DataObject jdomain.jdraw.data.Clip jdomain.jdraw.gui.undo.DrawPixel
DP jdomain.jdraw.data.DataObject jdomain.jdraw.data.Clip jdomain.jdraw.gui.undo.DrawOval
DP jdomain.jdraw.data.DataObject jdomain.jdraw.data.Clip jdomain.jdraw.gui.DrawLayers
DP jdomain.jdraw.data.DataObject jdomain.jdraw.data.Clip jdomain.jdraw.gui.ClipPanel
DP jdomain.jdraw.data.DataObject jdomain.jdraw.data.Clip jdomain.jdraw.gui.ClipTool
DP jdomain.jdraw.data.DataObject jdomain.jdraw.data.Clip jdomain.jdraw.gui.TextTool
DP jdomain.jdraw.data.DataObject jdomain.jdraw.data.ColourEntry jdomain.jdraw.gui.TextFontDialog
DP jdomain.jdraw.data.DataObject jdomain.jdraw.data.ColourEntry jdomain.jdraw.gui.DrawMenu
DP jdomain.jdraw.data.DataObject jdomain.jdraw.data.ColourEntry jdomain.jdraw.gui.DrawPanel
DP jdomain.jdraw.data.DataObject jdomain.jdraw.data.ColourEntry jdomain.jdraw.action.EditColourAction
DP jdomain.jdraw.data.DataObject jdomain.jdraw.data.ColourEntry jdomain.jdraw.action.SetTextToolAction
DP jdomain.jdraw.data.DataObject jdomain.jdraw.data.ColourEntry jdomain.jdraw.action.InsertAction
DP jdomain.jdraw.data.DataObject jdomain.jdraw.data.ColourEntry jdomain.jdraw.gui.Dispatcher
DP jdomain.jdraw.data.DataObject jdomain.jdraw.data.ColourEntry jdomain.util.Log
DP jdomain.jdraw.data.DataObject jdomain.jdraw.data.ColourEntry jdomain.jdraw.gio.ImageReader
DP jdomain.jdraw.data.DataObject jdomain.jdraw.data.ColourEntry jdomain.jdraw.data.Palette$UsageComparator
DP jdomain.jdraw.data.DataObject jdomain.jdraw.data.ColourEntry jdomain.jdraw.gio.PNGWriter
DP jdomain.jdraw.data.DataObject jdomain.jdraw.data.ColourEntry jdomain.jdraw.gui.undo.Undoable
DP jdomain.jdraw.data.DataObject jdomain.jdraw.data.ColourEntry jdomain.jdraw.gio.GIFWriter
DP jdomain.jdraw.data.DataObject jdomain.jdraw.data.ColourEntry jdomain.jdraw.gio.IconWriter$IconEntry
DP jdomain.jdraw.data.DataObject jdomain.jdraw.data.ColourEntry jdomain.jdraw.data.ColourSettings
DP jdomain.jdraw.data.DataObject jdomain.jdraw.data.ColourEntry jdomain.jdraw.gui.undo.DrawRectangle
DP jdomain.jdraw.data.DataObject jdomain.jdraw.data.ColourEntry jdomain.jdraw.gui.undo.DrawFill
DP jdomain.jdraw.data.DataObject jdomain.jdraw.data.ColourEntry jdomain.jdraw.gui.undo.DrawLine
DP jdomain.jdraw.data.DataObject jdomain.jdraw.data.ColourEntry jdomain.jdraw.gui.undo.DrawOval
DP jdomain.jdraw.data.DataObject jdomain.jdraw.data.ColourEntry jdomain.jdraw.gui.ColourPanel
DP jdomain.jdraw.data.DataObject jdomain.jdraw.data.ColourEntry jdomain.jdraw.gui.FramePanel
DP jdomain.jdraw.data.DataObject jdomain.jdraw.data.ColourEntry jdomain.jdraw.data.Palette
DP jdomain.jdraw.data.DataObject jdomain.jdraw.data.ColourEntry jdomain.jdraw.data.Palette$ColourList
DP jdomain.jdraw.data.DataObject jdomain.jdraw.data.ColourEntry jdomain.jdraw.gui.PalettePanel
DP jdomain.jdraw.data.DataObject jdomain.jdraw.data.ColourEntry jdomain.jdraw.gui.FolderPanel
DP jdomain.jdraw.data.DataObject jdomain.jdraw.data.ColourEntry jdomain.jdraw.gui.TextTool
DP jdomain.jdraw.data.DataObject jdomain.jdraw.data.Palette jdomain.jdraw.gui.TextFontDialog
DP jdomain.jdraw.data.DataObject jdomain.jdraw.data.Palette jdomain.jdraw.gui.DrawMenu
DP jdomain.jdraw.data.DataObject jdomain.jdraw.data.Palette jdomain.jdraw.gui.DrawPanel
DP jdomain.jdraw.data.DataObject jdomain.jdraw.data.Palette jdomain.jdraw.action.SortPaletteAction
DP jdomain.jdraw.data.DataObject jdomain.jdraw.data.Palette jdomain.jdraw.action.EditColourAction
DP jdomain.jdraw.data.DataObject jdomain.jdraw.data.Palette jdomain.jdraw.action.ReducePaletteColoursAction
DP jdomain.jdraw.data.DataObject jdomain.jdraw.data.Palette jdomain.jdraw.action.SetTextToolAction
DP jdomain.jdraw.data.DataObject jdomain.jdraw.data.Palette jdomain.jdraw.action.ResetPaletteAlphaValuesAction
DP jdomain.jdraw.data.DataObject jdomain.jdraw.data.Palette jdomain.jdraw.action.InsertAction
DP jdomain.jdraw.data.DataObject jdomain.jdraw.data.Palette jdomain.jdraw.action.RemoveColourAction
DP jdomain.jdraw.data.DataObject jdomain.jdraw.data.Palette jdomain.jdraw.action.CompressPaletteAction
DP jdomain.jdraw.data.DataObject jdomain.jdraw.data.Palette jdomain.jdraw.data.Frame
DP jdomain.jdraw.data.DataObject jdomain.jdraw.data.Palette jdomain.jdraw.gui.Dispatcher
DP jdomain.jdraw.data.DataObject jdomain.jdraw.data.Palette jdomain.util.Log
DP jdomain.jdraw.data.DataObject jdomain.jdraw.data.Palette jdomain.jdraw.gio.ImageReader
DP jdomain.jdraw.data.DataObject jdomain.jdraw.data.Palette jdomain.jdraw.gio.IconReader
DP jdomain.jdraw.data.DataObject jdomain.jdraw.data.Palette jdomain.jdraw.data.Palette$UsageComparator
DP jdomain.jdraw.data.DataObject jdomain.jdraw.data.Palette jdomain.jdraw.gio.PNGWriter
DP jdomain.jdraw.data.DataObject jdomain.jdraw.data.Palette jdomain.jdraw.gui.undo.Undoable
DP jdomain.jdraw.data.DataObject jdomain.jdraw.data.Palette jdomain.jdraw.gio.GIFWriter
DP jdomain.jdraw.data.DataObject jdomain.jdraw.data.Palette jdomain.jdraw.gio.IconWriter$IconEntry
DP jdomain.jdraw.data.DataObject jdomain.jdraw.data.Palette jdomain.jdraw.gio.GIFReader
DP jdomain.jdraw.data.DataObject jdomain.jdraw.data.Palette jdomain.jdraw.data.ColourSettings
DP jdomain.jdraw.data.DataObject jdomain.jdraw.data.Palette jdomain.jdraw.gio.IconReader$IconEntry
DP jdomain.jdraw.data.DataObject jdomain.jdraw.data.Palette jdomain.jdraw.action.SwapColoursAction
DP jdomain.jdraw.data.DataObject jdomain.jdraw.data.Palette jdomain.jdraw.action.AddColourAction
DP jdomain.jdraw.data.DataObject jdomain.jdraw.data.Palette jdomain.jdraw.action.ToggleLocalPaletteAction
DP jdomain.jdraw.data.DataObject jdomain.jdraw.data.Palette jdomain.jdraw.gui.MainFrame
DP jdomain.jdraw.data.DataObject jdomain.jdraw.data.Palette jdomain.jdraw.gui.undo.DrawRectangle
DP jdomain.jdraw.data.DataObject jdomain.jdraw.data.Palette jdomain.jdraw.gui.undo.DrawFill
DP jdomain.jdraw.data.DataObject jdomain.jdraw.data.Palette jdomain.jdraw.gui.undo.DrawLine
DP jdomain.jdraw.data.DataObject jdomain.jdraw.data.Palette jdomain.jdraw.gui.undo.DrawOval
DP jdomain.jdraw.data.DataObject jdomain.jdraw.data.Palette jdomain.jdraw.gui.ColourPanel
DP jdomain.jdraw.data.DataObject jdomain.jdraw.data.Palette jdomain.jdraw.gui.FramePanel
DP jdomain.jdraw.data.DataObject jdomain.jdraw.data.Palette jdomain.jdraw.data.Picture
DP jdomain.jdraw.data.DataObject jdomain.jdraw.data.Palette jdomain.jdraw.data.Palette$ColourList
DP jdomain.jdraw.data.DataObject jdomain.jdraw.data.Palette jdomain.jdraw.gui.PalettePanel
DP jdomain.jdraw.data.DataObject jdomain.jdraw.data.Palette jdomain.jdraw.gui.FolderPanel
DP jdomain.jdraw.data.DataObject jdomain.jdraw.data.Palette jdomain.jdraw.gui.TextTool
DP jdomain.jdraw.data.DataObject jdomain.jdraw.data.Picture jdomain.jdraw.gui.TextFontDialog
DP jdomain.jdraw.data.DataObject jdomain.jdraw.data.Picture jdomain.jdraw.gui.DrawMenu
DP jdomain.jdraw.data.DataObject jdomain.jdraw.data.Picture jdomain.jdraw.gui.DrawPanel
DP jdomain.jdraw.data.DataObject jdomain.jdraw.data.Picture jdomain.jdraw.action.SaveAction
DP jdomain.jdraw.data.DataObject jdomain.jdraw.data.Picture jdomain.jdraw.action.EditColourAction
DP jdomain.jdraw.data.DataObject jdomain.jdraw.data.Picture jdomain.jdraw.action.CompressAction
DP jdomain.jdraw.data.DataObject jdomain.jdraw.data.Picture jdomain.jdraw.action.ResetAlphaValuesAction
DP jdomain.jdraw.data.DataObject jdomain.jdraw.data.Picture jdomain.jdraw.action.SaveCompressedAction
DP jdomain.jdraw.data.DataObject jdomain.jdraw.data.Picture jdomain.jdraw.action.SetTextToolAction
DP jdomain.jdraw.data.DataObject jdomain.jdraw.data.Picture jdomain.jdraw.action.ScaleAction
DP jdomain.jdraw.data.DataObject jdomain.jdraw.data.Picture jdomain.jdraw.action.ViewAnimationAction
DP jdomain.jdraw.data.DataObject jdomain.jdraw.data.Picture jdomain.jdraw.action.LoadAction
DP jdomain.jdraw.data.DataObject jdomain.jdraw.data.Picture jdomain.jdraw.action.InsertAction
DP jdomain.jdraw.data.DataObject jdomain.jdraw.data.Picture jdomain.jdraw.action.ResizeAction
DP jdomain.jdraw.data.DataObject jdomain.jdraw.data.Picture jdomain.jdraw.action.RemoveColourAction
DP jdomain.jdraw.data.DataObject jdomain.jdraw.data.Picture jdomain.jdraw.action.ReduceColoursAction
DP jdomain.jdraw.data.DataObject jdomain.jdraw.data.Picture jdomain.jdraw.data.Frame
DP jdomain.jdraw.data.DataObject jdomain.jdraw.data.Picture jdomain.jdraw.gui.Dispatcher
DP jdomain.jdraw.data.DataObject jdomain.jdraw.data.Picture jdomain.jdraw.gui.JDHandler
DP jdomain.jdraw.data.DataObject jdomain.jdraw.data.Picture jdomain.util.Log
DP jdomain.jdraw.data.DataObject jdomain.jdraw.data.Picture jdomain.jdraw.gio.IconWriter
DP jdomain.jdraw.data.DataObject jdomain.jdraw.data.Picture jdomain.jdraw.gio.ImageReader
DP jdomain.jdraw.data.DataObject jdomain.jdraw.data.Picture jdomain.jdraw.gio.IconReader
DP jdomain.jdraw.data.DataObject jdomain.jdraw.data.Picture jdomain.jdraw.gui.FrameSettingsDialog$FrameEntry
DP jdomain.jdraw.data.DataObject jdomain.jdraw.data.Picture jdomain.jdraw.Main
DP jdomain.jdraw.data.DataObject jdomain.jdraw.data.Picture jdomain.jdraw.gio.PNGWriter
DP jdomain.jdraw.data.DataObject jdomain.jdraw.data.Picture jdomain.jdraw.gui.undo.Undoable
DP jdomain.jdraw.data.DataObject jdomain.jdraw.data.Picture jdomain.jdraw.gio.GIFWriter
DP jdomain.jdraw.data.DataObject jdomain.jdraw.data.Picture jdomain.jdraw.gio.GIFReader
DP jdomain.jdraw.data.DataObject jdomain.jdraw.data.Picture jdomain.jdraw.gui.FrameSettingsDialog
DP jdomain.jdraw.data.DataObject jdomain.jdraw.data.Picture jdomain.jdraw.data.DataObject
DP jdomain.jdraw.data.DataObject jdomain.jdraw.data.Picture jdomain.jdraw.data.ColourSettings
DP jdomain.jdraw.data.DataObject jdomain.jdraw.data.Picture jdomain.jdraw.gui.ICOHandler
DP jdomain.jdraw.data.DataObject jdomain.jdraw.data.Picture jdomain.jdraw.gui.Tool
DP jdomain.jdraw.data.DataObject jdomain.jdraw.data.Picture jdomain.jdraw.action.RemoveFrameAction
DP jdomain.jdraw.data.DataObject jdomain.jdraw.data.Picture jdomain.jdraw.action.NewAction
DP jdomain.jdraw.data.DataObject jdomain.jdraw.data.Picture jdomain.jdraw.action.CropAction
DP jdomain.jdraw.data.DataObject jdomain.jdraw.data.Picture jdomain.jdraw.action.AddFrameAction
DP jdomain.jdraw.data.DataObject jdomain.jdraw.data.Picture jdomain.jdraw.action.SwapColoursAction
DP jdomain.jdraw.data.DataObject jdomain.jdraw.data.Picture jdomain.jdraw.action.ToggleLocalPaletteAction
DP jdomain.jdraw.data.DataObject jdomain.jdraw.data.Picture jdomain.jdraw.gui.MainFrame
DP jdomain.jdraw.data.DataObject jdomain.jdraw.data.Picture jdomain.jdraw.gui.undo.DrawRectangle
DP jdomain.jdraw.data.DataObject jdomain.jdraw.data.Picture jdomain.jdraw.gui.undo.DrawFill
DP jdomain.jdraw.data.DataObject jdomain.jdraw.data.Picture jdomain.jdraw.gui.undo.DrawLine
DP jdomain.jdraw.data.DataObject jdomain.jdraw.data.Picture jdomain.jdraw.gui.undo.DrawOval
DP jdomain.jdraw.data.DataObject jdomain.jdraw.data.Picture jdomain.jdraw.gui.ColourPanel
DP jdomain.jdraw.data.DataObject jdomain.jdraw.data.Picture jdomain.jdraw.gui.FramePanel
DP jdomain.jdraw.data.DataObject jdomain.jdraw.data.Picture jdomain.jdraw.data.Palette
DP jdomain.jdraw.data.DataObject jdomain.jdraw.data.Picture jdomain.jdraw.gui.PalettePanel
DP jdomain.jdraw.data.DataObject jdomain.jdraw.data.Picture jdomain.jdraw.gui.FolderPanel
DP jdomain.jdraw.data.DataObject jdomain.jdraw.data.Picture jdomain.jdraw.gui.PixelTool
DP jdomain.jdraw.data.DataObject jdomain.jdraw.data.Picture jdomain.jdraw.gui.ColourPickerTool
DP jdomain.jdraw.data.DataObject jdomain.jdraw.data.Picture jdomain.jdraw.gui.TextTool
DP jdomain.jdraw.gui.Tool jdomain.jdraw.gui.PixelTool jdomain.jdraw.gui.undo.UndoManager
DP jdomain.jdraw.gui.Tool jdomain.jdraw.gui.ColourPickerTool jdomain.jdraw.action.SetColourPickerToolAction
DP jdomain.jdraw.gui.Tool jdomain.jdraw.gui.FillTool jdomain.jdraw.Settings
DP jdomain.jdraw.gui.Tool jdomain.jdraw.gui.FillTool jdomain.jdraw.gui.undo.UndoManager
DP jdomain.jdraw.gui.Tool jdomain.jdraw.gui.FillTool jdomain.jdraw.gui.ToleranceDialog
DP jdomain.jdraw.gui.Tool jdomain.jdraw.gui.FillTool jdomain.jdraw.gui.undo.DrawFill
DP jdomain.jdraw.gui.Tool jdomain.jdraw.gui.FillTool jdomain.jdraw.gui.SettingsDialog
DP jdomain.jdraw.gui.Tool jdomain.jdraw.gui.RectangularSelectionTool jdomain.jdraw.gui.ClipPanel
DP jdomain.jdraw.gui.Tool jdomain.jdraw.gui.RectangularSelectionTool jdomain.jdraw.gui.OvalTool
DP jdomain.jdraw.gui.Tool jdomain.jdraw.gui.RectangularSelectionTool jdomain.jdraw.gui.LineTool
DP jdomain.jdraw.gui.Tool jdomain.jdraw.gui.RectangularSelectionTool jdomain.jdraw.gui.ClipTool
DP jdomain.jdraw.gui.Tool jdomain.jdraw.gui.RectangularSelectionTool jdomain.jdraw.gui.TextTool
DP jdomain.jdraw.gui.Tool jdomain.jdraw.gui.RectangularSelectionTool jdomain.jdraw.gui.RectangleTool
DP jdomain.jdraw.gui.Tool jdomain.jdraw.gui.OvalTool jdomain.jdraw.gui.undo.UndoManager
DP jdomain.jdraw.gui.Tool jdomain.jdraw.gui.OvalTool jdomain.jdraw.action.SetFilledOvalToolAction
DP jdomain.jdraw.gui.Tool jdomain.jdraw.gui.OvalTool jdomain.jdraw.action.SetOvalToolAction
DP jdomain.jdraw.gui.Tool jdomain.jdraw.gui.LineTool jdomain.jdraw.gui.undo.UndoManager
DP jdomain.jdraw.gui.Tool jdomain.jdraw.gui.LineTool jdomain.jdraw.action.SetLineToolAction
DP jdomain.jdraw.gui.Tool jdomain.jdraw.gui.TextTool jdomain.jdraw.action.SetTextToolAction
DP jdomain.jdraw.gui.Tool jdomain.jdraw.gui.TextTool jdomain.jdraw.gui.GradientPanel
DP jdomain.jdraw.gui.Tool jdomain.jdraw.gui.TextTool jdomain.jdraw.gui.MouseHandler
DP jdomain.jdraw.gui.Tool jdomain.jdraw.gui.TextTool jdomain.jdraw.gui.MainFrame
DP jdomain.jdraw.gui.Tool jdomain.jdraw.gui.TextTool jdomain.jdraw.gui.undo.DrawClip
DP jdomain.jdraw.gui.Tool jdomain.jdraw.gui.TextTool jdomain.jdraw.gui.FolderPanel
DP jdomain.jdraw.gui.Tool jdomain.jdraw.gui.RectangleTool jdomain.jdraw.gui.undo.UndoManager
DP jdomain.jdraw.gui.Tool jdomain.jdraw.gui.RectangleTool jdomain.jdraw.action.SetRectangleToolAction
DP jdomain.jdraw.gui.Tool jdomain.jdraw.gui.RectangleTool jdomain.jdraw.action.SetFilledRectangleToolAction
DP jdomain.jdraw.action.DrawAction jdomain.jdraw.action.BlockingDrawAction jdomain.jdraw.action.SaveAction
DP jdomain.jdraw.action.DrawAction jdomain.jdraw.action.BlockingDrawAction jdomain.jdraw.action.SortPaletteAction
DP jdomain.jdraw.action.DrawAction jdomain.jdraw.action.BlockingDrawAction jdomain.jdraw.action.EditColourAction
DP jdomain.jdraw.action.DrawAction jdomain.jdraw.action.BlockingDrawAction jdomain.jdraw.action.CompressAction
DP jdomain.jdraw.action.DrawAction jdomain.jdraw.action.BlockingDrawAction jdomain.jdraw.action.GrayScaleAction
DP jdomain.jdraw.action.DrawAction jdomain.jdraw.action.BlockingDrawAction jdomain.jdraw.action.RotateAction
DP jdomain.jdraw.action.DrawAction jdomain.jdraw.action.BlockingDrawAction jdomain.jdraw.action.ExitAction
DP jdomain.jdraw.action.DrawAction jdomain.jdraw.action.BlockingDrawAction jdomain.jdraw.action.ReducePaletteColoursAction
DP jdomain.jdraw.action.DrawAction jdomain.jdraw.action.BlockingDrawAction jdomain.jdraw.action.ResetAlphaValuesAction
DP jdomain.jdraw.action.DrawAction jdomain.jdraw.action.BlockingDrawAction jdomain.jdraw.action.SaveCompressedAction
DP jdomain.jdraw.action.DrawAction jdomain.jdraw.action.BlockingDrawAction jdomain.jdraw.action.SetTextToolAction
DP jdomain.jdraw.action.DrawAction jdomain.jdraw.action.BlockingDrawAction jdomain.jdraw.action.ScaleAction
DP jdomain.jdraw.action.DrawAction jdomain.jdraw.action.BlockingDrawAction jdomain.jdraw.action.ViewAnimationAction
DP jdomain.jdraw.action.DrawAction jdomain.jdraw.action.BlockingDrawAction jdomain.jdraw.action.ResetPaletteAlphaValuesAction
DP jdomain.jdraw.action.DrawAction jdomain.jdraw.action.BlockingDrawAction jdomain.jdraw.action.LoadAction
DP jdomain.jdraw.action.DrawAction jdomain.jdraw.action.BlockingDrawAction jdomain.jdraw.action.SettingsAction
DP jdomain.jdraw.action.DrawAction jdomain.jdraw.action.BlockingDrawAction jdomain.jdraw.action.InsertAction
DP jdomain.jdraw.action.DrawAction jdomain.jdraw.action.BlockingDrawAction jdomain.jdraw.action.ResizeAction
DP jdomain.jdraw.action.DrawAction jdomain.jdraw.action.BlockingDrawAction jdomain.jdraw.action.RemoveColourAction
DP jdomain.jdraw.action.DrawAction jdomain.jdraw.action.BlockingDrawAction jdomain.jdraw.action.ReduceColoursAction
DP jdomain.jdraw.action.DrawAction jdomain.jdraw.action.BlockingDrawAction jdomain.jdraw.action.CompressPaletteAction
DP jdomain.jdraw.action.DrawAction jdomain.jdraw.action.BlockingDrawAction jdomain.jdraw.action.EditFrameSettingsAction
DP jdomain.jdraw.action.DrawAction jdomain.jdraw.action.BlockingDrawAction jdomain.jdraw.action.LoseChanges
DP jdomain.jdraw.action.DrawAction jdomain.jdraw.action.BlockingDrawAction jdomain.jdraw.gui.MainFrame
DP jdomain.jdraw.action.DrawAction jdomain.jdraw.action.SaveAction jdomain.jdraw.Settings
DP jdomain.jdraw.action.DrawAction jdomain.jdraw.action.SaveAction jdomain.jdraw.gui.undo.UndoManager
DP jdomain.jdraw.action.DrawAction jdomain.jdraw.action.SaveAction jdomain.jdraw.action.LoseChanges
DP jdomain.jdraw.action.DrawAction jdomain.jdraw.action.SaveAction jdomain.jdraw.action.SaveAsAction
DP jdomain.jdraw.action.DrawAction jdomain.jdraw.action.SaveAction jdomain.jdraw.gui.MainFrame
DP jdomain.jdraw.action.DrawAction jdomain.jdraw.action.EditColourAction jdomain.jdraw.gui.ColourEditor
DP jdomain.jdraw.action.DrawAction jdomain.jdraw.action.CompressAction jdomain.jdraw.action.ReducePaletteColoursAction
DP jdomain.jdraw.action.DrawAction jdomain.jdraw.action.CompressAction jdomain.jdraw.action.ReduceColoursAction
DP jdomain.jdraw.action.DrawAction jdomain.jdraw.action.CompressAction jdomain.jdraw.action.CompressPaletteAction
DP jdomain.jdraw.action.DrawAction jdomain.jdraw.action.CompressAction jdomain.jdraw.gui.ToolPanel
DP jdomain.jdraw.action.DrawAction jdomain.jdraw.action.CompressAction jdomain.jdraw.gui.PixelTool
DP jdomain.jdraw.action.DrawAction jdomain.jdraw.action.GrayScaleAction jdomain.jdraw.gui.undo.UndoManager
DP jdomain.jdraw.action.DrawAction jdomain.jdraw.action.GrayScaleAction jdomain.jdraw.gui.FolderPanel
DP jdomain.jdraw.action.DrawAction jdomain.jdraw.action.RotateAction jdomain.jdraw.gui.undo.UndoManager
DP jdomain.jdraw.action.DrawAction jdomain.jdraw.action.RotateAction jdomain.jdraw.gui.FolderPanel
DP jdomain.jdraw.action.DrawAction jdomain.jdraw.action.ExitAction jdomain.jdraw.Settings
DP jdomain.jdraw.action.DrawAction jdomain.jdraw.action.ExitAction jdomain.jdraw.action.LoseChanges
DP jdomain.jdraw.action.DrawAction jdomain.jdraw.action.ExitAction jdomain.jdraw.gui.MainFrame
DP jdomain.jdraw.action.DrawAction jdomain.jdraw.action.ReducePaletteColoursAction jdomain.jdraw.gui.ToolPanel
DP jdomain.jdraw.action.DrawAction jdomain.jdraw.action.ReducePaletteColoursAction jdomain.jdraw.gui.PixelTool
DP jdomain.jdraw.action.DrawAction jdomain.jdraw.action.SaveCompressedAction jdomain.jdraw.gui.MainFrame
DP jdomain.jdraw.action.DrawAction jdomain.jdraw.action.SetTextToolAction jdomain.jdraw.gui.TextFontDialog
DP jdomain.jdraw.action.DrawAction jdomain.jdraw.action.SetTextToolAction jdomain.jdraw.gui.ToolPanel
DP jdomain.jdraw.action.DrawAction jdomain.jdraw.action.SetTextToolAction jdomain.jdraw.gui.MainFrame
DP jdomain.jdraw.action.DrawAction jdomain.jdraw.action.SetTextToolAction jdomain.jdraw.gui.TextTool
DP jdomain.jdraw.action.DrawAction jdomain.jdraw.action.ScaleAction jdomain.jdraw.gui.undo.UndoManager
DP jdomain.jdraw.action.DrawAction jdomain.jdraw.action.ViewAnimationAction jdomain.jdraw.action.SaveAction
DP jdomain.jdraw.action.DrawAction jdomain.jdraw.action.ViewAnimationAction jdomain.jdraw.gui.MainFrame
DP jdomain.jdraw.action.DrawAction jdomain.jdraw.action.LoadAction jdomain.jdraw.action.SaveAction
DP jdomain.jdraw.action.DrawAction jdomain.jdraw.action.LoadAction jdomain.jdraw.Settings
DP jdomain.jdraw.action.DrawAction jdomain.jdraw.action.LoadAction jdomain.jdraw.gui.undo.UndoManager
DP jdomain.jdraw.action.DrawAction jdomain.jdraw.action.LoadAction jdomain.jdraw.action.ReopenAction
DP jdomain.jdraw.action.DrawAction jdomain.jdraw.action.LoadAction jdomain.jdraw.gui.ToolPanel
DP jdomain.jdraw.action.DrawAction jdomain.jdraw.action.LoadAction jdomain.jdraw.Main
DP jdomain.jdraw.action.DrawAction jdomain.jdraw.action.LoadAction jdomain.jdraw.action.SearchDialogAction
DP jdomain.jdraw.action.DrawAction jdomain.jdraw.action.LoadAction jdomain.jdraw.gui.MainFrame
DP jdomain.jdraw.action.DrawAction jdomain.jdraw.action.LoadAction jdomain.jdraw.gui.DrawBrowser
DP jdomain.jdraw.action.DrawAction jdomain.jdraw.action.LoadAction jdomain.jdraw.gui.PixelTool
DP jdomain.jdraw.action.DrawAction jdomain.jdraw.action.SettingsAction jdomain.jdraw.Settings
DP jdomain.jdraw.action.DrawAction jdomain.jdraw.action.InsertAction jdomain.jdraw.gui.undo.UndoManager
DP jdomain.jdraw.action.DrawAction jdomain.jdraw.action.InsertAction jdomain.jdraw.gui.ToolPanel
DP jdomain.jdraw.action.DrawAction jdomain.jdraw.action.InsertAction jdomain.jdraw.gui.MainFrame
DP jdomain.jdraw.action.DrawAction jdomain.jdraw.action.InsertAction jdomain.jdraw.gui.DrawBrowser
DP jdomain.jdraw.action.DrawAction jdomain.jdraw.action.InsertAction jdomain.jdraw.gui.PixelTool
DP jdomain.jdraw.action.DrawAction jdomain.jdraw.action.ResizeAction jdomain.jdraw.gui.undo.UndoManager
DP jdomain.jdraw.action.DrawAction jdomain.jdraw.action.ResizeAction jdomain.jdraw.gui.MainFrame
DP jdomain.jdraw.action.DrawAction jdomain.jdraw.action.RemoveColourAction jdomain.jdraw.gui.ToolPanel
DP jdomain.jdraw.action.DrawAction jdomain.jdraw.action.RemoveColourAction jdomain.jdraw.gui.PixelTool
DP jdomain.jdraw.action.DrawAction jdomain.jdraw.action.ReduceColoursAction jdomain.jdraw.gui.ToolPanel
DP jdomain.jdraw.action.DrawAction jdomain.jdraw.action.ReduceColoursAction jdomain.jdraw.gui.PixelTool
DP jdomain.jdraw.action.DrawAction jdomain.jdraw.action.CompressPaletteAction jdomain.jdraw.gui.ToolPanel
DP jdomain.jdraw.action.DrawAction jdomain.jdraw.action.CompressPaletteAction jdomain.jdraw.gui.PixelTool
DP jdomain.jdraw.action.DrawAction jdomain.jdraw.action.AnimTutorialAction jdomain.jdraw.action.AnimTutorialAction$Hyperactive
DP jdomain.jdraw.action.DrawAction jdomain.jdraw.action.AnimTutorialAction jdomain.jdraw.gui.MainFrame
DP jdomain.jdraw.action.DrawAction jdomain.jdraw.action.HelpAction jdomain.jdraw.action.HelpAction$Hyperactive
DP jdomain.jdraw.action.DrawAction jdomain.jdraw.action.HelpAction jdomain.jdraw.gui.MainFrame
DP jdomain.jdraw.action.DrawAction jdomain.jdraw.action.ToggleGridAction jdomain.jdraw.gui.FolderPanel
DP jdomain.jdraw.action.DrawAction jdomain.jdraw.action.RemoveFrameAction jdomain.util.Log
DP jdomain.jdraw.action.DrawAction jdomain.jdraw.action.NewAction jdomain.jdraw.gui.undo.UndoManager
DP jdomain.jdraw.action.DrawAction jdomain.jdraw.action.NewAction jdomain.jdraw.gui.ToolPanel
DP jdomain.jdraw.action.DrawAction jdomain.jdraw.action.NewAction jdomain.jdraw.action.LoseChanges
DP jdomain.jdraw.action.DrawAction jdomain.jdraw.action.NewAction jdomain.jdraw.gui.MainFrame
DP jdomain.jdraw.action.DrawAction jdomain.jdraw.action.NewAction jdomain.jdraw.gui.PixelTool
DP jdomain.jdraw.action.DrawAction jdomain.jdraw.action.SetFillToolAction jdomain.jdraw.gui.ToolPanel
DP jdomain.jdraw.action.DrawAction jdomain.jdraw.action.SetFillToolAction jdomain.jdraw.gui.FillTool
DP jdomain.jdraw.action.DrawAction jdomain.jdraw.action.SetFilledOvalToolAction jdomain.jdraw.gui.ToolPanel
DP jdomain.jdraw.action.DrawAction jdomain.jdraw.action.SetLineToolAction jdomain.jdraw.gui.ToolPanel
DP jdomain.jdraw.action.DrawAction jdomain.jdraw.action.SetRectangleToolAction jdomain.jdraw.gui.ToolPanel
DP jdomain.jdraw.action.DrawAction jdomain.jdraw.action.CropAction jdomain.jdraw.gui.undo.UndoManager
DP jdomain.jdraw.action.DrawAction jdomain.jdraw.action.CropAction jdomain.jdraw.gui.ToolPanel
DP jdomain.jdraw.action.DrawAction jdomain.jdraw.action.CropAction jdomain.jdraw.gui.PixelTool
DP jdomain.jdraw.action.DrawAction jdomain.jdraw.action.UndoAction jdomain.jdraw.gui.undo.UndoManager
DP jdomain.jdraw.action.DrawAction jdomain.jdraw.action.SetOvalToolAction jdomain.jdraw.gui.ToolPanel
DP jdomain.jdraw.action.DrawAction jdomain.jdraw.action.SaveAsAction jdomain.jdraw.action.SaveAction
DP jdomain.jdraw.action.DrawAction jdomain.jdraw.action.SaveAsAction jdomain.jdraw.gui.MainFrame
DP jdomain.jdraw.action.DrawAction jdomain.jdraw.action.SaveAsAction jdomain.jdraw.gui.DrawBrowser
DP jdomain.jdraw.action.DrawAction jdomain.jdraw.action.SetPixelToolAction jdomain.jdraw.gui.ToolPanel
DP jdomain.jdraw.action.DrawAction jdomain.jdraw.action.SetPixelToolAction jdomain.jdraw.gui.PixelTool
DP jdomain.jdraw.action.DrawAction jdomain.jdraw.action.ToggleGradientFillAction jdomain.jdraw.gui.ToolPanel
DP jdomain.jdraw.action.DrawAction jdomain.jdraw.action.ToggleGradientFillAction jdomain.jdraw.gui.Tool
DP jdomain.jdraw.action.DrawAction jdomain.jdraw.action.SearchDialogAction jdomain.jdraw.action.LoseChanges
DP jdomain.jdraw.action.DrawAction jdomain.jdraw.action.SetFilledRectangleToolAction jdomain.jdraw.gui.ToolPanel
DP jdomain.jdraw.action.DrawAction jdomain.jdraw.action.RedoAction jdomain.jdraw.gui.undo.UndoManager
DP jdomain.jdraw.action.DrawAction jdomain.jdraw.action.ToggleViewsAction jdomain.jdraw.gui.MainFrame
DP jdomain.jdraw.action.DrawAction jdomain.jdraw.action.ToggleAntialiasAction jdomain.jdraw.action.SetTextToolAction
DP jdomain.jdraw.action.DrawAction jdomain.jdraw.action.ToggleAntialiasAction jdomain.jdraw.gui.ToolPanel
DP jdomain.jdraw.action.DrawAction jdomain.jdraw.action.ToggleAntialiasAction jdomain.jdraw.gui.Tool
DP jdomain.jdraw.action.DrawAction jdomain.jdraw.action.SetColourPickerToolAction jdomain.jdraw.gui.ToolPanel
DP jdomain.jdraw.action.DrawAction jdomain.jdraw.action.SetClipToolAction jdomain.jdraw.gui.ToolPanel
DP jdomain.jdraw.action.DrawAction jdomain.jdraw.action.ToggleLocalPaletteAction jdomain.jdraw.gui.FolderPanel
DP jdomain.jdraw.gui.DrawDialog jdomain.jdraw.gui.ToleranceDialog jdomain.util.gui.WidgetFactory
DP jdomain.jdraw.gui.DrawDialog jdomain.jdraw.gui.ToleranceDialog jdomain.jdraw.action.SetToleranceAction
DP jdomain.jdraw.gui.DrawDialog jdomain.jdraw.gui.ToleranceDialog jdomain.jdraw.gui.FillTool
DP jdomain.jdraw.gui.DrawDialog jdomain.jdraw.gui.FrameSettingsDialog jdomain.jdraw.action.EditFrameSettingsAction
DP jdomain.jdraw.gui.DrawDialog jdomain.jdraw.gui.FrameSettingsDialog jdomain.jdraw.gui.FrameSettingsDialog$FrameEntryRenderer
DP jdomain.jdraw.gui.DrawDialog jdomain.jdraw.gui.FrameSettingsDialog jdomain.jdraw.gui.FrameSettingsDialog$FrameEntry
DP jdomain.jdraw.gui.DrawDialog jdomain.jdraw.gui.ScaleDialog jdomain.jdraw.action.ScaleAction
DP jdomain.jdraw.gui.DrawDialog jdomain.jdraw.gui.ScaleDialog jdomain.util.gui.WidgetFactory
DP jdomain.jdraw.gui.DrawDialog jdomain.jdraw.gui.AboutDialog jdomain.jdraw.action.AboutAction
DP jdomain.jdraw.gui.DrawDialog jdomain.jdraw.gui.AboutDialog jdomain.jdraw.gui.MainFrame
DP jdomain.jdraw.gui.DrawDialog jdomain.jdraw.gui.RotateDialog jdomain.jdraw.action.RotateAction
DP jdomain.jdraw.gui.DrawDialog jdomain.jdraw.gui.RotateDialog jdomain.util.gui.WidgetFactory
DP jdomain.jdraw.gui.DrawDialog jdomain.jdraw.gui.SizeDialog jdomain.jdraw.action.ResizeAction
DP jdomain.jdraw.gui.DrawDialog jdomain.jdraw.gui.ColourEditor jdomain.jdraw.action.EditColourAction
DP jdomain.jdraw.gui.DrawDialog jdomain.jdraw.gui.ColourEditor jdomain.jdraw.gui.GradientPanel$MListener
DP jdomain.jdraw.gui.DrawDialog jdomain.jdraw.gui.ColourEditor jdomain.jdraw.gui.ColourEditor$HexChooserPanel
DP jdomain.jdraw.gui.DrawDialog jdomain.jdraw.gui.ColourEditor jdomain.jdraw.gui.ColourEditor$AlphaChooserPanel
DP jdomain.jdraw.gui.DrawDialog jdomain.jdraw.gui.ColourEditor jdomain.jdraw.gui.ColourEditor$PreviewPanel
DP jdomain.jdraw.gui.DrawDialog jdomain.jdraw.gui.GrayScaleDialog jdomain.jdraw.action.GrayScaleAction
DP jdomain.jdraw.gui.DrawDialog jdomain.jdraw.gui.SettingsDialog jdomain.jdraw.action.SettingsAction
DP jdomain.jdraw.gui.DrawDialog jdomain.jdraw.gui.SettingsDialog jdomain.util.gui.WidgetFactory
DP jdomain.jdraw.gui.DrawDialog jdomain.jdraw.gui.SettingsDialog jdomain.jdraw.Settings
DP jdomain.jdraw.gui.DrawDialog jdomain.jdraw.gui.SettingsDialog jdomain.jdraw.gui.MainFrame
DP jdomain.jdraw.gui.DrawDialog jdomain.jdraw.gui.SettingsDialog jdomain.jdraw.gui.FillTool
DP jdomain.util.gui.BackgroundPanel jdomain.jdraw.gui.ColourPanel jdomain.jdraw.gui.PalettePanel
DP jdomain.util.gui.BackgroundPanel jdomain.jdraw.gui.FramePanel jdomain.jdraw.gui.PreviewPanel
DP jdomain.util.gui.BackgroundPanel jdomain.jdraw.gui.FramePanel jdomain.jdraw.gui.Dispatcher
DP jdomain.util.gui.BackgroundPanel jdomain.jdraw.gui.FramePanel jdomain.jdraw.gui.MouseHandler
DP jdomain.util.gui.BackgroundPanel jdomain.jdraw.gui.FramePanel jdomain.jdraw.gui.Tool
DP jdomain.util.gui.BackgroundPanel jdomain.jdraw.gui.FramePanel jdomain.jdraw.action.CropAction
DP jdomain.util.gui.BackgroundPanel jdomain.jdraw.gui.FramePanel jdomain.jdraw.action.FlipClipHorizontallyAction
DP jdomain.util.gui.BackgroundPanel jdomain.jdraw.gui.FramePanel jdomain.jdraw.action.ToggleTransparencyAction
DP jdomain.util.gui.BackgroundPanel jdomain.jdraw.gui.FramePanel jdomain.jdraw.action.RotateClipAction
DP jdomain.util.gui.BackgroundPanel jdomain.jdraw.gui.FramePanel jdomain.jdraw.action.FlipClipVerticallyAction
DP jdomain.util.gui.BackgroundPanel jdomain.jdraw.gui.FramePanel jdomain.jdraw.gui.undo.DrawFill
DP jdomain.util.gui.BackgroundPanel jdomain.jdraw.gui.FramePanel jdomain.jdraw.gui.FolderPanel
DP jdomain.util.gui.FileBrowser jdomain.jdraw.gui.DrawBrowser jdomain.jdraw.gui.SearchFrame
DP jdomain.util.gui.FileBrowser jdomain.jdraw.gui.DrawBrowser jdomain.jdraw.action.LoadAction
DP jdomain.util.gui.FileBrowser jdomain.jdraw.gui.DrawBrowser jdomain.jdraw.action.InsertAction
DP jdomain.util.gui.FileBrowser jdomain.jdraw.gui.DrawBrowser jdomain.jdraw.Settings
DP jdomain.util.gui.FileBrowser jdomain.jdraw.gui.DrawBrowser jdomain.jdraw.Main
DP jdomain.util.gui.FileBrowser jdomain.jdraw.gui.DrawBrowser jdomain.jdraw.action.SaveAsAction
DP jdomain.util.gui.FileBrowser jdomain.jdraw.gui.DrawBrowser jdomain.jdraw.gui.MainFrame
DP jdomain.jdraw.gui.FloatingClip jdomain.jdraw.gui.InfoClip jdomain.jdraw.gui.MouseHandler
DP jdomain.jdraw.gui.FloatingClip jdomain.jdraw.gui.InfoClip jdomain.jdraw.gui.MainFrame
DP jdomain.jdraw.gui.FloatingClip jdomain.jdraw.gui.InfoClip jdomain.jdraw.gui.DrawLayers
DP jdomain.jdraw.gui.FloatingClip jdomain.jdraw.gui.ClipPanel jdomain.jdraw.gui.undo.UndoManager
DP jdomain.jdraw.gui.FloatingClip jdomain.jdraw.gui.ClipPanel jdomain.jdraw.action.CropAction
DP jdomain.jdraw.gui.FloatingClip jdomain.jdraw.gui.ClipPanel jdomain.jdraw.action.FlipClipHorizontallyAction
DP jdomain.jdraw.gui.FloatingClip jdomain.jdraw.gui.ClipPanel jdomain.jdraw.action.RotateClipAction
DP jdomain.jdraw.gui.FloatingClip jdomain.jdraw.gui.ClipPanel jdomain.jdraw.action.FlipClipVerticallyAction
DP jdomain.jdraw.gui.FloatingClip jdomain.jdraw.gui.ClipPanel jdomain.jdraw.gui.MainFrame
DP jdomain.jdraw.gui.FloatingClip jdomain.jdraw.gui.ClipPanel jdomain.jdraw.gui.DrawLayers
DP jdomain.jdraw.gui.FloatingClip jdomain.jdraw.gui.ClipPanel jdomain.jdraw.gui.ClipTool
DP jdomain.jdraw.gui.FloatingClip jdomain.jdraw.gui.ClipPanel jdomain.jdraw.gui.TextTool
DP jdomain.jdraw.gui.RectangularSelectionTool jdomain.jdraw.gui.OvalTool jdomain.jdraw.gui.undo.UndoManager
DP jdomain.jdraw.gui.RectangularSelectionTool jdomain.jdraw.gui.OvalTool jdomain.jdraw.action.SetFilledOvalToolAction
DP jdomain.jdraw.gui.RectangularSelectionTool jdomain.jdraw.gui.OvalTool jdomain.jdraw.action.SetOvalToolAction
DP jdomain.jdraw.gui.RectangularSelectionTool jdomain.jdraw.gui.LineTool jdomain.jdraw.gui.undo.UndoManager
DP jdomain.jdraw.gui.RectangularSelectionTool jdomain.jdraw.gui.LineTool jdomain.jdraw.action.SetLineToolAction
DP jdomain.jdraw.gui.RectangularSelectionTool jdomain.jdraw.gui.ClipTool jdomain.jdraw.gui.MouseHandler
DP jdomain.jdraw.gui.RectangularSelectionTool jdomain.jdraw.gui.ClipTool jdomain.jdraw.action.SetClipToolAction
DP jdomain.jdraw.gui.RectangularSelectionTool jdomain.jdraw.gui.ClipTool jdomain.jdraw.gui.MainFrame
DP jdomain.jdraw.gui.RectangularSelectionTool jdomain.jdraw.gui.TextTool jdomain.jdraw.action.SetTextToolAction
DP jdomain.jdraw.gui.RectangularSelectionTool jdomain.jdraw.gui.TextTool jdomain.jdraw.gui.GradientPanel
DP jdomain.jdraw.gui.RectangularSelectionTool jdomain.jdraw.gui.TextTool jdomain.jdraw.gui.MouseHandler
DP jdomain.jdraw.gui.RectangularSelectionTool jdomain.jdraw.gui.TextTool jdomain.jdraw.gui.MainFrame
DP jdomain.jdraw.gui.RectangularSelectionTool jdomain.jdraw.gui.TextTool jdomain.jdraw.gui.undo.DrawClip
DP jdomain.jdraw.gui.RectangularSelectionTool jdomain.jdraw.gui.TextTool jdomain.jdraw.gui.FolderPanel
DP jdomain.jdraw.gui.RectangularSelectionTool jdomain.jdraw.gui.RectangleTool jdomain.jdraw.gui.undo.UndoManager
DP jdomain.jdraw.gui.RectangularSelectionTool jdomain.jdraw.gui.RectangleTool jdomain.jdraw.action.SetRectangleToolAction
DP jdomain.jdraw.gui.RectangularSelectionTool jdomain.jdraw.gui.RectangleTool jdomain.jdraw.action.SetFilledRectangleToolAction
