// originator memento caretaker 
DP ajp_code.mediator.MediatorGui$WindowCloseManager ajp_code.mediator.MediatorGui$WindowCloseManager ajp_code.mediator.MediatorGui
DP ajp_code.mediator.MediatorGui$WindowCloseManager ajp_code.mediator.ContactMediator ajp_code.mediator.MediatorGui
DP ajp_code.mediator.MediatorGui$WindowCloseManager ajp_code.mediator.ContactDisplayPanel ajp_code.mediator.MediatorGui
DP ajp_code.mediator.MediatorGui$WindowCloseManager ajp_code.mediator.ContactSelectorPanel ajp_code.mediator.MediatorGui
DP ajp_code.mediator.MediatorGui$WindowCloseManager ajp_code.mediator.ContactEditorPanel ajp_code.mediator.MediatorGui
DP ajp_code.mediator.ContactImpl ajp_code.mediator.ContactImpl ajp_code.mediator.ContactMediatorImpl
DP ajp_code.mediator.ContactImpl ajp_code.mediator.ContactImpl ajp_code.mediator.RunPattern
DP ajp_code.mediator.ContactImpl ajp_code.mediator.ContactMediatorImpl ajp_code.mediator.RunPattern
DP ajp_code.mediator.ContactImpl ajp_code.mediator.Contact ajp_code.mediator.ContactMediatorImpl
DP ajp_code.mediator.ContactImpl ajp_code.mediator.Contact ajp_code.mediator.RunPattern
DP ajp_code.mediator.ContactImpl ajp_code.mediator.MediatorGui ajp_code.mediator.RunPattern
DP ajp_code.mediator.ContactImpl ajp_code.mediator.ContactDisplayPanel ajp_code.mediator.ContactMediatorImpl
DP ajp_code.mediator.ContactImpl ajp_code.mediator.ContactSelectorPanel ajp_code.mediator.ContactMediatorImpl
DP ajp_code.mediator.ContactImpl ajp_code.mediator.ContactEditorPanel ajp_code.mediator.ContactMediatorImpl
DP ajp_code.mediator.ContactMediatorImpl ajp_code.mediator.ContactImpl ajp_code.mediator.RunPattern
DP ajp_code.mediator.ContactMediatorImpl ajp_code.mediator.ContactMediatorImpl ajp_code.mediator.RunPattern
DP ajp_code.mediator.ContactMediatorImpl ajp_code.mediator.Contact ajp_code.mediator.RunPattern
DP ajp_code.mediator.ContactMediatorImpl ajp_code.mediator.MediatorGui ajp_code.mediator.RunPattern
DP ajp_code.mediator.Contact ajp_code.mediator.ContactImpl ajp_code.mediator.ContactMediatorImpl
DP ajp_code.mediator.Contact ajp_code.mediator.ContactImpl ajp_code.mediator.RunPattern
DP ajp_code.mediator.Contact ajp_code.mediator.ContactMediatorImpl ajp_code.mediator.RunPattern
DP ajp_code.mediator.Contact ajp_code.mediator.Contact ajp_code.mediator.ContactMediatorImpl
DP ajp_code.mediator.Contact ajp_code.mediator.Contact ajp_code.mediator.RunPattern
DP ajp_code.mediator.Contact ajp_code.mediator.Contact ajp_code.mediator.ContactDisplayPanel
DP ajp_code.mediator.Contact ajp_code.mediator.Contact ajp_code.mediator.ContactSelectorPanel
DP ajp_code.mediator.Contact ajp_code.mediator.Contact ajp_code.mediator.ContactEditorPanel
DP ajp_code.mediator.Contact ajp_code.mediator.MediatorGui ajp_code.mediator.RunPattern
DP ajp_code.mediator.Contact ajp_code.mediator.ContactMediator ajp_code.mediator.ContactDisplayPanel
DP ajp_code.mediator.Contact ajp_code.mediator.ContactMediator ajp_code.mediator.ContactSelectorPanel
DP ajp_code.mediator.Contact ajp_code.mediator.ContactMediator ajp_code.mediator.ContactEditorPanel
DP ajp_code.mediator.Contact ajp_code.mediator.ContactDisplayPanel ajp_code.mediator.ContactMediatorImpl
DP ajp_code.mediator.Contact ajp_code.mediator.ContactSelectorPanel ajp_code.mediator.ContactMediatorImpl
DP ajp_code.mediator.Contact ajp_code.mediator.ContactEditorPanel ajp_code.mediator.ContactMediatorImpl
DP ajp_code.mediator.MediatorGui ajp_code.mediator.ContactImpl ajp_code.mediator.RunPattern
DP ajp_code.mediator.MediatorGui ajp_code.mediator.ContactMediatorImpl ajp_code.mediator.RunPattern
DP ajp_code.mediator.MediatorGui ajp_code.mediator.Contact ajp_code.mediator.RunPattern
DP ajp_code.mediator.MediatorGui ajp_code.mediator.MediatorGui ajp_code.mediator.MediatorGui$WindowCloseManager
DP ajp_code.mediator.MediatorGui ajp_code.mediator.MediatorGui ajp_code.mediator.RunPattern
DP ajp_code.mediator.ContactMediator ajp_code.mediator.MediatorGui$WindowCloseManager ajp_code.mediator.MediatorGui
DP ajp_code.mediator.ContactMediator ajp_code.mediator.Contact ajp_code.mediator.ContactDisplayPanel
DP ajp_code.mediator.ContactMediator ajp_code.mediator.Contact ajp_code.mediator.ContactSelectorPanel
DP ajp_code.mediator.ContactMediator ajp_code.mediator.Contact ajp_code.mediator.ContactEditorPanel
DP ajp_code.mediator.ContactMediator ajp_code.mediator.ContactMediator ajp_code.mediator.MediatorGui
DP ajp_code.mediator.ContactMediator ajp_code.mediator.ContactMediator ajp_code.mediator.ContactDisplayPanel
DP ajp_code.mediator.ContactMediator ajp_code.mediator.ContactMediator ajp_code.mediator.ContactSelectorPanel
DP ajp_code.mediator.ContactMediator ajp_code.mediator.ContactMediator ajp_code.mediator.ContactEditorPanel
DP ajp_code.mediator.ContactMediator ajp_code.mediator.ContactDisplayPanel ajp_code.mediator.MediatorGui
DP ajp_code.mediator.ContactMediator ajp_code.mediator.ContactSelectorPanel ajp_code.mediator.MediatorGui
DP ajp_code.mediator.ContactMediator ajp_code.mediator.ContactEditorPanel ajp_code.mediator.MediatorGui
DP ajp_code.mediator.ContactDisplayPanel ajp_code.mediator.MediatorGui$WindowCloseManager ajp_code.mediator.MediatorGui
DP ajp_code.mediator.ContactDisplayPanel ajp_code.mediator.ContactImpl ajp_code.mediator.ContactMediatorImpl
DP ajp_code.mediator.ContactDisplayPanel ajp_code.mediator.Contact ajp_code.mediator.ContactMediatorImpl
DP ajp_code.mediator.ContactDisplayPanel ajp_code.mediator.ContactMediator ajp_code.mediator.MediatorGui
DP ajp_code.mediator.ContactDisplayPanel ajp_code.mediator.ContactDisplayPanel ajp_code.mediator.ContactMediatorImpl
DP ajp_code.mediator.ContactDisplayPanel ajp_code.mediator.ContactDisplayPanel ajp_code.mediator.MediatorGui
DP ajp_code.mediator.ContactDisplayPanel ajp_code.mediator.ContactSelectorPanel ajp_code.mediator.ContactMediatorImpl
DP ajp_code.mediator.ContactDisplayPanel ajp_code.mediator.ContactSelectorPanel ajp_code.mediator.MediatorGui
DP ajp_code.mediator.ContactDisplayPanel ajp_code.mediator.ContactEditorPanel ajp_code.mediator.ContactMediatorImpl
DP ajp_code.mediator.ContactDisplayPanel ajp_code.mediator.ContactEditorPanel ajp_code.mediator.MediatorGui
DP ajp_code.mediator.ContactSelectorPanel ajp_code.mediator.MediatorGui$WindowCloseManager ajp_code.mediator.MediatorGui
DP ajp_code.mediator.ContactSelectorPanel ajp_code.mediator.ContactImpl ajp_code.mediator.ContactMediatorImpl
DP ajp_code.mediator.ContactSelectorPanel ajp_code.mediator.Contact ajp_code.mediator.ContactMediatorImpl
DP ajp_code.mediator.ContactSelectorPanel ajp_code.mediator.ContactMediator ajp_code.mediator.MediatorGui
DP ajp_code.mediator.ContactSelectorPanel ajp_code.mediator.ContactDisplayPanel ajp_code.mediator.ContactMediatorImpl
DP ajp_code.mediator.ContactSelectorPanel ajp_code.mediator.ContactDisplayPanel ajp_code.mediator.MediatorGui
DP ajp_code.mediator.ContactSelectorPanel ajp_code.mediator.ContactSelectorPanel ajp_code.mediator.ContactMediatorImpl
DP ajp_code.mediator.ContactSelectorPanel ajp_code.mediator.ContactSelectorPanel ajp_code.mediator.MediatorGui
DP ajp_code.mediator.ContactSelectorPanel ajp_code.mediator.ContactEditorPanel ajp_code.mediator.ContactMediatorImpl
DP ajp_code.mediator.ContactSelectorPanel ajp_code.mediator.ContactEditorPanel ajp_code.mediator.MediatorGui
DP ajp_code.mediator.ContactEditorPanel ajp_code.mediator.MediatorGui$WindowCloseManager ajp_code.mediator.MediatorGui
DP ajp_code.mediator.ContactEditorPanel ajp_code.mediator.ContactImpl ajp_code.mediator.ContactMediatorImpl
DP ajp_code.mediator.ContactEditorPanel ajp_code.mediator.Contact ajp_code.mediator.ContactMediatorImpl
DP ajp_code.mediator.ContactEditorPanel ajp_code.mediator.ContactMediator ajp_code.mediator.MediatorGui
DP ajp_code.mediator.ContactEditorPanel ajp_code.mediator.ContactDisplayPanel ajp_code.mediator.ContactMediatorImpl
DP ajp_code.mediator.ContactEditorPanel ajp_code.mediator.ContactDisplayPanel ajp_code.mediator.MediatorGui
DP ajp_code.mediator.ContactEditorPanel ajp_code.mediator.ContactSelectorPanel ajp_code.mediator.ContactMediatorImpl
DP ajp_code.mediator.ContactEditorPanel ajp_code.mediator.ContactSelectorPanel ajp_code.mediator.MediatorGui
DP ajp_code.mediator.ContactEditorPanel ajp_code.mediator.ContactEditorPanel ajp_code.mediator.ContactMediatorImpl
DP ajp_code.mediator.ContactEditorPanel ajp_code.mediator.ContactEditorPanel ajp_code.mediator.MediatorGui
